2025-12-30 07:26:54,986 [INFO] Activator:176 - 


2025-12-30 07:26:54,991 [INFO] Activator:177 - !SESSION log4j initialized
2025-12-30 07:27:05,111 [INFO] LogOutputStream:77 - [STDOUT_REDIRECT] 
2025-12-30 07:27:06,241 [INFO] ApplicationProperties:184 - Using Application install path: /opt/st/stm32cubeide_1.19.0/plugins/com.st.stm32cube.common.mx_6.15.0.202507011659
2025-12-30 07:27:06,260 [INFO] DbMcusXml:78 - Set database path to: /opt/st/stm32cubeide_1.19.0/plugins/com.st.stm32cube.common.mx_6.15.0.202507011659//db//mcu/
2025-12-30 07:27:06,260 [INFO] ApiDb:274 - Set plugin database path to: /opt/st/stm32cubeide_1.19.0/plugins/com.st.stm32cube.common.mx_6.15.0.202507011659//db//plugins/boardmanager/
2025-12-30 07:27:06,260 [WARN] ApiDb:259 - Overriding images path with different value:  => /opt/st/stm32cubeide_1.19.0/plugins/com.st.stm32cube.common.mx_6.15.0.202507011659//db//plugins/mcufinder/images/
2025-12-30 07:27:06,270 [INFO] ApiDb:250 - Set database path to: /home/etienne.lima/.stmcufinder/plugins/mcufinder//mcu/
2025-12-30 07:27:06,271 [INFO] DbMcusAds:125 - Set database path to: /home/etienne.lima/.stmcufinder/plugins/mcufinder//mcu/
2025-12-30 07:27:06,274 [INFO] CrossReferenceDbSqlite:203 - Set database path to: /home/etienne.lima/.stmcufinder/plugins/mcufinder//mcu/cs/
2025-12-30 07:27:06,393 [INFO] RulesReader:64 - Compatibility file has been processed (317 Rules)
2025-12-30 07:27:06,496 [INFO] DbMcusXml:78 - Set database path to: /opt/st/stm32cubeide_1.19.0/plugins/com.st.stm32cube.common.mx_6.15.0.202507011659//db//mcu/
2025-12-30 07:27:06,496 [INFO] ApiDb:274 - Set plugin database path to: /opt/st/stm32cubeide_1.19.0/plugins/com.st.stm32cube.common.mx_6.15.0.202507011659//db//plugins/boardmanager/
2025-12-30 07:27:06,496 [INFO] ApiDb:261 - Set plugin images path to: /opt/st/stm32cubeide_1.19.0/plugins/com.st.stm32cube.common.mx_6.15.0.202507011659//db//plugins/mcufinder/images/
2025-12-30 07:27:06,497 [WARN] DbFile:41 - Overriding database path with different value: /home/etienne.lima/.stmcufinder/plugins/mcufinder/ => /home/etienne.lima/.stmcufinder/plugins/mcufinder
2025-12-30 07:27:06,497 [INFO] ApiDb:250 - Set database path to: /home/etienne.lima/.stmcufinder/plugins/mcufinder//mcu/
2025-12-30 07:27:06,497 [WARN] DbFile:41 - Overriding database path with different value: /home/etienne.lima/.stmcufinder/plugins/mcufinder/ => /home/etienne.lima/.stmcufinder/plugins/mcufinder
2025-12-30 07:27:06,497 [INFO] DbMcusAds:125 - Set database path to: /home/etienne.lima/.stmcufinder/plugins/mcufinder//mcu/
2025-12-30 07:27:06,497 [WARN] DbFile:41 - Overriding database path with different value: /home/etienne.lima/.stmcufinder/plugins/mcufinder/ => /home/etienne.lima/.stmcufinder/plugins/mcufinder
2025-12-30 07:27:06,497 [WARN] DbFile:41 - Overriding database path with different value: /home/etienne.lima/.stmcufinder/plugins/mcufinder/ => /home/etienne.lima/.stmcufinder/plugins/mcufinder
2025-12-30 07:27:06,498 [INFO] CrossReferenceDbSqlite:203 - Set database path to: /home/etienne.lima/.stmcufinder/plugins/mcufinder//mcu/cs/
2025-12-30 07:27:06,608 [INFO] MainPanel:274 - HeapMemory: 268435456
2025-12-30 07:27:06,760 [INFO] DbMcusXml:78 - Set database path to: /opt/st/stm32cubeide_1.19.0/plugins/com.st.stm32cube.common.mx_6.15.0.202507011659//db//mcu/
2025-12-30 07:27:06,760 [INFO] ApiDb:274 - Set plugin database path to: /opt/st/stm32cubeide_1.19.0/plugins/com.st.stm32cube.common.mx_6.15.0.202507011659//db//plugins/boardmanager/
2025-12-30 07:27:06,760 [INFO] ApiDb:261 - Set plugin images path to: /opt/st/stm32cubeide_1.19.0/plugins/com.st.stm32cube.common.mx_6.15.0.202507011659//db//plugins/mcufinder/images/
2025-12-30 07:27:06,761 [WARN] DbFile:41 - Overriding database path with different value: /home/etienne.lima/.stmcufinder/plugins/mcufinder/ => /home/etienne.lima/.stmcufinder/plugins/mcufinder
2025-12-30 07:27:06,761 [INFO] ApiDb:250 - Set database path to: /home/etienne.lima/.stmcufinder/plugins/mcufinder//mcu/
2025-12-30 07:27:06,761 [WARN] DbFile:41 - Overriding database path with different value: /home/etienne.lima/.stmcufinder/plugins/mcufinder/ => /home/etienne.lima/.stmcufinder/plugins/mcufinder
2025-12-30 07:27:06,761 [INFO] DbMcusAds:125 - Set database path to: /home/etienne.lima/.stmcufinder/plugins/mcufinder//mcu/
2025-12-30 07:27:06,761 [WARN] DbFile:41 - Overriding database path with different value: /home/etienne.lima/.stmcufinder/plugins/mcufinder/ => /home/etienne.lima/.stmcufinder/plugins/mcufinder
2025-12-30 07:27:06,761 [WARN] DbFile:41 - Overriding database path with different value: /home/etienne.lima/.stmcufinder/plugins/mcufinder/ => /home/etienne.lima/.stmcufinder/plugins/mcufinder
2025-12-30 07:27:06,761 [INFO] CrossReferenceDbSqlite:203 - Set database path to: /home/etienne.lima/.stmcufinder/plugins/mcufinder//mcu/cs/
2025-12-30 07:27:06,783 [INFO] ApplicationProperties:184 - Using Application install path: /opt/st/stm32cubeide_1.19.0/plugins/com.st.stm32cube.common.mx_6.15.0.202507011659
2025-12-30 07:27:06,784 [INFO] PluginManage:196 - Search for loadable plugins [exclusion list=, ]
2025-12-30 07:27:06,785 [INFO] PluginManage:310 - Check plugin analytics
2025-12-30 07:27:06,973 [INFO] AnalyticsPlugin:253 - Accepted Software Licenses: 
2025-12-30 07:27:06,973 [INFO] AnalyticsPlugin:255 - Accepted CMSIS Pack Licenses: 
2025-12-30 07:27:06,973 [INFO] AnalyticsPlugin:257 - Accepted Firmware Licenses: FW.F4.1.28.0,FW.F4.1.27.0,FW.C0.1.4.0,FW.WB.1.23.0,FW.WL.1.3.0,FW.L4.1.18.0
2025-12-30 07:27:06,977 [INFO] PluginManage:359 - Loaded plugin analytics (category:tool,tabindex:-1)
2025-12-30 07:27:06,977 [INFO] PluginManage:310 - Check plugin cadmodel
2025-12-30 07:27:06,983 [INFO] CADModel:105 - Init CAD model plugin
2025-12-30 07:27:06,984 [INFO] PluginManage:359 - Loaded plugin cadmodel (category:power,tabindex:5)
2025-12-30 07:27:06,984 [INFO] PluginManage:310 - Check plugin clock
2025-12-30 07:27:06,994 [INFO] PluginManage:359 - Loaded plugin clock (category:base,tabindex:2)
2025-12-30 07:27:06,994 [INFO] PluginManage:310 - Check plugin ddr
2025-12-30 07:27:06,997 [INFO] PluginManage:359 - Loaded plugin ddr (category:tool,tabindex:6)
2025-12-30 07:27:06,997 [INFO] PluginManage:310 - Check plugin filemanager
2025-12-30 07:27:07,269 [INFO] PluginManage:359 - Loaded plugin filemanager (category:base,tabindex:10)
2025-12-30 07:27:07,270 [INFO] PluginManage:310 - Check plugin ipmanager
2025-12-30 07:27:07,278 [INFO] PluginManage:359 - Loaded plugin ipmanager (category:base,tabindex:5)
2025-12-30 07:27:07,279 [INFO] PluginManage:310 - Check plugin lpbam
2025-12-30 07:27:07,292 [INFO] PluginManage:359 - Loaded plugin lpbam (category:base,tabindex:0)
2025-12-30 07:27:07,293 [INFO] PluginManage:310 - Check plugin memorymap
2025-12-30 07:27:07,307 [INFO] PluginManage:359 - Loaded plugin memorymap (category:base,tabindex:4)
2025-12-30 07:27:07,308 [INFO] PluginManage:310 - Check plugin pinoutandconfiguration
2025-12-30 07:27:07,317 [INFO] PluginManage:359 - Loaded plugin pinoutandconfiguration (category:base,tabindex:1)
2025-12-30 07:27:07,317 [INFO] PluginManage:310 - Check plugin pinoutconfig
2025-12-30 07:27:07,441 [WARN] SupportedApi:132 - Cannot load RTOS API schema: s4s-elt-must-match.1: The content of 'definitions' must match (annotation?, (simpleType | complexType)?, (unique | key | keyref)*)). A problem was found starting at: attribute.
2025-12-30 07:27:07,652 [INFO] PluginManage:359 - Loaded plugin pinoutconfig (category:base,tabindex:0)
2025-12-30 07:27:07,653 [INFO] PluginManage:310 - Check plugin power
2025-12-30 07:27:07,674 [INFO] PluginManage:359 - Loaded plugin power (category:power,tabindex:4)
2025-12-30 07:27:07,674 [INFO] PluginManage:310 - Check plugin projectmanager
2025-12-30 07:27:07,695 [INFO] PluginManage:359 - Loaded plugin projectmanager (category:projectmanager,tabindex:4)
2025-12-30 07:27:07,695 [INFO] PluginManage:310 - Check plugin rif
2025-12-30 07:27:07,707 [INFO] PluginManage:359 - Loaded plugin rif (category:base,tabindex:3)
2025-12-30 07:27:07,708 [INFO] PluginManage:310 - Check plugin thirdparty
2025-12-30 07:27:07,881 [WARN] IntegrityCheckThread:84 - waiting for thirdparty lock release [integrity check]
2025-12-30 07:27:07,881 [INFO] PluginManage:359 - Loaded plugin thirdparty (category:base,tabindex:-1)
2025-12-30 07:27:07,882 [INFO] IntegrityCheckThread:86 - entering critical section [integrity check]
2025-12-30 07:27:07,882 [INFO] PluginManage:310 - Check plugin tools
2025-12-30 07:27:07,883 [INFO] ThirdPartyUpdaterWithRetryManager:70 - Updater plugin not ready yet. [1/15]
2025-12-30 07:27:07,885 [INFO] PluginManage:359 - Loaded plugin tools (category:base,tabindex:7)
2025-12-30 07:27:07,886 [INFO] PluginManage:310 - Check plugin tutovideos
2025-12-30 07:27:08,168 [INFO] PluginManage:359 - Loaded plugin tutovideos (category:base,tabindex:-1)
2025-12-30 07:27:08,168 [INFO] PluginManage:310 - Check plugin updater
2025-12-30 07:27:08,198 [INFO] PluginManage:359 - Loaded plugin updater (category:base,tabindex:12)
2025-12-30 07:27:08,198 [INFO] PluginManage:310 - Check plugin userauth
2025-12-30 07:27:08,205 [INFO] UserAuth:118 - Init User Auth plugin
2025-12-30 07:27:08,206 [INFO] PluginManage:359 - Loaded plugin userauth (category:base,tabindex:14)
2025-12-30 07:27:08,206 [INFO] PluginManage:283 - PluginManage : Loaded plugins [18]
2025-12-30 07:27:08,527 [INFO] PinOutPanel:1589 - setPackage(No Configuration,No Configuration)
2025-12-30 07:27:08,708 [INFO] CADModel:165 - CPN selected for project level
2025-12-30 07:27:08,709 [INFO] CADModel:114 - Register for checkConnection events
2025-12-30 07:27:08,747 [INFO] IPUIPlugin:80 - create IPUIPlugin
2025-12-30 07:27:08,747 [INFO] PluginManager:220 - loadIPPluginJar : add ddr_ctrl_phy
2025-12-30 07:27:08,752 [INFO] IPUIPlugin:80 - create IPUIPlugin
2025-12-30 07:27:08,752 [INFO] PluginManager:220 - loadIPPluginJar : add sai
2025-12-30 07:27:08,755 [INFO] IPUIPlugin:80 - create IPUIPlugin
2025-12-30 07:27:08,758 [INFO] PluginManager:220 - loadIPPluginJar : add fatfs
2025-12-30 07:27:08,763 [INFO] IPUIPlugin:80 - create IPUIPlugin
2025-12-30 07:27:08,764 [INFO] PluginManager:220 - loadIPPluginJar : add gfxmmu
2025-12-30 07:27:08,767 [INFO] IPUIPlugin:80 - create IPUIPlugin
2025-12-30 07:27:08,768 [INFO] PluginManager:220 - loadIPPluginJar : add quadspi
2025-12-30 07:27:08,772 [INFO] IPUIPlugin:80 - create IPUIPlugin
2025-12-30 07:27:08,772 [INFO] PluginManager:220 - loadIPPluginJar : add spi
2025-12-30 07:27:08,780 [INFO] IPUIPlugin:80 - create IPUIPlugin
2025-12-30 07:27:08,781 [INFO] PluginManager:220 - loadIPPluginJar : add opamp
2025-12-30 07:27:08,789 [INFO] IPUIPlugin:80 - create IPUIPlugin
2025-12-30 07:27:08,789 [INFO] PluginManager:220 - loadIPPluginJar : add usbx
2025-12-30 07:27:08,802 [INFO] IPUIPlugin:80 - create IPUIPlugin
2025-12-30 07:27:08,802 [INFO] PluginManager:220 - loadIPPluginJar : add dma
2025-12-30 07:27:08,806 [INFO] IPUIPlugin:80 - create IPUIPlugin
2025-12-30 07:27:08,806 [INFO] PluginManager:220 - loadIPPluginJar : add cryp
2025-12-30 07:27:08,814 [INFO] IPUIPlugin:80 - create IPUIPlugin
2025-12-30 07:27:08,814 [INFO] PluginManager:220 - loadIPPluginJar : add touchsensing
2025-12-30 07:27:08,827 [INFO] IPUIPlugin:80 - create IPUIPlugin
2025-12-30 07:27:08,827 [INFO] PluginManager:220 - loadIPPluginJar : add freertos
2025-12-30 07:27:08,830 [INFO] IPUIPlugin:80 - create IPUIPlugin
2025-12-30 07:27:08,830 [INFO] PluginManager:220 - loadIPPluginJar : add genericplugin
2025-12-30 07:27:08,835 [INFO] IPUIPlugin:80 - create IPUIPlugin
2025-12-30 07:27:08,835 [INFO] PluginManager:220 - loadIPPluginJar : add tsc
2025-12-30 07:27:08,846 [INFO] IPUIPlugin:80 - create IPUIPlugin
2025-12-30 07:27:08,846 [INFO] PluginManager:220 - loadIPPluginJar : add gic
2025-12-30 07:27:08,860 [INFO] IPUIPlugin:80 - create IPUIPlugin
2025-12-30 07:27:08,860 [INFO] PluginManager:220 - loadIPPluginJar : add stm32_wpan
2025-12-30 07:27:08,864 [INFO] IPUIPlugin:80 - create IPUIPlugin
2025-12-30 07:27:08,864 [INFO] PluginManager:220 - loadIPPluginJar : add i2s
2025-12-30 07:27:08,869 [INFO] IPUIPlugin:80 - create IPUIPlugin
2025-12-30 07:27:08,869 [INFO] PluginManager:220 - loadIPPluginJar : add extmemmanager
2025-12-30 07:27:08,871 [INFO] IPUIPlugin:80 - create IPUIPlugin
2025-12-30 07:27:08,872 [INFO] PluginManager:220 - loadIPPluginJar : add ts
2025-12-30 07:27:08,874 [INFO] IPUIPlugin:80 - create IPUIPlugin
2025-12-30 07:27:08,875 [INFO] PluginManager:220 - loadIPPluginJar : add ltdc
2025-12-30 07:27:08,878 [INFO] IPUIPlugin:80 - create IPUIPlugin
2025-12-30 07:27:08,878 [INFO] PluginManager:220 - loadIPPluginJar : add tracer_emb
2025-12-30 07:27:08,881 [INFO] IPUIPlugin:80 - create IPUIPlugin
2025-12-30 07:27:08,881 [INFO] PluginManager:220 - loadIPPluginJar : add can
2025-12-30 07:27:08,886 [INFO] IPUIPlugin:80 - create IPUIPlugin
2025-12-30 07:27:08,886 [INFO] PluginManager:220 - loadIPPluginJar : add aes
2025-12-30 07:27:08,889 [INFO] IPUIPlugin:80 - create IPUIPlugin
2025-12-30 07:27:08,889 [INFO] PluginManager:220 - loadIPPluginJar : add comp
2025-12-30 07:27:08,894 [INFO] IPUIPlugin:80 - create IPUIPlugin
2025-12-30 07:27:08,894 [INFO] PluginManager:220 - loadIPPluginJar : add i2c
2025-12-30 07:27:08,930 [INFO] IPUIPlugin:80 - create IPUIPlugin
2025-12-30 07:27:08,931 [INFO] PluginManager:220 - loadIPPluginJar : add lorawan
2025-12-30 07:27:08,935 [INFO] IPUIPlugin:80 - create IPUIPlugin
2025-12-30 07:27:08,935 [INFO] PluginManager:220 - loadIPPluginJar : add ucpd
2025-12-30 07:27:08,938 [INFO] IPUIPlugin:80 - create IPUIPlugin
2025-12-30 07:27:08,938 [INFO] PluginManager:220 - loadIPPluginJar : add hash
2025-12-30 07:27:08,946 [INFO] IPUIPlugin:80 - create IPUIPlugin
2025-12-30 07:27:08,946 [INFO] PluginManager:220 - loadIPPluginJar : add gpio
2025-12-30 07:27:08,950 [INFO] IPUIPlugin:80 - create IPUIPlugin
2025-12-30 07:27:08,951 [INFO] PluginManager:220 - loadIPPluginJar : add pdm2pcm
2025-12-30 07:27:08,956 [INFO] IPUIPlugin:80 - create IPUIPlugin
2025-12-30 07:27:08,956 [INFO] PluginManager:220 - loadIPPluginJar : add nvic
2025-12-30 07:27:08,959 [INFO] IPUIPlugin:80 - create IPUIPlugin
2025-12-30 07:27:08,960 [INFO] PluginManager:220 - loadIPPluginJar : add dma3
2025-12-30 07:27:08,963 [INFO] IPUIPlugin:80 - create IPUIPlugin
2025-12-30 07:27:08,963 [INFO] PluginManager:220 - loadIPPluginJar : add openamp
2025-12-30 07:27:08,967 [INFO] IPUIPlugin:80 - create IPUIPlugin
2025-12-30 07:27:08,967 [INFO] PluginManager:220 - loadIPPluginJar : add ipddr
2025-12-30 07:27:08,971 [INFO] IPUIPlugin:80 - create IPUIPlugin
2025-12-30 07:27:08,971 [INFO] PluginManager:220 - loadIPPluginJar : add gtzc
2025-12-30 07:27:08,973 [INFO] IPUIPlugin:80 - create IPUIPlugin
2025-12-30 07:27:08,973 [INFO] PluginManager:220 - loadIPPluginJar : add tim
2025-12-30 07:27:08,978 [INFO] IPUIPlugin:80 - create IPUIPlugin
2025-12-30 07:27:08,978 [INFO] PluginManager:220 - loadIPPluginJar : add fmc
2025-12-30 07:27:08,981 [INFO] IPUIPlugin:80 - create IPUIPlugin
2025-12-30 07:27:08,981 [INFO] PluginManager:220 - loadIPPluginJar : add i3c
2025-12-30 07:27:08,991 [INFO] IPUIPlugin:80 - create IPUIPlugin
2025-12-30 07:27:08,995 [INFO] PluginManager:220 - loadIPPluginJar : add plateformsettings
2025-12-30 07:27:08,999 [INFO] IPUIPlugin:80 - create IPUIPlugin
2025-12-30 07:27:08,999 [INFO] PluginManager:220 - loadIPPluginJar : add dfsdm
2025-12-30 07:27:09,006 [INFO] IPUIPlugin:80 - create IPUIPlugin
2025-12-30 07:27:09,007 [INFO] PluginManager:220 - loadIPPluginJar : add adc
2025-12-30 07:27:09,010 [INFO] IPUIPlugin:80 - create IPUIPlugin
2025-12-30 07:27:09,010 [INFO] PluginManager:220 - loadIPPluginJar : add usart
2025-12-30 07:27:09,019 [INFO] IPUIPlugin:80 - create IPUIPlugin
2025-12-30 07:27:09,019 [INFO] PluginManager:220 - loadIPPluginJar : add linkedlist
2025-12-30 07:27:09,021 [INFO] IPUIPlugin:80 - create IPUIPlugin
2025-12-30 07:27:09,022 [INFO] PluginManager:220 - loadIPPluginJar : add radio
2025-12-30 07:27:09,030 [INFO] IPUIPlugin:80 - create IPUIPlugin
2025-12-30 07:27:09,030 [INFO] PluginManager:220 - loadIPPluginJar : add mdma
2025-12-30 07:27:09,035 [INFO] IPUIPlugin:80 - create IPUIPlugin
2025-12-30 07:27:09,035 [INFO] PluginManager:220 - loadIPPluginJar : add resmgrutility
2025-12-30 07:27:09,170 [FATAL] Updater:351 - Updater called before beeing initialized
2025-12-30 07:27:09,221 [INFO] RulesReader:64 - Compatibility file has been processed (317 Rules)
2025-12-30 07:27:09,247 [INFO] RulesReader:64 - Compatibility file has been processed (317 Rules)
2025-12-30 07:27:09,255 [INFO] CADModel:165 - CPN selected for project level
2025-12-30 07:27:09,256 [INFO] CADModel:114 - Register for checkConnection events
2025-12-30 07:27:09,256 [FATAL] Updater:351 - Updater called before beeing initialized
2025-12-30 07:27:09,256 [ERROR] CADModel:125 - Updater not yet initialized, retry later 
2025-12-30 07:27:09,421 [FATAL] Updater:351 - Updater called before beeing initialized
2025-12-30 07:27:09,427 [INFO] CADModel:165 - CPN selected for project level
2025-12-30 07:27:09,428 [INFO] CADModel:114 - Register for checkConnection events
2025-12-30 07:27:09,428 [FATAL] Updater:351 - Updater called before beeing initialized
2025-12-30 07:27:09,428 [ERROR] CADModel:125 - Updater not yet initialized, retry later 
2025-12-30 07:27:09,435 [FATAL] Updater:351 - Updater called before beeing initialized
2025-12-30 07:27:09,623 [FATAL] Updater:351 - Updater called before beeing initialized
2025-12-30 07:27:09,634 [INFO] DbMcusAds:53 - JSON generation date=Mon Dec 15 20:11:46 BRT 2025 (1765840306209)
2025-12-30 07:27:09,635 [FATAL] Updater:351 - Updater called before beeing initialized
2025-12-30 07:27:09,698 [WARN] DetailPanel:346 - Failed to get advertising image, set to default
2025-12-30 07:27:09,850 [FATAL] Updater:351 - Updater called before beeing initialized
2025-12-30 07:27:09,852 [FATAL] Updater:351 - Updater called before beeing initialized
2025-12-30 07:27:09,853 [FATAL] Updater:351 - Updater called before beeing initialized
2025-12-30 07:27:09,853 [WARN] DetailPanel:346 - Failed to get advertising image, set to default
2025-12-30 07:27:09,854 [FATAL] Updater:351 - Updater called before beeing initialized
2025-12-30 07:27:09,904 [ERROR] Updater:1198 - MainUpdater not yet initialized. External WinMGr cannot be set.
2025-12-30 07:27:09,906 [INFO] Updater:1134 - Updater Version found : 6.15.0
2025-12-30 07:27:09,926 [INFO] ApplicationProperties:184 - Using Application install path: /opt/st/stm32cubeide_1.19.0/plugins/com.st.stm32cube.common.mx_6.15.0.202507011659
2025-12-30 07:27:10,631 [INFO] MainUpdater:2872 - connection check result : 10
2025-12-30 07:27:10,632 [INFO] MainUpdater:289 - Updater Check For Update Now.
2025-12-30 07:27:10,632 [INFO] MicroXplorer:498 - Change Database Version : DB.6.0.150
2025-12-30 07:27:10,645 [INFO] McuFinderGlobals:63 - Set McuFinder mode to 2 (CubeIDE integrated)
2025-12-30 07:27:10,653 [INFO] UserAuth:487 - Internet connection configuration mode: 1
2025-12-30 07:27:10,715 [INFO] JxBrowserEngine:152 - Initiate JxBrowser Engine with user profile folder
2025-12-30 07:27:10,884 [WARN] MainUpdater:1193 - Updater busy. Cannot search thirdparties
2025-12-30 07:27:10,884 [INFO] ThirdPartyUpdaterWithRetryManager:96 - Updater plugin is busy. [1/15]
2025-12-30 07:27:10,933 [INFO] CheckServerUpdateThread:120 - End of CheckServer Thread
2025-12-30 07:27:13,767 [INFO] WebApp:169 - Instantiating new browser for Auth
2025-12-30 07:27:14,253 [WARN] PackLoader:240 - Cannot read IP mode file for STMicroelectronics.FP-SNS-MOTENVWB1.1.4.0
2025-12-30 07:27:14,293 [WARN] PackLoader:240 - Cannot read IP mode file for STMicroelectronics.FP-ATR-ASTRA1.2.0.2
2025-12-30 07:27:14,326 [WARN] PackLoader:240 - Cannot read IP mode file for STMicroelectronics.X-CUBE-SMBUS.2.1.0
2025-12-30 07:27:14,344 [WARN] PackLoader:240 - Cannot read IP mode file for STMicroelectronics.X-CUBE-ST60.1.0.0
2025-12-30 07:27:14,458 [WARN] PackLoader:240 - Cannot read IP mode file for STMicroelectronics.X-CUBE-AZRTOS-F7.1.1.0
2025-12-30 07:27:14,477 [WARN] PackLoader:240 - Cannot read IP mode file for Cesanta.I-CUBE-Mongoose.7.19.0
2025-12-30 07:27:14,522 [WARN] PackLoader:240 - Cannot read IP mode file for STMicroelectronics.FP-SNS-MOTENV1.5.1.0
2025-12-30 07:27:14,603 [WARN] PackLoader:240 - Cannot read IP mode file for WES.I-CUBE-Cesium.1.4.0
2025-12-30 07:27:14,673 [WARN] PackLoader:240 - Cannot read IP mode file for Infineon.AIROC-Wi-Fi-Bluetooth-STM32.1.7.1
2025-12-30 07:27:15,319 [WARN] PackLoader:240 - Cannot read IP mode file for STMicroelectronics.X-CUBE-AZRTOS-H7.3.4.0
2025-12-30 07:27:15,785 [WARN] PackLoader:240 - Cannot read IP mode file for STMicroelectronics.X-CUBE-DISPLAY.3.0.0
2025-12-30 07:27:16,525 [WARN] PackLoader:240 - Cannot read IP mode file for STMicroelectronics.X-CUBE-NFC10.1.0.0
2025-12-30 07:27:16,834 [WARN] PackLoader:240 - Cannot read IP mode file for STMicroelectronics.X-CUBE-ST60.1.1.0
2025-12-30 07:27:17,273 [WARN] PackLoader:240 - Cannot read IP mode file for emotas.I-CUBE-CANOPEN.1.3.0
2025-12-30 07:27:17,701 [WARN] PackLoader:240 - Cannot read IP mode file for STMicroelectronics.X-CUBE-GNSS1.7.1.0
2025-12-30 07:27:18,359 [WARN] PackLoader:240 - Cannot read IP mode file for STMicroelectronics.FP-SNS-STBOX1.2.1.0
2025-12-30 07:27:18,474 [WARN] PackLoader:240 - Cannot read IP mode file for STMicroelectronics.FP-SNS-SMARTAG2.1.2.0
2025-12-30 07:27:18,497 [WARN] PackLoader:240 - Cannot read IP mode file for STMicroelectronics.FP-SNS-FLIGHT1.5.1.0
2025-12-30 07:27:18,581 [INFO] LogOutputStream:77 - [STDOUT_REDIRECT] 1 : Invalid condition id : UX_CORESTACK_Condition cause : null
2025-12-30 07:27:18,582 [INFO] LogOutputStream:77 - [STDOUT_REDIRECT] 1 : Invalid condition id : UX_CORESTACK_Condition cause : null
2025-12-30 07:27:18,583 [INFO] LogOutputStream:77 - [STDOUT_REDIRECT] 1 : Invalid condition id : UX_CORESTACK_Condition cause : null
2025-12-30 07:27:18,585 [INFO] LogOutputStream:77 - [STDOUT_REDIRECT] 1 : Invalid condition id : UX_CORESTACK_Condition cause : null
2025-12-30 07:27:18,585 [INFO] LogOutputStream:77 - [STDOUT_REDIRECT] 1 : Invalid condition id : UX_CORESTACK_Condition cause : null
2025-12-30 07:27:18,595 [WARN] PackLoader:240 - Cannot read IP mode file for STMicroelectronics.X-CUBE-AZRTOS-WL.2.0.0
2025-12-30 07:27:18,627 [WARN] PackLoader:240 - Cannot read IP mode file for STMicroelectronics.FP-SNS-MOTENV1.5.0.0
2025-12-30 07:27:18,700 [WARN] PackLoader:240 - Cannot read IP mode file for STMicroelectronics.X-CUBE-AZRTOS-H7RS.1.2.0
2025-12-30 07:27:18,717 [WARN] PackLoader:240 - Cannot read IP mode file for STMicroelectronics.X-CUBE-BLE2.3.3.0
2025-12-30 07:27:18,763 [WARN] PackLoader:240 - Cannot read IP mode file for STMicroelectronics.X-CUBE-NFC9.1.0.0
2025-12-30 07:27:18,783 [WARN] PackLoader:240 - Cannot read IP mode file for wolfSSL.I-CUBE-wolfSSL.5.8.2
2025-12-30 07:27:18,804 [WARN] PackLoader:240 - Cannot read IP mode file for STMicroelectronics.X-CUBE-BLE1.7.1.0
2025-12-30 07:27:18,814 [WARN] PackLoader:240 - Cannot read IP mode file for wolfSSL.I-CUBE-wolfMQTT.1.19.2
2025-12-30 07:27:18,828 [WARN] PackLoader:240 - Cannot read IP mode file for STMicroelectronics.X-CUBE-FREERTOS.1.4.0
2025-12-30 07:27:18,839 [WARN] PackLoader:240 - Cannot read IP mode file for STMicroelectronics.X-CUBE-EEPRMA1.5.2.0
2025-12-30 07:27:18,849 [WARN] PackLoader:240 - Cannot read IP mode file for STMicroelectronics.X-CUBE-ST67W61.1.1.0
2025-12-30 07:27:18,927 [WARN] PackLoader:240 - Cannot read IP mode file for STMicroelectronics.X-CUBE-MEMS1.12.0.0
2025-12-30 07:27:19,133 [WARN] PackLoader:240 - Cannot read IP mode file for STMicroelectronics.X-CUBE-AZRTOS-G0.1.1.0
2025-12-30 07:27:19,159 [WARN] PackLoader:240 - Cannot read IP mode file for STMicroelectronics.X-CUBE-SAFEA1.1.2.2
2025-12-30 07:27:19,212 [WARN] PackLoader:240 - Cannot read IP mode file for STMicroelectronics.X-CUBE-NFC4.3.0.0
2025-12-30 07:27:19,268 [WARN] PackLoader:240 - Cannot read IP mode file for EmbeddedOffice.I-CUBE-FS-RTOS.1.0.1
2025-12-30 07:27:19,285 [WARN] PackLoader:240 - Cannot read IP mode file for STMicroelectronics.X-CUBE-WB05N.2.0.0
2025-12-30 07:27:19,301 [WARN] PackLoader:240 - Cannot read IP mode file for wolfSSL.I-CUBE-wolfTPM.3.8.0
2025-12-30 07:27:19,317 [WARN] PackLoader:240 - Cannot read IP mode file for STMicroelectronics.X-CUBE-TCPP.4.2.0
2025-12-30 07:27:19,330 [WARN] PackLoader:240 - Cannot read IP mode file for RealThread.X-CUBE-RT-Thread_Nano.4.1.1
2025-12-30 07:27:19,339 [WARN] PackLoader:240 - Cannot read IP mode file for STMicroelectronics.FP-ATR-SIGFOX1.3.2.0
2025-12-30 07:27:19,390 [WARN] PackLoader:240 - Cannot read IP mode file for ITTIA_DB.I-CUBE-ITTIADB.8.9.0
2025-12-30 07:27:19,402 [WARN] PackLoader:240 - Cannot read IP mode file for STMicroelectronics.X-CUBE-AI.10.2.0
2025-12-30 07:27:19,522 [WARN] PackLoader:240 - Cannot read IP mode file for SEGGER.I-CUBE-embOS.1.3.1
2025-12-30 07:27:19,625 [WARN] PackLoader:240 - Cannot read IP mode file for STMicroelectronics.X-CUBE-ALGOBUILD.1.4.0
2025-12-30 07:27:19,775 [WARN] PackLoader:240 - Cannot read IP mode file for STMicroelectronics.X-CUBE-MEMS1.11.3.0
2025-12-30 07:27:19,839 [INFO] WebApp:463 - Apply proxy settings
2025-12-30 07:27:19,840 [INFO] WebApp:548 - Chromium requires no authentication
2025-12-30 07:27:19,891 [INFO] WebApp:491 - Direct internet connection detected
2025-12-30 07:27:19,950 [INFO] WebApp:900 - Register for checkConnection events
2025-12-30 07:27:19,950 [INFO] WebApp:463 - Apply proxy settings
2025-12-30 07:27:19,950 [INFO] WebApp:548 - Chromium requires no authentication
2025-12-30 07:27:19,953 [INFO] WebApp:491 - Direct internet connection detected
2025-12-30 07:27:20,201 [WARN] PackLoader:240 - Cannot read IP mode file for STMicroelectronics.X-CUBE-PM33A1.1.0.0
2025-12-30 07:27:20,271 [WARN] PackLoader:240 - Cannot read IP mode file for STMicroelectronics.X-CUBE-AZRTOS-F4.1.1.0
2025-12-30 07:27:20,288 [WARN] PackLoader:240 - Cannot read IP mode file for STMicroelectronics.X-CUBE-ISPU.2.1.0
2025-12-30 07:27:20,338 [WARN] PackLoader:240 - Cannot read IP mode file for STMicroelectronics.X-CUBE-IPS.3.2.0
2025-12-30 07:27:20,485 [INFO] WebApp:225 - Starting web application
2025-12-30 07:27:20,488 [INFO] WebApp:593 - Web application path used /opt/st/stm32cubeide_1.19.0/plugins/com.st.stm32cube.common.mx_6.15.0.202507011659/db/plugins/mcufinder/reactClient1/index.html
2025-12-30 07:27:20,568 [WARN] PackLoader:240 - Cannot read IP mode file for STMicroelectronics.X-CUBE-NFC12.1.0.0
2025-12-30 07:27:20,661 [WARN] PackLoader:240 - Cannot read IP mode file for STMicroelectronics.X-CUBE-AZRTOS-L5.2.0.0
2025-12-30 07:27:20,718 [WARN] PackLoader:240 - Cannot read IP mode file for STMicroelectronics.X-CUBE-NFC6.3.1.0
2025-12-30 07:27:20,762 [WARN] PackLoader:240 - Cannot read IP mode file for STMicroelectronics.X-CUBE-FREERTOS.1.3.1
2025-12-30 07:27:20,782 [WARN] PackLoader:240 - Cannot read IP mode file for STMicroelectronics.X-CUBE-TOUCHGFX.4.26.0
2025-12-30 07:27:20,812 [WARN] PackLoader:240 - Cannot read IP mode file for STMicroelectronics.FP-SNS-STAIOTCFT.1.0.0
2025-12-30 07:27:20,885 [WARN] PackLoader:240 - Cannot read IP mode file for STMicroelectronics.X-CUBE-DPower.1.3.0
2025-12-30 07:27:20,963 [WARN] ConditionMgr:438 - getConditionDescription Invalid condition id : LAN8742 Phy interface Condition cause : null
2025-12-30 07:27:20,964 [WARN] PackLoader:240 - Cannot read IP mode file for STMicroelectronics.X-CUBE-AZRTOS-L4.2.0.0
2025-12-30 07:27:20,965 [WARN] ConditionMgr:1044 - genDependencies : Invalid condition id : LAN8742 Phy interface Condition cause : null
2025-12-30 07:27:20,966 [WARN] ConditionMgr:1044 - genDependencies : Invalid condition id : LAN8742 Phy interface Condition cause : null
2025-12-30 07:27:20,968 [WARN] ConditionMgr:1044 - genDependencies : Invalid condition id : LAN8742 Phy interface Condition cause : null
2025-12-30 07:27:20,973 [INFO] WebApp:191 - Connection restablished
2025-12-30 07:27:20,981 [WARN] PackLoader:240 - Cannot read IP mode file for STMicroelectronics.X-CUBE-SFXS2LP1.4.0.0
2025-12-30 07:27:21,033 [WARN] PackLoader:240 - Cannot read IP mode file for STMicroelectronics.X-CUBE-BLEMGR.4.1.0
2025-12-30 07:27:21,071 [INFO] UserAuth:487 - Internet connection configuration mode: 1
2025-12-30 07:27:21,132 [WARN] ConditionMgr:438 - getConditionDescription Invalid condition id : UX DEVICE CLASS RTOS Condition cause : null
2025-12-30 07:27:21,133 [WARN] ConditionMgr:438 - getConditionDescription Invalid condition id : UX DEVICE CLASS RTOS Condition cause : null
2025-12-30 07:27:21,152 [WARN] PackLoader:240 - Cannot read IP mode file for STMicroelectronics.X-CUBE-AZRTOS-WB.2.0.0
2025-12-30 07:27:21,153 [WARN] ConditionMgr:1044 - genDependencies : Invalid condition id : UX DEVICE CLASS RTOS Condition cause : null
2025-12-30 07:27:21,153 [WARN] ConditionMgr:1044 - genDependencies : Invalid condition id : UX DEVICE CLASS RTOS Condition cause : null
2025-12-30 07:27:21,154 [WARN] ConditionMgr:1044 - genDependencies : Invalid condition id : UX DEVICE CLASS RTOS Condition cause : null
2025-12-30 07:27:21,155 [WARN] ConditionMgr:1044 - genDependencies : Invalid condition id : UX DEVICE CLASS RTOS Condition cause : null
2025-12-30 07:27:21,155 [WARN] ConditionMgr:1044 - genDependencies : Invalid condition id : UX DEVICE CLASS RTOS Condition cause : null
2025-12-30 07:27:21,179 [WARN] PackLoader:240 - Cannot read IP mode file for STMicroelectronics.X-CUBE-GNSS1.7.0.1
2025-12-30 07:27:21,196 [WARN] ConditionMgr:438 - getConditionDescription Invalid condition id : Cortex-A Device cause : null
2025-12-30 07:27:21,233 [WARN] ConditionMgr:1044 - genDependencies : Invalid condition id : Cortex-A Device cause : null
2025-12-30 07:27:21,234 [WARN] ConditionMgr:1044 - genDependencies : Invalid condition id : Cortex-A Device cause : null
2025-12-30 07:27:21,235 [WARN] ConditionMgr:1044 - genDependencies : Invalid condition id : Cortex-A Device cause : null
2025-12-30 07:27:21,278 [WARN] PackLoader:240 - Cannot read IP mode file for STMicroelectronics.X-CUBE-SUBG2.5.0.0
2025-12-30 07:27:21,521 [WARN] PackLoader:240 - Cannot read IP mode file for STMicroelectronics.X-CUBE-AZRTOS-H7RS.1.1.0
2025-12-30 07:27:21,568 [WARN] PackLoader:240 - Cannot read IP mode file for STMicroelectronics.X-CUBE-AZRTOS-G4.2.0.0
2025-12-30 07:27:21,575 [WARN] PackLoader:240 - Cannot read IP mode file for wolfSSL.I-CUBE-wolfSSH.1.4.20
2025-12-30 07:27:21,583 [WARN] PackLoader:240 - Cannot read IP mode file for STMicroelectronics.X-CUBE-NFC7.2.0.0
2025-12-30 07:27:21,605 [WARN] PackLoader:240 - Cannot read IP mode file for STMicroelectronics.X-CUBE-ALS.1.0.2
2025-12-30 07:27:21,633 [WARN] PackLoader:240 - Cannot read IP mode file for STMicroelectronics.X-CUBE-STSE01.1.0.0
2025-12-30 07:27:21,662 [WARN] PackLoader:240 - Cannot read IP mode file for STMicroelectronics.X-CUBE-TOF1.3.4.3
2025-12-30 07:27:21,706 [INFO] ThirdParty:978 - Integrity check success = true
2025-12-30 07:27:21,709 [INFO] IntegrityCheckThread:100 - exiting critical section [integrity check]
2025-12-30 07:27:21,710 [INFO] IntegrityCheckThread:103 - End integrity checks thread
2025-12-30 07:27:21,823 [ERROR] LogOutputStream:75 - [STDERR_REDIRECT] 
2025-12-30 07:32:18,234 [INFO] Activator:176 - 


2025-12-30 07:32:18,236 [INFO] Activator:177 - !SESSION log4j initialized
2025-12-30 07:32:26,485 [INFO] LogOutputStream:77 - [STDOUT_REDIRECT] 
2025-12-30 07:32:28,385 [INFO] ApplicationProperties:184 - Using Application install path: /opt/st/stm32cubeide_1.19.0/plugins/com.st.stm32cube.common.mx_6.15.0.202507011659
2025-12-30 07:32:28,429 [INFO] DbMcusXml:78 - Set database path to: /opt/st/stm32cubeide_1.19.0/plugins/com.st.stm32cube.common.mx_6.15.0.202507011659//db//mcu/
2025-12-30 07:32:28,430 [INFO] ApiDb:274 - Set plugin database path to: /opt/st/stm32cubeide_1.19.0/plugins/com.st.stm32cube.common.mx_6.15.0.202507011659//db//plugins/boardmanager/
2025-12-30 07:32:28,431 [WARN] ApiDb:259 - Overriding images path with different value:  => /opt/st/stm32cubeide_1.19.0/plugins/com.st.stm32cube.common.mx_6.15.0.202507011659//db//plugins/mcufinder/images/
2025-12-30 07:32:28,449 [INFO] ApiDb:250 - Set database path to: /home/etienne.lima/.stmcufinder/plugins/mcufinder//mcu/
2025-12-30 07:32:28,452 [INFO] DbMcusAds:125 - Set database path to: /home/etienne.lima/.stmcufinder/plugins/mcufinder//mcu/
2025-12-30 07:32:28,463 [INFO] CrossReferenceDbSqlite:203 - Set database path to: /home/etienne.lima/.stmcufinder/plugins/mcufinder//mcu/cs/
2025-12-30 07:32:28,827 [INFO] RulesReader:64 - Compatibility file has been processed (317 Rules)
2025-12-30 07:32:28,937 [INFO] DbMcusXml:78 - Set database path to: /opt/st/stm32cubeide_1.19.0/plugins/com.st.stm32cube.common.mx_6.15.0.202507011659//db//mcu/
2025-12-30 07:32:28,937 [INFO] ApiDb:274 - Set plugin database path to: /opt/st/stm32cubeide_1.19.0/plugins/com.st.stm32cube.common.mx_6.15.0.202507011659//db//plugins/boardmanager/
2025-12-30 07:32:28,937 [INFO] ApiDb:261 - Set plugin images path to: /opt/st/stm32cubeide_1.19.0/plugins/com.st.stm32cube.common.mx_6.15.0.202507011659//db//plugins/mcufinder/images/
2025-12-30 07:32:28,937 [WARN] DbFile:41 - Overriding database path with different value: /home/etienne.lima/.stmcufinder/plugins/mcufinder/ => /home/etienne.lima/.stmcufinder/plugins/mcufinder
2025-12-30 07:32:28,937 [INFO] ApiDb:250 - Set database path to: /home/etienne.lima/.stmcufinder/plugins/mcufinder//mcu/
2025-12-30 07:32:28,938 [WARN] DbFile:41 - Overriding database path with different value: /home/etienne.lima/.stmcufinder/plugins/mcufinder/ => /home/etienne.lima/.stmcufinder/plugins/mcufinder
2025-12-30 07:32:28,938 [INFO] DbMcusAds:125 - Set database path to: /home/etienne.lima/.stmcufinder/plugins/mcufinder//mcu/
2025-12-30 07:32:28,938 [WARN] DbFile:41 - Overriding database path with different value: /home/etienne.lima/.stmcufinder/plugins/mcufinder/ => /home/etienne.lima/.stmcufinder/plugins/mcufinder
2025-12-30 07:32:28,938 [WARN] DbFile:41 - Overriding database path with different value: /home/etienne.lima/.stmcufinder/plugins/mcufinder/ => /home/etienne.lima/.stmcufinder/plugins/mcufinder
2025-12-30 07:32:28,938 [INFO] CrossReferenceDbSqlite:203 - Set database path to: /home/etienne.lima/.stmcufinder/plugins/mcufinder//mcu/cs/
2025-12-30 07:32:29,031 [INFO] MainPanel:274 - HeapMemory: 268435456
2025-12-30 07:32:29,153 [INFO] DbMcusXml:78 - Set database path to: /opt/st/stm32cubeide_1.19.0/plugins/com.st.stm32cube.common.mx_6.15.0.202507011659//db//mcu/
2025-12-30 07:32:29,153 [INFO] ApiDb:274 - Set plugin database path to: /opt/st/stm32cubeide_1.19.0/plugins/com.st.stm32cube.common.mx_6.15.0.202507011659//db//plugins/boardmanager/
2025-12-30 07:32:29,153 [INFO] ApiDb:261 - Set plugin images path to: /opt/st/stm32cubeide_1.19.0/plugins/com.st.stm32cube.common.mx_6.15.0.202507011659//db//plugins/mcufinder/images/
2025-12-30 07:32:29,154 [WARN] DbFile:41 - Overriding database path with different value: /home/etienne.lima/.stmcufinder/plugins/mcufinder/ => /home/etienne.lima/.stmcufinder/plugins/mcufinder
2025-12-30 07:32:29,154 [INFO] ApiDb:250 - Set database path to: /home/etienne.lima/.stmcufinder/plugins/mcufinder//mcu/
2025-12-30 07:32:29,154 [WARN] DbFile:41 - Overriding database path with different value: /home/etienne.lima/.stmcufinder/plugins/mcufinder/ => /home/etienne.lima/.stmcufinder/plugins/mcufinder
2025-12-30 07:32:29,154 [INFO] DbMcusAds:125 - Set database path to: /home/etienne.lima/.stmcufinder/plugins/mcufinder//mcu/
2025-12-30 07:32:29,154 [WARN] DbFile:41 - Overriding database path with different value: /home/etienne.lima/.stmcufinder/plugins/mcufinder/ => /home/etienne.lima/.stmcufinder/plugins/mcufinder
2025-12-30 07:32:29,155 [WARN] DbFile:41 - Overriding database path with different value: /home/etienne.lima/.stmcufinder/plugins/mcufinder/ => /home/etienne.lima/.stmcufinder/plugins/mcufinder
2025-12-30 07:32:29,155 [INFO] CrossReferenceDbSqlite:203 - Set database path to: /home/etienne.lima/.stmcufinder/plugins/mcufinder//mcu/cs/
2025-12-30 07:32:29,176 [INFO] ApplicationProperties:184 - Using Application install path: /opt/st/stm32cubeide_1.19.0/plugins/com.st.stm32cube.common.mx_6.15.0.202507011659
2025-12-30 07:32:29,180 [INFO] PluginManage:196 - Search for loadable plugins [exclusion list=, ]
2025-12-30 07:32:29,182 [INFO] PluginManage:310 - Check plugin analytics
2025-12-30 07:32:29,577 [INFO] AnalyticsPlugin:253 - Accepted Software Licenses: 
2025-12-30 07:32:29,578 [INFO] AnalyticsPlugin:255 - Accepted CMSIS Pack Licenses: 
2025-12-30 07:32:29,578 [INFO] AnalyticsPlugin:257 - Accepted Firmware Licenses: FW.F4.1.28.0,FW.F4.1.27.0,FW.C0.1.4.0,FW.WB.1.23.0,FW.WL.1.3.0,FW.L4.1.18.0
2025-12-30 07:32:29,587 [INFO] PluginManage:359 - Loaded plugin analytics (category:tool,tabindex:-1)
2025-12-30 07:32:29,588 [INFO] PluginManage:310 - Check plugin cadmodel
2025-12-30 07:32:29,593 [INFO] CADModel:105 - Init CAD model plugin
2025-12-30 07:32:29,594 [INFO] PluginManage:359 - Loaded plugin cadmodel (category:power,tabindex:5)
2025-12-30 07:32:29,594 [INFO] PluginManage:310 - Check plugin clock
2025-12-30 07:32:29,609 [INFO] PluginManage:359 - Loaded plugin clock (category:base,tabindex:2)
2025-12-30 07:32:29,610 [INFO] PluginManage:310 - Check plugin ddr
2025-12-30 07:32:29,613 [INFO] PluginManage:359 - Loaded plugin ddr (category:tool,tabindex:6)
2025-12-30 07:32:29,613 [INFO] PluginManage:310 - Check plugin filemanager
2025-12-30 07:32:29,845 [INFO] PluginManage:359 - Loaded plugin filemanager (category:base,tabindex:10)
2025-12-30 07:32:29,845 [INFO] PluginManage:310 - Check plugin ipmanager
2025-12-30 07:32:29,852 [INFO] PluginManage:359 - Loaded plugin ipmanager (category:base,tabindex:5)
2025-12-30 07:32:29,852 [INFO] PluginManage:310 - Check plugin lpbam
2025-12-30 07:32:29,862 [INFO] PluginManage:359 - Loaded plugin lpbam (category:base,tabindex:0)
2025-12-30 07:32:29,862 [INFO] PluginManage:310 - Check plugin memorymap
2025-12-30 07:32:29,872 [INFO] PluginManage:359 - Loaded plugin memorymap (category:base,tabindex:4)
2025-12-30 07:32:29,872 [INFO] PluginManage:310 - Check plugin pinoutandconfiguration
2025-12-30 07:32:29,881 [INFO] PluginManage:359 - Loaded plugin pinoutandconfiguration (category:base,tabindex:1)
2025-12-30 07:32:29,882 [INFO] PluginManage:310 - Check plugin pinoutconfig
2025-12-30 07:32:29,968 [WARN] SupportedApi:132 - Cannot load RTOS API schema: s4s-elt-must-match.1: The content of 'definitions' must match (annotation?, (simpleType | complexType)?, (unique | key | keyref)*)). A problem was found starting at: attribute.
2025-12-30 07:32:30,110 [INFO] PluginManage:359 - Loaded plugin pinoutconfig (category:base,tabindex:0)
2025-12-30 07:32:30,111 [INFO] PluginManage:310 - Check plugin power
2025-12-30 07:32:30,121 [INFO] PluginManage:359 - Loaded plugin power (category:power,tabindex:4)
2025-12-30 07:32:30,121 [INFO] PluginManage:310 - Check plugin projectmanager
2025-12-30 07:32:30,140 [INFO] PluginManage:359 - Loaded plugin projectmanager (category:projectmanager,tabindex:4)
2025-12-30 07:32:30,140 [INFO] PluginManage:310 - Check plugin rif
2025-12-30 07:32:30,155 [INFO] PluginManage:359 - Loaded plugin rif (category:base,tabindex:3)
2025-12-30 07:32:30,155 [INFO] PluginManage:310 - Check plugin thirdparty
2025-12-30 07:32:30,468 [WARN] IntegrityCheckThread:84 - waiting for thirdparty lock release [integrity check]
2025-12-30 07:32:30,469 [INFO] PluginManage:359 - Loaded plugin thirdparty (category:base,tabindex:-1)
2025-12-30 07:32:30,473 [INFO] PluginManage:310 - Check plugin tools
2025-12-30 07:32:30,470 [INFO] IntegrityCheckThread:86 - entering critical section [integrity check]
2025-12-30 07:32:30,476 [INFO] ThirdPartyUpdaterWithRetryManager:70 - Updater plugin not ready yet. [1/15]
2025-12-30 07:32:30,478 [INFO] PluginManage:359 - Loaded plugin tools (category:base,tabindex:7)
2025-12-30 07:32:30,479 [INFO] PluginManage:310 - Check plugin tutovideos
2025-12-30 07:32:30,817 [INFO] PluginManage:359 - Loaded plugin tutovideos (category:base,tabindex:-1)
2025-12-30 07:32:30,818 [INFO] PluginManage:310 - Check plugin updater
2025-12-30 07:32:30,849 [INFO] PluginManage:359 - Loaded plugin updater (category:base,tabindex:12)
2025-12-30 07:32:30,849 [INFO] PluginManage:310 - Check plugin userauth
2025-12-30 07:32:30,856 [INFO] UserAuth:118 - Init User Auth plugin
2025-12-30 07:32:30,861 [INFO] PluginManage:359 - Loaded plugin userauth (category:base,tabindex:14)
2025-12-30 07:32:30,862 [INFO] PluginManage:283 - PluginManage : Loaded plugins [18]
2025-12-30 07:32:31,119 [INFO] PinOutPanel:1589 - setPackage(No Configuration,No Configuration)
2025-12-30 07:32:31,246 [INFO] CADModel:165 - CPN selected for project level
2025-12-30 07:32:31,246 [INFO] CADModel:114 - Register for checkConnection events
2025-12-30 07:32:31,267 [INFO] IPUIPlugin:80 - create IPUIPlugin
2025-12-30 07:32:31,268 [INFO] PluginManager:220 - loadIPPluginJar : add ddr_ctrl_phy
2025-12-30 07:32:31,273 [INFO] IPUIPlugin:80 - create IPUIPlugin
2025-12-30 07:32:31,274 [INFO] PluginManager:220 - loadIPPluginJar : add sai
2025-12-30 07:32:31,276 [INFO] IPUIPlugin:80 - create IPUIPlugin
2025-12-30 07:32:31,277 [INFO] PluginManager:220 - loadIPPluginJar : add fatfs
2025-12-30 07:32:31,284 [INFO] IPUIPlugin:80 - create IPUIPlugin
2025-12-30 07:32:31,284 [INFO] PluginManager:220 - loadIPPluginJar : add gfxmmu
2025-12-30 07:32:31,288 [INFO] IPUIPlugin:80 - create IPUIPlugin
2025-12-30 07:32:31,288 [INFO] PluginManager:220 - loadIPPluginJar : add quadspi
2025-12-30 07:32:31,292 [INFO] IPUIPlugin:80 - create IPUIPlugin
2025-12-30 07:32:31,294 [INFO] PluginManager:220 - loadIPPluginJar : add spi
2025-12-30 07:32:31,304 [INFO] IPUIPlugin:80 - create IPUIPlugin
2025-12-30 07:32:31,304 [INFO] PluginManager:220 - loadIPPluginJar : add opamp
2025-12-30 07:32:31,310 [INFO] IPUIPlugin:80 - create IPUIPlugin
2025-12-30 07:32:31,310 [INFO] PluginManager:220 - loadIPPluginJar : add usbx
2025-12-30 07:32:31,321 [INFO] IPUIPlugin:80 - create IPUIPlugin
2025-12-30 07:32:31,322 [INFO] PluginManager:220 - loadIPPluginJar : add dma
2025-12-30 07:32:31,325 [INFO] IPUIPlugin:80 - create IPUIPlugin
2025-12-30 07:32:31,326 [INFO] PluginManager:220 - loadIPPluginJar : add cryp
2025-12-30 07:32:31,332 [INFO] IPUIPlugin:80 - create IPUIPlugin
2025-12-30 07:32:31,332 [INFO] PluginManager:220 - loadIPPluginJar : add touchsensing
2025-12-30 07:32:31,340 [INFO] IPUIPlugin:80 - create IPUIPlugin
2025-12-30 07:32:31,341 [INFO] PluginManager:220 - loadIPPluginJar : add freertos
2025-12-30 07:32:31,345 [INFO] IPUIPlugin:80 - create IPUIPlugin
2025-12-30 07:32:31,347 [INFO] PluginManager:220 - loadIPPluginJar : add genericplugin
2025-12-30 07:32:31,352 [INFO] IPUIPlugin:80 - create IPUIPlugin
2025-12-30 07:32:31,353 [INFO] PluginManager:220 - loadIPPluginJar : add tsc
2025-12-30 07:32:31,365 [INFO] IPUIPlugin:80 - create IPUIPlugin
2025-12-30 07:32:31,366 [INFO] PluginManager:220 - loadIPPluginJar : add gic
2025-12-30 07:32:31,374 [INFO] IPUIPlugin:80 - create IPUIPlugin
2025-12-30 07:32:31,374 [INFO] PluginManager:220 - loadIPPluginJar : add stm32_wpan
2025-12-30 07:32:31,377 [INFO] IPUIPlugin:80 - create IPUIPlugin
2025-12-30 07:32:31,379 [INFO] PluginManager:220 - loadIPPluginJar : add i2s
2025-12-30 07:32:31,382 [INFO] IPUIPlugin:80 - create IPUIPlugin
2025-12-30 07:32:31,383 [INFO] PluginManager:220 - loadIPPluginJar : add extmemmanager
2025-12-30 07:32:31,386 [INFO] IPUIPlugin:80 - create IPUIPlugin
2025-12-30 07:32:31,386 [INFO] PluginManager:220 - loadIPPluginJar : add ts
2025-12-30 07:32:31,388 [INFO] IPUIPlugin:80 - create IPUIPlugin
2025-12-30 07:32:31,388 [INFO] PluginManager:220 - loadIPPluginJar : add ltdc
2025-12-30 07:32:31,392 [INFO] IPUIPlugin:80 - create IPUIPlugin
2025-12-30 07:32:31,392 [INFO] PluginManager:220 - loadIPPluginJar : add tracer_emb
2025-12-30 07:32:31,397 [INFO] IPUIPlugin:80 - create IPUIPlugin
2025-12-30 07:32:31,398 [INFO] PluginManager:220 - loadIPPluginJar : add can
2025-12-30 07:32:31,402 [INFO] IPUIPlugin:80 - create IPUIPlugin
2025-12-30 07:32:31,403 [INFO] PluginManager:220 - loadIPPluginJar : add aes
2025-12-30 07:32:31,407 [INFO] IPUIPlugin:80 - create IPUIPlugin
2025-12-30 07:32:31,408 [INFO] PluginManager:220 - loadIPPluginJar : add comp
2025-12-30 07:32:31,412 [INFO] IPUIPlugin:80 - create IPUIPlugin
2025-12-30 07:32:31,412 [INFO] PluginManager:220 - loadIPPluginJar : add i2c
2025-12-30 07:32:31,420 [INFO] IPUIPlugin:80 - create IPUIPlugin
2025-12-30 07:32:31,421 [INFO] PluginManager:220 - loadIPPluginJar : add lorawan
2025-12-30 07:32:31,424 [INFO] IPUIPlugin:80 - create IPUIPlugin
2025-12-30 07:32:31,424 [INFO] PluginManager:220 - loadIPPluginJar : add ucpd
2025-12-30 07:32:31,428 [INFO] IPUIPlugin:80 - create IPUIPlugin
2025-12-30 07:32:31,429 [INFO] PluginManager:220 - loadIPPluginJar : add hash
2025-12-30 07:32:31,436 [INFO] IPUIPlugin:80 - create IPUIPlugin
2025-12-30 07:32:31,436 [INFO] PluginManager:220 - loadIPPluginJar : add gpio
2025-12-30 07:32:31,440 [INFO] IPUIPlugin:80 - create IPUIPlugin
2025-12-30 07:32:31,441 [INFO] PluginManager:220 - loadIPPluginJar : add pdm2pcm
2025-12-30 07:32:31,449 [INFO] IPUIPlugin:80 - create IPUIPlugin
2025-12-30 07:32:31,450 [INFO] PluginManager:220 - loadIPPluginJar : add nvic
2025-12-30 07:32:31,454 [INFO] IPUIPlugin:80 - create IPUIPlugin
2025-12-30 07:32:31,455 [INFO] PluginManager:220 - loadIPPluginJar : add dma3
2025-12-30 07:32:31,460 [INFO] IPUIPlugin:80 - create IPUIPlugin
2025-12-30 07:32:31,461 [INFO] PluginManager:220 - loadIPPluginJar : add openamp
2025-12-30 07:32:31,467 [INFO] IPUIPlugin:80 - create IPUIPlugin
2025-12-30 07:32:31,468 [INFO] PluginManager:220 - loadIPPluginJar : add ipddr
2025-12-30 07:32:31,471 [INFO] IPUIPlugin:80 - create IPUIPlugin
2025-12-30 07:32:31,472 [INFO] PluginManager:220 - loadIPPluginJar : add gtzc
2025-12-30 07:32:31,475 [INFO] IPUIPlugin:80 - create IPUIPlugin
2025-12-30 07:32:31,476 [INFO] PluginManager:220 - loadIPPluginJar : add tim
2025-12-30 07:32:31,486 [INFO] IPUIPlugin:80 - create IPUIPlugin
2025-12-30 07:32:31,486 [INFO] PluginManager:220 - loadIPPluginJar : add fmc
2025-12-30 07:32:31,491 [INFO] IPUIPlugin:80 - create IPUIPlugin
2025-12-30 07:32:31,492 [INFO] PluginManager:220 - loadIPPluginJar : add i3c
2025-12-30 07:32:31,504 [INFO] IPUIPlugin:80 - create IPUIPlugin
2025-12-30 07:32:31,508 [INFO] PluginManager:220 - loadIPPluginJar : add plateformsettings
2025-12-30 07:32:31,518 [INFO] IPUIPlugin:80 - create IPUIPlugin
2025-12-30 07:32:31,518 [INFO] PluginManager:220 - loadIPPluginJar : add dfsdm
2025-12-30 07:32:31,526 [INFO] IPUIPlugin:80 - create IPUIPlugin
2025-12-30 07:32:31,526 [INFO] PluginManager:220 - loadIPPluginJar : add adc
2025-12-30 07:32:31,530 [INFO] IPUIPlugin:80 - create IPUIPlugin
2025-12-30 07:32:31,530 [INFO] PluginManager:220 - loadIPPluginJar : add usart
2025-12-30 07:32:31,544 [INFO] IPUIPlugin:80 - create IPUIPlugin
2025-12-30 07:32:31,544 [INFO] PluginManager:220 - loadIPPluginJar : add linkedlist
2025-12-30 07:32:31,548 [INFO] IPUIPlugin:80 - create IPUIPlugin
2025-12-30 07:32:31,550 [INFO] PluginManager:220 - loadIPPluginJar : add radio
2025-12-30 07:32:31,558 [INFO] IPUIPlugin:80 - create IPUIPlugin
2025-12-30 07:32:31,559 [INFO] PluginManager:220 - loadIPPluginJar : add mdma
2025-12-30 07:32:31,563 [INFO] IPUIPlugin:80 - create IPUIPlugin
2025-12-30 07:32:31,563 [INFO] PluginManager:220 - loadIPPluginJar : add resmgrutility
2025-12-30 07:32:31,737 [FATAL] Updater:351 - Updater called before beeing initialized
2025-12-30 07:32:31,786 [INFO] RulesReader:64 - Compatibility file has been processed (317 Rules)
2025-12-30 07:32:31,809 [INFO] RulesReader:64 - Compatibility file has been processed (317 Rules)
2025-12-30 07:32:31,819 [INFO] CADModel:165 - CPN selected for project level
2025-12-30 07:32:31,820 [INFO] CADModel:114 - Register for checkConnection events
2025-12-30 07:32:31,820 [FATAL] Updater:351 - Updater called before beeing initialized
2025-12-30 07:32:31,820 [ERROR] CADModel:125 - Updater not yet initialized, retry later 
2025-12-30 07:32:32,009 [FATAL] Updater:351 - Updater called before beeing initialized
2025-12-30 07:32:32,011 [INFO] CADModel:165 - CPN selected for project level
2025-12-30 07:32:32,011 [INFO] CADModel:114 - Register for checkConnection events
2025-12-30 07:32:32,012 [FATAL] Updater:351 - Updater called before beeing initialized
2025-12-30 07:32:32,012 [ERROR] CADModel:125 - Updater not yet initialized, retry later 
2025-12-30 07:32:32,016 [FATAL] Updater:351 - Updater called before beeing initialized
2025-12-30 07:32:32,152 [FATAL] Updater:351 - Updater called before beeing initialized
2025-12-30 07:32:32,157 [INFO] DbMcusAds:53 - JSON generation date=Mon Dec 15 20:11:46 BRT 2025 (1765840306209)
2025-12-30 07:32:32,158 [FATAL] Updater:351 - Updater called before beeing initialized
2025-12-30 07:32:32,224 [WARN] DetailPanel:346 - Failed to get advertising image, set to default
2025-12-30 07:32:32,386 [FATAL] Updater:351 - Updater called before beeing initialized
2025-12-30 07:32:32,388 [FATAL] Updater:351 - Updater called before beeing initialized
2025-12-30 07:32:32,388 [FATAL] Updater:351 - Updater called before beeing initialized
2025-12-30 07:32:32,388 [WARN] DetailPanel:346 - Failed to get advertising image, set to default
2025-12-30 07:32:32,390 [FATAL] Updater:351 - Updater called before beeing initialized
2025-12-30 07:32:32,450 [ERROR] Updater:1198 - MainUpdater not yet initialized. External WinMGr cannot be set.
2025-12-30 07:32:32,453 [INFO] Updater:1134 - Updater Version found : 6.15.0
2025-12-30 07:32:32,480 [INFO] ApplicationProperties:184 - Using Application install path: /opt/st/stm32cubeide_1.19.0/plugins/com.st.stm32cube.common.mx_6.15.0.202507011659
2025-12-30 07:32:33,223 [INFO] MainUpdater:2872 - connection check result : 10
2025-12-30 07:32:33,225 [INFO] MainUpdater:289 - Updater Check For Update Now.
2025-12-30 07:32:33,226 [INFO] MicroXplorer:498 - Change Database Version : DB.6.0.150
2025-12-30 07:32:33,240 [INFO] McuFinderGlobals:63 - Set McuFinder mode to 2 (CubeIDE integrated)
2025-12-30 07:32:33,243 [INFO] UserAuth:487 - Internet connection configuration mode: 1
2025-12-30 07:32:33,282 [INFO] JxBrowserEngine:152 - Initiate JxBrowser Engine with user profile folder
2025-12-30 07:32:33,477 [WARN] MainUpdater:1193 - Updater busy. Cannot search thirdparties
2025-12-30 07:32:33,478 [INFO] ThirdPartyUpdaterWithRetryManager:96 - Updater plugin is busy. [1/15]
2025-12-30 07:32:33,605 [INFO] CheckServerUpdateThread:120 - End of CheckServer Thread
2025-12-30 07:32:34,963 [INFO] WebApp:169 - Instantiating new browser for Auth
2025-12-30 07:32:37,212 [WARN] PackLoader:240 - Cannot read IP mode file for STMicroelectronics.FP-SNS-MOTENVWB1.1.4.0
2025-12-30 07:32:37,238 [WARN] PackLoader:240 - Cannot read IP mode file for STMicroelectronics.FP-ATR-ASTRA1.2.0.2
2025-12-30 07:32:37,267 [WARN] PackLoader:240 - Cannot read IP mode file for STMicroelectronics.X-CUBE-SMBUS.2.1.0
2025-12-30 07:32:37,288 [WARN] PackLoader:240 - Cannot read IP mode file for STMicroelectronics.X-CUBE-ST60.1.0.0
2025-12-30 07:32:37,411 [WARN] PackLoader:240 - Cannot read IP mode file for STMicroelectronics.X-CUBE-AZRTOS-F7.1.1.0
2025-12-30 07:32:37,549 [WARN] PackLoader:240 - Cannot read IP mode file for Cesanta.I-CUBE-Mongoose.7.19.0
2025-12-30 07:32:37,586 [WARN] PackLoader:240 - Cannot read IP mode file for STMicroelectronics.FP-SNS-MOTENV1.5.1.0
2025-12-30 07:32:37,697 [WARN] PackLoader:240 - Cannot read IP mode file for WES.I-CUBE-Cesium.1.4.0
2025-12-30 07:32:37,824 [INFO] WebApp:463 - Apply proxy settings
2025-12-30 07:32:37,826 [INFO] WebApp:548 - Chromium requires no authentication
2025-12-30 07:32:37,910 [INFO] WebApp:491 - Direct internet connection detected
2025-12-30 07:32:37,995 [WARN] PackLoader:240 - Cannot read IP mode file for Infineon.AIROC-Wi-Fi-Bluetooth-STM32.1.7.1
2025-12-30 07:32:38,027 [INFO] WebApp:900 - Register for checkConnection events
2025-12-30 07:32:38,027 [INFO] WebApp:463 - Apply proxy settings
2025-12-30 07:32:38,028 [INFO] WebApp:548 - Chromium requires no authentication
2025-12-30 07:32:38,032 [INFO] WebApp:491 - Direct internet connection detected
2025-12-30 07:32:38,467 [WARN] PackLoader:240 - Cannot read IP mode file for STMicroelectronics.X-CUBE-AZRTOS-H7.3.4.0
2025-12-30 07:32:38,640 [WARN] PackLoader:240 - Cannot read IP mode file for STMicroelectronics.X-CUBE-DISPLAY.3.0.0
2025-12-30 07:32:38,744 [WARN] PackLoader:240 - Cannot read IP mode file for STMicroelectronics.X-CUBE-NFC10.1.0.0
2025-12-30 07:32:38,841 [WARN] PackLoader:240 - Cannot read IP mode file for STMicroelectronics.X-CUBE-ST60.1.1.0
2025-12-30 07:32:38,848 [INFO] WebApp:191 - Connection restablished
2025-12-30 07:32:38,897 [WARN] PackLoader:240 - Cannot read IP mode file for emotas.I-CUBE-CANOPEN.1.3.0
2025-12-30 07:32:38,938 [WARN] PackLoader:240 - Cannot read IP mode file for STMicroelectronics.X-CUBE-GNSS1.7.1.0
2025-12-30 07:32:39,157 [WARN] PackLoader:240 - Cannot read IP mode file for STMicroelectronics.FP-SNS-STBOX1.2.1.0
2025-12-30 07:32:39,208 [WARN] PackLoader:240 - Cannot read IP mode file for STMicroelectronics.FP-SNS-SMARTAG2.1.2.0
2025-12-30 07:32:39,390 [WARN] PackLoader:240 - Cannot read IP mode file for STMicroelectronics.FP-SNS-FLIGHT1.5.1.0
2025-12-30 07:32:39,527 [INFO] LogOutputStream:77 - [STDOUT_REDIRECT] 1 : Invalid condition id : UX_CORESTACK_Condition cause : null
2025-12-30 07:32:39,535 [INFO] LogOutputStream:77 - [STDOUT_REDIRECT] 1 : Invalid condition id : UX_CORESTACK_Condition cause : null
2025-12-30 07:32:39,538 [INFO] LogOutputStream:77 - [STDOUT_REDIRECT] 1 : Invalid condition id : UX_CORESTACK_Condition cause : null
2025-12-30 07:32:39,540 [INFO] LogOutputStream:77 - [STDOUT_REDIRECT] 1 : Invalid condition id : UX_CORESTACK_Condition cause : null
2025-12-30 07:32:39,554 [INFO] LogOutputStream:77 - [STDOUT_REDIRECT] 1 : Invalid condition id : UX_CORESTACK_Condition cause : null
2025-12-30 07:32:39,584 [WARN] PackLoader:240 - Cannot read IP mode file for STMicroelectronics.X-CUBE-AZRTOS-WL.2.0.0
2025-12-30 07:32:39,591 [WARN] PackLoader:240 - Cannot read IP mode file for STMicroelectronics.FP-SNS-MOTENV1.5.0.0
2025-12-30 07:32:39,622 [WARN] PackLoader:240 - Cannot read IP mode file for STMicroelectronics.X-CUBE-AZRTOS-H7RS.1.2.0
2025-12-30 07:32:39,633 [WARN] PackLoader:240 - Cannot read IP mode file for STMicroelectronics.X-CUBE-BLE2.3.3.0
2025-12-30 07:32:39,755 [WARN] PackLoader:240 - Cannot read IP mode file for STMicroelectronics.X-CUBE-NFC9.1.0.0
2025-12-30 07:32:39,769 [WARN] PackLoader:240 - Cannot read IP mode file for wolfSSL.I-CUBE-wolfSSL.5.8.2
2025-12-30 07:32:39,775 [WARN] PackLoader:240 - Cannot read IP mode file for STMicroelectronics.X-CUBE-BLE1.7.1.0
2025-12-30 07:32:39,779 [WARN] PackLoader:240 - Cannot read IP mode file for wolfSSL.I-CUBE-wolfMQTT.1.19.2
2025-12-30 07:32:39,793 [WARN] PackLoader:240 - Cannot read IP mode file for STMicroelectronics.X-CUBE-FREERTOS.1.4.0
2025-12-30 07:32:39,811 [WARN] PackLoader:240 - Cannot read IP mode file for STMicroelectronics.X-CUBE-EEPRMA1.5.2.0
2025-12-30 07:32:39,841 [WARN] PackLoader:240 - Cannot read IP mode file for STMicroelectronics.X-CUBE-ST67W61.1.1.0
2025-12-30 07:32:39,860 [INFO] WebApp:225 - Starting web application
2025-12-30 07:32:39,863 [INFO] WebApp:593 - Web application path used /opt/st/stm32cubeide_1.19.0/plugins/com.st.stm32cube.common.mx_6.15.0.202507011659/db/plugins/mcufinder/reactClient1/index.html
2025-12-30 07:32:40,062 [WARN] PackLoader:240 - Cannot read IP mode file for STMicroelectronics.X-CUBE-MEMS1.12.0.0
2025-12-30 07:32:40,763 [WARN] PackLoader:240 - Cannot read IP mode file for STMicroelectronics.X-CUBE-AZRTOS-G0.1.1.0
2025-12-30 07:32:40,793 [WARN] PackLoader:240 - Cannot read IP mode file for STMicroelectronics.X-CUBE-SAFEA1.1.2.2
2025-12-30 07:32:40,895 [INFO] UserAuth:487 - Internet connection configuration mode: 1
2025-12-30 07:32:40,914 [WARN] PackLoader:240 - Cannot read IP mode file for STMicroelectronics.X-CUBE-NFC4.3.0.0
2025-12-30 07:32:41,033 [WARN] PackLoader:240 - Cannot read IP mode file for EmbeddedOffice.I-CUBE-FS-RTOS.1.0.1
2025-12-30 07:32:41,104 [WARN] PackLoader:240 - Cannot read IP mode file for STMicroelectronics.X-CUBE-WB05N.2.0.0
2025-12-30 07:32:41,168 [WARN] PackLoader:240 - Cannot read IP mode file for wolfSSL.I-CUBE-wolfTPM.3.8.0
2025-12-30 07:32:41,237 [WARN] PackLoader:240 - Cannot read IP mode file for STMicroelectronics.X-CUBE-TCPP.4.2.0
2025-12-30 07:32:41,259 [WARN] PackLoader:240 - Cannot read IP mode file for RealThread.X-CUBE-RT-Thread_Nano.4.1.1
2025-12-30 07:32:41,273 [WARN] PackLoader:240 - Cannot read IP mode file for STMicroelectronics.FP-ATR-SIGFOX1.3.2.0
2025-12-30 07:32:41,282 [WARN] PackLoader:240 - Cannot read IP mode file for ITTIA_DB.I-CUBE-ITTIADB.8.9.0
2025-12-30 07:32:41,290 [WARN] PackLoader:240 - Cannot read IP mode file for STMicroelectronics.X-CUBE-AI.10.2.0
2025-12-30 07:32:41,510 [WARN] PackLoader:240 - Cannot read IP mode file for SEGGER.I-CUBE-embOS.1.3.1
2025-12-30 07:32:41,638 [WARN] PackLoader:240 - Cannot read IP mode file for STMicroelectronics.X-CUBE-ALGOBUILD.1.4.0
2025-12-30 07:32:41,749 [WARN] PackLoader:240 - Cannot read IP mode file for STMicroelectronics.X-CUBE-MEMS1.11.3.0
2025-12-30 07:32:41,981 [WARN] PackLoader:240 - Cannot read IP mode file for STMicroelectronics.X-CUBE-PM33A1.1.0.0
2025-12-30 07:32:42,087 [WARN] PackLoader:240 - Cannot read IP mode file for STMicroelectronics.X-CUBE-AZRTOS-F4.1.1.0
2025-12-30 07:32:42,095 [WARN] PackLoader:240 - Cannot read IP mode file for STMicroelectronics.X-CUBE-ISPU.2.1.0
2025-12-30 07:32:42,118 [WARN] PackLoader:240 - Cannot read IP mode file for STMicroelectronics.X-CUBE-IPS.3.2.0
2025-12-30 07:32:42,133 [WARN] PackLoader:240 - Cannot read IP mode file for STMicroelectronics.X-CUBE-NFC12.1.0.0
2025-12-30 07:32:42,159 [WARN] PackLoader:240 - Cannot read IP mode file for STMicroelectronics.X-CUBE-AZRTOS-L5.2.0.0
2025-12-30 07:32:42,272 [WARN] PackLoader:240 - Cannot read IP mode file for STMicroelectronics.X-CUBE-NFC6.3.1.0
2025-12-30 07:32:42,295 [WARN] PackLoader:240 - Cannot read IP mode file for STMicroelectronics.X-CUBE-FREERTOS.1.3.1
2025-12-30 07:32:42,317 [WARN] PackLoader:240 - Cannot read IP mode file for STMicroelectronics.X-CUBE-TOUCHGFX.4.26.0
2025-12-30 07:32:42,357 [WARN] PackLoader:240 - Cannot read IP mode file for STMicroelectronics.FP-SNS-STAIOTCFT.1.0.0
2025-12-30 07:32:42,385 [WARN] PackLoader:240 - Cannot read IP mode file for STMicroelectronics.X-CUBE-DPower.1.3.0
2025-12-30 07:32:42,474 [WARN] ConditionMgr:438 - getConditionDescription Invalid condition id : LAN8742 Phy interface Condition cause : null
2025-12-30 07:32:42,475 [WARN] PackLoader:240 - Cannot read IP mode file for STMicroelectronics.X-CUBE-AZRTOS-L4.2.0.0
2025-12-30 07:32:42,477 [WARN] ConditionMgr:1044 - genDependencies : Invalid condition id : LAN8742 Phy interface Condition cause : null
2025-12-30 07:32:42,477 [WARN] ConditionMgr:1044 - genDependencies : Invalid condition id : LAN8742 Phy interface Condition cause : null
2025-12-30 07:32:42,478 [WARN] ConditionMgr:1044 - genDependencies : Invalid condition id : LAN8742 Phy interface Condition cause : null
2025-12-30 07:32:42,491 [WARN] PackLoader:240 - Cannot read IP mode file for STMicroelectronics.X-CUBE-SFXS2LP1.4.0.0
2025-12-30 07:32:42,515 [WARN] PackLoader:240 - Cannot read IP mode file for STMicroelectronics.X-CUBE-BLEMGR.4.1.0
2025-12-30 07:32:42,561 [WARN] ConditionMgr:438 - getConditionDescription Invalid condition id : UX DEVICE CLASS RTOS Condition cause : null
2025-12-30 07:32:42,561 [WARN] ConditionMgr:438 - getConditionDescription Invalid condition id : UX DEVICE CLASS RTOS Condition cause : null
2025-12-30 07:32:42,567 [WARN] PackLoader:240 - Cannot read IP mode file for STMicroelectronics.X-CUBE-AZRTOS-WB.2.0.0
2025-12-30 07:32:42,568 [WARN] ConditionMgr:1044 - genDependencies : Invalid condition id : UX DEVICE CLASS RTOS Condition cause : null
2025-12-30 07:32:42,569 [WARN] ConditionMgr:1044 - genDependencies : Invalid condition id : UX DEVICE CLASS RTOS Condition cause : null
2025-12-30 07:32:42,569 [WARN] ConditionMgr:1044 - genDependencies : Invalid condition id : UX DEVICE CLASS RTOS Condition cause : null
2025-12-30 07:32:42,570 [WARN] ConditionMgr:1044 - genDependencies : Invalid condition id : UX DEVICE CLASS RTOS Condition cause : null
2025-12-30 07:32:42,570 [WARN] ConditionMgr:1044 - genDependencies : Invalid condition id : UX DEVICE CLASS RTOS Condition cause : null
2025-12-30 07:32:42,593 [WARN] PackLoader:240 - Cannot read IP mode file for STMicroelectronics.X-CUBE-GNSS1.7.0.1
2025-12-30 07:32:42,624 [WARN] ConditionMgr:438 - getConditionDescription Invalid condition id : Cortex-A Device cause : null
2025-12-30 07:32:42,685 [WARN] ConditionMgr:1044 - genDependencies : Invalid condition id : Cortex-A Device cause : null
2025-12-30 07:32:42,685 [WARN] ConditionMgr:1044 - genDependencies : Invalid condition id : Cortex-A Device cause : null
2025-12-30 07:32:42,685 [WARN] ConditionMgr:1044 - genDependencies : Invalid condition id : Cortex-A Device cause : null
2025-12-30 07:32:42,721 [WARN] PackLoader:240 - Cannot read IP mode file for STMicroelectronics.X-CUBE-SUBG2.5.0.0
2025-12-30 07:32:42,760 [WARN] PackLoader:240 - Cannot read IP mode file for STMicroelectronics.X-CUBE-AZRTOS-H7RS.1.1.0
2025-12-30 07:32:42,872 [WARN] PackLoader:240 - Cannot read IP mode file for STMicroelectronics.X-CUBE-AZRTOS-G4.2.0.0
2025-12-30 07:32:42,926 [WARN] PackLoader:240 - Cannot read IP mode file for wolfSSL.I-CUBE-wolfSSH.1.4.20
2025-12-30 07:32:42,941 [WARN] PackLoader:240 - Cannot read IP mode file for STMicroelectronics.X-CUBE-NFC7.2.0.0
2025-12-30 07:32:42,981 [WARN] PackLoader:240 - Cannot read IP mode file for STMicroelectronics.X-CUBE-ALS.1.0.2
2025-12-30 07:32:43,001 [WARN] PackLoader:240 - Cannot read IP mode file for STMicroelectronics.X-CUBE-STSE01.1.0.0
2025-12-30 07:32:43,130 [WARN] PackLoader:240 - Cannot read IP mode file for STMicroelectronics.X-CUBE-TOF1.3.4.3
2025-12-30 07:32:43,148 [INFO] ThirdParty:978 - Integrity check success = true
2025-12-30 07:32:43,157 [INFO] IntegrityCheckThread:100 - exiting critical section [integrity check]
2025-12-30 07:32:43,159 [INFO] IntegrityCheckThread:103 - End integrity checks thread
2025-12-30 07:41:37,781 [INFO] LogOutputStream:77 - [STDOUT_REDIRECT] StartTraceHandler.execute(), success : Collect=true
2025-12-30 07:42:02,403 [INFO] LogOutputStream:77 - [STDOUT_REDIRECT] StartTraceHandler.execute(), success : Collect=false
2025-12-30 07:42:04,627 [INFO] LogOutputStream:77 - [STDOUT_REDIRECT] StartTraceHandler.execute(), success : Collect=true
2025-12-30 07:42:06,118 [INFO] LogOutputStream:77 - [STDOUT_REDIRECT] StartTraceHandler.execute(), success : Collect=false
2025-12-30 07:42:06,419 [INFO] LogOutputStream:77 - [STDOUT_REDIRECT] StartTraceHandler.execute(), success : Collect=true
2025-12-30 07:42:06,547 [INFO] LogOutputStream:77 - [STDOUT_REDIRECT] StartTraceHandler.execute(), success : Collect=false
2025-12-30 07:42:08,517 [INFO] LogOutputStream:77 - [STDOUT_REDIRECT] StartTraceHandler.execute(), success : Collect=true
2025-12-30 07:42:08,661 [INFO] LogOutputStream:77 - [STDOUT_REDIRECT] StartTraceHandler.execute(), success : Collect=false
2025-12-30 07:42:08,852 [INFO] LogOutputStream:77 - [STDOUT_REDIRECT] StartTraceHandler.execute(), success : Collect=true
2025-12-30 07:44:22,381 [INFO] LogOutputStream:77 - [STDOUT_REDIRECT] StartTraceHandler.execute(), success : Collect=false
2025-12-30 07:44:28,688 [INFO] LogOutputStream:77 - [STDOUT_REDIRECT] StartTraceHandler.execute(), success : Collect=true
2025-12-30 07:44:29,410 [INFO] LogOutputStream:77 - [STDOUT_REDIRECT] StartTraceHandler.execute(), success : Collect=false
2025-12-30 07:44:30,386 [INFO] LogOutputStream:77 - [STDOUT_REDIRECT] StartTraceHandler.execute(), success : Collect=true
2025-12-30 07:54:58,829 [INFO] WebApp:194 - Connection lost
2025-12-30 07:54:59,206 [INFO] WebApp:191 - Connection restablished
2025-12-30 08:14:04,472 [ERROR] ConfigurationRetriever:142 - IOException on connection: Connect timed out
2025-12-30 08:14:53,518 [INFO] LogOutputStream:77 - [STDOUT_REDIRECT] StartTraceHandler.execute(), success : Collect=true
2025-12-30 08:22:09,909 [INFO] LogOutputStream:77 - [STDOUT_REDIRECT] StartTraceHandler.execute(), success : Collect=false
2025-12-30 08:22:11,572 [INFO] LogOutputStream:77 - [STDOUT_REDIRECT] StartTraceHandler.execute(), success : Collect=true
2025-12-30 08:22:12,154 [INFO] LogOutputStream:77 - [STDOUT_REDIRECT] StartTraceHandler.execute(), success : Collect=false
2025-12-30 08:22:13,769 [INFO] LogOutputStream:77 - [STDOUT_REDIRECT] StartTraceHandler.execute(), success : Collect=true
2025-12-30 08:25:56,906 [INFO] LogOutputStream:77 - [STDOUT_REDIRECT] StartTraceHandler.execute(), success : Collect=false
2025-12-30 13:41:26,748 [ERROR] ConfigurationRetriever:142 - IOException on connection: Read timed out
2025-12-30 14:27:40,373 [INFO] LogOutputStream:77 - [STDOUT_REDIRECT] StartTraceHandler.execute(), success : Collect=true
