2025-12-24 07:27:47,211 [INFO] Activator:176 - 


2025-12-24 07:27:47,213 [INFO] Activator:177 - !SESSION log4j initialized
2025-12-24 07:27:54,000 [INFO] LogOutputStream:77 - [STDOUT_REDIRECT] 
2025-12-24 07:27:56,992 [INFO] ApplicationProperties:184 - Using Application install path: /opt/st/stm32cubeide_1.19.0/plugins/com.st.stm32cube.common.mx_6.15.0.202507011659
2025-12-24 07:27:57,015 [INFO] DbMcusXml:78 - Set database path to: /opt/st/stm32cubeide_1.19.0/plugins/com.st.stm32cube.common.mx_6.15.0.202507011659//db//mcu/
2025-12-24 07:27:57,015 [INFO] ApiDb:274 - Set plugin database path to: /opt/st/stm32cubeide_1.19.0/plugins/com.st.stm32cube.common.mx_6.15.0.202507011659//db//plugins/boardmanager/
2025-12-24 07:27:57,016 [WARN] ApiDb:259 - Overriding images path with different value:  => /opt/st/stm32cubeide_1.19.0/plugins/com.st.stm32cube.common.mx_6.15.0.202507011659//db//plugins/mcufinder/images/
2025-12-24 07:27:57,027 [INFO] ApiDb:250 - Set database path to: /home/etienne.lima/.stmcufinder/plugins/mcufinder//mcu/
2025-12-24 07:27:57,028 [INFO] DbMcusAds:125 - Set database path to: /home/etienne.lima/.stmcufinder/plugins/mcufinder//mcu/
2025-12-24 07:27:57,032 [INFO] CrossReferenceDbSqlite:203 - Set database path to: /home/etienne.lima/.stmcufinder/plugins/mcufinder//mcu/cs/
2025-12-24 07:27:57,231 [INFO] RulesReader:64 - Compatibility file has been processed (317 Rules)
2025-12-24 07:27:57,342 [INFO] DbMcusXml:78 - Set database path to: /opt/st/stm32cubeide_1.19.0/plugins/com.st.stm32cube.common.mx_6.15.0.202507011659//db//mcu/
2025-12-24 07:27:57,342 [INFO] ApiDb:274 - Set plugin database path to: /opt/st/stm32cubeide_1.19.0/plugins/com.st.stm32cube.common.mx_6.15.0.202507011659//db//plugins/boardmanager/
2025-12-24 07:27:57,343 [INFO] ApiDb:261 - Set plugin images path to: /opt/st/stm32cubeide_1.19.0/plugins/com.st.stm32cube.common.mx_6.15.0.202507011659//db//plugins/mcufinder/images/
2025-12-24 07:27:57,343 [WARN] DbFile:41 - Overriding database path with different value: /home/etienne.lima/.stmcufinder/plugins/mcufinder/ => /home/etienne.lima/.stmcufinder/plugins/mcufinder
2025-12-24 07:27:57,344 [INFO] ApiDb:250 - Set database path to: /home/etienne.lima/.stmcufinder/plugins/mcufinder//mcu/
2025-12-24 07:27:57,344 [WARN] DbFile:41 - Overriding database path with different value: /home/etienne.lima/.stmcufinder/plugins/mcufinder/ => /home/etienne.lima/.stmcufinder/plugins/mcufinder
2025-12-24 07:27:57,345 [INFO] DbMcusAds:125 - Set database path to: /home/etienne.lima/.stmcufinder/plugins/mcufinder//mcu/
2025-12-24 07:27:57,345 [WARN] DbFile:41 - Overriding database path with different value: /home/etienne.lima/.stmcufinder/plugins/mcufinder/ => /home/etienne.lima/.stmcufinder/plugins/mcufinder
2025-12-24 07:27:57,346 [WARN] DbFile:41 - Overriding database path with different value: /home/etienne.lima/.stmcufinder/plugins/mcufinder/ => /home/etienne.lima/.stmcufinder/plugins/mcufinder
2025-12-24 07:27:57,346 [INFO] CrossReferenceDbSqlite:203 - Set database path to: /home/etienne.lima/.stmcufinder/plugins/mcufinder//mcu/cs/
2025-12-24 07:27:57,447 [INFO] MainPanel:274 - HeapMemory: 268435456
2025-12-24 07:27:57,665 [INFO] DbMcusXml:78 - Set database path to: /opt/st/stm32cubeide_1.19.0/plugins/com.st.stm32cube.common.mx_6.15.0.202507011659//db//mcu/
2025-12-24 07:27:57,665 [INFO] ApiDb:274 - Set plugin database path to: /opt/st/stm32cubeide_1.19.0/plugins/com.st.stm32cube.common.mx_6.15.0.202507011659//db//plugins/boardmanager/
2025-12-24 07:27:57,666 [INFO] ApiDb:261 - Set plugin images path to: /opt/st/stm32cubeide_1.19.0/plugins/com.st.stm32cube.common.mx_6.15.0.202507011659//db//plugins/mcufinder/images/
2025-12-24 07:27:57,666 [WARN] DbFile:41 - Overriding database path with different value: /home/etienne.lima/.stmcufinder/plugins/mcufinder/ => /home/etienne.lima/.stmcufinder/plugins/mcufinder
2025-12-24 07:27:57,667 [INFO] ApiDb:250 - Set database path to: /home/etienne.lima/.stmcufinder/plugins/mcufinder//mcu/
2025-12-24 07:27:57,667 [WARN] DbFile:41 - Overriding database path with different value: /home/etienne.lima/.stmcufinder/plugins/mcufinder/ => /home/etienne.lima/.stmcufinder/plugins/mcufinder
2025-12-24 07:27:57,668 [INFO] DbMcusAds:125 - Set database path to: /home/etienne.lima/.stmcufinder/plugins/mcufinder//mcu/
2025-12-24 07:27:57,668 [WARN] DbFile:41 - Overriding database path with different value: /home/etienne.lima/.stmcufinder/plugins/mcufinder/ => /home/etienne.lima/.stmcufinder/plugins/mcufinder
2025-12-24 07:27:57,668 [WARN] DbFile:41 - Overriding database path with different value: /home/etienne.lima/.stmcufinder/plugins/mcufinder/ => /home/etienne.lima/.stmcufinder/plugins/mcufinder
2025-12-24 07:27:57,669 [INFO] CrossReferenceDbSqlite:203 - Set database path to: /home/etienne.lima/.stmcufinder/plugins/mcufinder//mcu/cs/
2025-12-24 07:27:57,718 [INFO] ApplicationProperties:184 - Using Application install path: /opt/st/stm32cubeide_1.19.0/plugins/com.st.stm32cube.common.mx_6.15.0.202507011659
2025-12-24 07:27:57,722 [INFO] PluginManage:196 - Search for loadable plugins [exclusion list=, ]
2025-12-24 07:27:57,724 [INFO] PluginManage:310 - Check plugin analytics
2025-12-24 07:27:58,021 [INFO] AnalyticsPlugin:253 - Accepted Software Licenses: 
2025-12-24 07:27:58,022 [INFO] AnalyticsPlugin:255 - Accepted CMSIS Pack Licenses: 
2025-12-24 07:27:58,022 [INFO] AnalyticsPlugin:257 - Accepted Firmware Licenses: FW.F4.1.28.0,FW.F4.1.27.0,FW.C0.1.4.0,FW.WB.1.23.0,FW.WL.1.3.0,FW.L4.1.18.0
2025-12-24 07:27:58,026 [INFO] PluginManage:359 - Loaded plugin analytics (category:tool,tabindex:-1)
2025-12-24 07:27:58,027 [INFO] PluginManage:310 - Check plugin cadmodel
2025-12-24 07:27:58,035 [INFO] CADModel:105 - Init CAD model plugin
2025-12-24 07:27:58,036 [INFO] PluginManage:359 - Loaded plugin cadmodel (category:power,tabindex:5)
2025-12-24 07:27:58,036 [INFO] PluginManage:310 - Check plugin clock
2025-12-24 07:27:58,052 [INFO] PluginManage:359 - Loaded plugin clock (category:base,tabindex:2)
2025-12-24 07:27:58,053 [INFO] PluginManage:310 - Check plugin ddr
2025-12-24 07:27:58,057 [INFO] PluginManage:359 - Loaded plugin ddr (category:tool,tabindex:6)
2025-12-24 07:27:58,058 [INFO] PluginManage:310 - Check plugin filemanager
2025-12-24 07:27:58,271 [INFO] PluginManage:359 - Loaded plugin filemanager (category:base,tabindex:10)
2025-12-24 07:27:58,271 [INFO] PluginManage:310 - Check plugin ipmanager
2025-12-24 07:27:58,279 [INFO] PluginManage:359 - Loaded plugin ipmanager (category:base,tabindex:5)
2025-12-24 07:27:58,279 [INFO] PluginManage:310 - Check plugin lpbam
2025-12-24 07:27:58,293 [INFO] PluginManage:359 - Loaded plugin lpbam (category:base,tabindex:0)
2025-12-24 07:27:58,294 [INFO] PluginManage:310 - Check plugin memorymap
2025-12-24 07:27:58,311 [INFO] PluginManage:359 - Loaded plugin memorymap (category:base,tabindex:4)
2025-12-24 07:27:58,311 [INFO] PluginManage:310 - Check plugin pinoutandconfiguration
2025-12-24 07:27:58,325 [INFO] PluginManage:359 - Loaded plugin pinoutandconfiguration (category:base,tabindex:1)
2025-12-24 07:27:58,325 [INFO] PluginManage:310 - Check plugin pinoutconfig
2025-12-24 07:27:58,513 [WARN] SupportedApi:132 - Cannot load RTOS API schema: s4s-elt-must-match.1: The content of 'definitions' must match (annotation?, (simpleType | complexType)?, (unique | key | keyref)*)). A problem was found starting at: attribute.
2025-12-24 07:27:58,764 [INFO] PluginManage:359 - Loaded plugin pinoutconfig (category:base,tabindex:0)
2025-12-24 07:27:58,764 [INFO] PluginManage:310 - Check plugin power
2025-12-24 07:27:58,780 [INFO] PluginManage:359 - Loaded plugin power (category:power,tabindex:4)
2025-12-24 07:27:58,780 [INFO] PluginManage:310 - Check plugin projectmanager
2025-12-24 07:27:58,804 [INFO] PluginManage:359 - Loaded plugin projectmanager (category:projectmanager,tabindex:4)
2025-12-24 07:27:58,804 [INFO] PluginManage:310 - Check plugin rif
2025-12-24 07:27:58,816 [INFO] PluginManage:359 - Loaded plugin rif (category:base,tabindex:3)
2025-12-24 07:27:58,817 [INFO] PluginManage:310 - Check plugin thirdparty
2025-12-24 07:27:59,030 [WARN] IntegrityCheckThread:84 - waiting for thirdparty lock release [integrity check]
2025-12-24 07:27:59,030 [INFO] IntegrityCheckThread:86 - entering critical section [integrity check]
2025-12-24 07:27:59,031 [INFO] ThirdPartyUpdaterWithRetryManager:70 - Updater plugin not ready yet. [1/15]
2025-12-24 07:27:59,030 [INFO] PluginManage:359 - Loaded plugin thirdparty (category:base,tabindex:-1)
2025-12-24 07:27:59,032 [INFO] PluginManage:310 - Check plugin tools
2025-12-24 07:27:59,036 [INFO] PluginManage:359 - Loaded plugin tools (category:base,tabindex:7)
2025-12-24 07:27:59,036 [INFO] PluginManage:310 - Check plugin tutovideos
2025-12-24 07:27:59,361 [INFO] PluginManage:359 - Loaded plugin tutovideos (category:base,tabindex:-1)
2025-12-24 07:27:59,362 [INFO] PluginManage:310 - Check plugin updater
2025-12-24 07:27:59,398 [INFO] PluginManage:359 - Loaded plugin updater (category:base,tabindex:12)
2025-12-24 07:27:59,398 [INFO] PluginManage:310 - Check plugin userauth
2025-12-24 07:27:59,403 [INFO] UserAuth:118 - Init User Auth plugin
2025-12-24 07:27:59,404 [INFO] PluginManage:359 - Loaded plugin userauth (category:base,tabindex:14)
2025-12-24 07:27:59,404 [INFO] PluginManage:283 - PluginManage : Loaded plugins [18]
2025-12-24 07:27:59,625 [INFO] PinOutPanel:1589 - setPackage(No Configuration,No Configuration)
2025-12-24 07:27:59,731 [INFO] CADModel:165 - CPN selected for project level
2025-12-24 07:27:59,732 [INFO] CADModel:114 - Register for checkConnection events
2025-12-24 07:27:59,745 [INFO] IPUIPlugin:80 - create IPUIPlugin
2025-12-24 07:27:59,745 [INFO] PluginManager:220 - loadIPPluginJar : add ddr_ctrl_phy
2025-12-24 07:27:59,748 [INFO] IPUIPlugin:80 - create IPUIPlugin
2025-12-24 07:27:59,749 [INFO] PluginManager:220 - loadIPPluginJar : add sai
2025-12-24 07:27:59,750 [INFO] IPUIPlugin:80 - create IPUIPlugin
2025-12-24 07:27:59,750 [INFO] PluginManager:220 - loadIPPluginJar : add fatfs
2025-12-24 07:27:59,753 [INFO] IPUIPlugin:80 - create IPUIPlugin
2025-12-24 07:27:59,753 [INFO] PluginManager:220 - loadIPPluginJar : add gfxmmu
2025-12-24 07:27:59,755 [INFO] IPUIPlugin:80 - create IPUIPlugin
2025-12-24 07:27:59,755 [INFO] PluginManager:220 - loadIPPluginJar : add quadspi
2025-12-24 07:27:59,758 [INFO] IPUIPlugin:80 - create IPUIPlugin
2025-12-24 07:27:59,758 [INFO] PluginManager:220 - loadIPPluginJar : add spi
2025-12-24 07:27:59,762 [INFO] IPUIPlugin:80 - create IPUIPlugin
2025-12-24 07:27:59,762 [INFO] PluginManager:220 - loadIPPluginJar : add opamp
2025-12-24 07:27:59,765 [INFO] IPUIPlugin:80 - create IPUIPlugin
2025-12-24 07:27:59,765 [INFO] PluginManager:220 - loadIPPluginJar : add usbx
2025-12-24 07:27:59,770 [INFO] IPUIPlugin:80 - create IPUIPlugin
2025-12-24 07:27:59,770 [INFO] PluginManager:220 - loadIPPluginJar : add dma
2025-12-24 07:27:59,773 [INFO] IPUIPlugin:80 - create IPUIPlugin
2025-12-24 07:27:59,773 [INFO] PluginManager:220 - loadIPPluginJar : add cryp
2025-12-24 07:27:59,776 [INFO] IPUIPlugin:80 - create IPUIPlugin
2025-12-24 07:27:59,776 [INFO] PluginManager:220 - loadIPPluginJar : add touchsensing
2025-12-24 07:27:59,783 [INFO] IPUIPlugin:80 - create IPUIPlugin
2025-12-24 07:27:59,783 [INFO] PluginManager:220 - loadIPPluginJar : add freertos
2025-12-24 07:27:59,785 [INFO] IPUIPlugin:80 - create IPUIPlugin
2025-12-24 07:27:59,786 [INFO] PluginManager:220 - loadIPPluginJar : add genericplugin
2025-12-24 07:27:59,788 [INFO] IPUIPlugin:80 - create IPUIPlugin
2025-12-24 07:27:59,788 [INFO] PluginManager:220 - loadIPPluginJar : add tsc
2025-12-24 07:27:59,792 [INFO] IPUIPlugin:80 - create IPUIPlugin
2025-12-24 07:27:59,793 [INFO] PluginManager:220 - loadIPPluginJar : add gic
2025-12-24 07:27:59,800 [INFO] IPUIPlugin:80 - create IPUIPlugin
2025-12-24 07:27:59,800 [INFO] PluginManager:220 - loadIPPluginJar : add stm32_wpan
2025-12-24 07:27:59,802 [INFO] IPUIPlugin:80 - create IPUIPlugin
2025-12-24 07:27:59,802 [INFO] PluginManager:220 - loadIPPluginJar : add i2s
2025-12-24 07:27:59,805 [INFO] IPUIPlugin:80 - create IPUIPlugin
2025-12-24 07:27:59,805 [INFO] PluginManager:220 - loadIPPluginJar : add extmemmanager
2025-12-24 07:27:59,807 [INFO] IPUIPlugin:80 - create IPUIPlugin
2025-12-24 07:27:59,807 [INFO] PluginManager:220 - loadIPPluginJar : add ts
2025-12-24 07:27:59,809 [INFO] IPUIPlugin:80 - create IPUIPlugin
2025-12-24 07:27:59,809 [INFO] PluginManager:220 - loadIPPluginJar : add ltdc
2025-12-24 07:27:59,811 [INFO] IPUIPlugin:80 - create IPUIPlugin
2025-12-24 07:27:59,811 [INFO] PluginManager:220 - loadIPPluginJar : add tracer_emb
2025-12-24 07:27:59,814 [INFO] IPUIPlugin:80 - create IPUIPlugin
2025-12-24 07:27:59,814 [INFO] PluginManager:220 - loadIPPluginJar : add can
2025-12-24 07:27:59,817 [INFO] IPUIPlugin:80 - create IPUIPlugin
2025-12-24 07:27:59,818 [INFO] PluginManager:220 - loadIPPluginJar : add aes
2025-12-24 07:27:59,819 [INFO] IPUIPlugin:80 - create IPUIPlugin
2025-12-24 07:27:59,820 [INFO] PluginManager:220 - loadIPPluginJar : add comp
2025-12-24 07:27:59,822 [INFO] IPUIPlugin:80 - create IPUIPlugin
2025-12-24 07:27:59,823 [INFO] PluginManager:220 - loadIPPluginJar : add i2c
2025-12-24 07:27:59,825 [INFO] IPUIPlugin:80 - create IPUIPlugin
2025-12-24 07:27:59,826 [INFO] PluginManager:220 - loadIPPluginJar : add lorawan
2025-12-24 07:27:59,828 [INFO] IPUIPlugin:80 - create IPUIPlugin
2025-12-24 07:27:59,828 [INFO] PluginManager:220 - loadIPPluginJar : add ucpd
2025-12-24 07:27:59,830 [INFO] IPUIPlugin:80 - create IPUIPlugin
2025-12-24 07:27:59,830 [INFO] PluginManager:220 - loadIPPluginJar : add hash
2025-12-24 07:27:59,835 [INFO] IPUIPlugin:80 - create IPUIPlugin
2025-12-24 07:27:59,835 [INFO] PluginManager:220 - loadIPPluginJar : add gpio
2025-12-24 07:27:59,838 [INFO] IPUIPlugin:80 - create IPUIPlugin
2025-12-24 07:27:59,838 [INFO] PluginManager:220 - loadIPPluginJar : add pdm2pcm
2025-12-24 07:27:59,842 [INFO] IPUIPlugin:80 - create IPUIPlugin
2025-12-24 07:27:59,842 [INFO] PluginManager:220 - loadIPPluginJar : add nvic
2025-12-24 07:27:59,845 [INFO] IPUIPlugin:80 - create IPUIPlugin
2025-12-24 07:27:59,845 [INFO] PluginManager:220 - loadIPPluginJar : add dma3
2025-12-24 07:27:59,847 [INFO] IPUIPlugin:80 - create IPUIPlugin
2025-12-24 07:27:59,848 [INFO] PluginManager:220 - loadIPPluginJar : add openamp
2025-12-24 07:27:59,851 [INFO] IPUIPlugin:80 - create IPUIPlugin
2025-12-24 07:27:59,851 [INFO] PluginManager:220 - loadIPPluginJar : add ipddr
2025-12-24 07:27:59,853 [INFO] IPUIPlugin:80 - create IPUIPlugin
2025-12-24 07:27:59,853 [INFO] PluginManager:220 - loadIPPluginJar : add gtzc
2025-12-24 07:27:59,855 [INFO] IPUIPlugin:80 - create IPUIPlugin
2025-12-24 07:27:59,855 [INFO] PluginManager:220 - loadIPPluginJar : add tim
2025-12-24 07:27:59,859 [INFO] IPUIPlugin:80 - create IPUIPlugin
2025-12-24 07:27:59,859 [INFO] PluginManager:220 - loadIPPluginJar : add fmc
2025-12-24 07:27:59,862 [INFO] IPUIPlugin:80 - create IPUIPlugin
2025-12-24 07:27:59,862 [INFO] PluginManager:220 - loadIPPluginJar : add i3c
2025-12-24 07:27:59,868 [INFO] IPUIPlugin:80 - create IPUIPlugin
2025-12-24 07:27:59,871 [INFO] PluginManager:220 - loadIPPluginJar : add plateformsettings
2025-12-24 07:27:59,873 [INFO] IPUIPlugin:80 - create IPUIPlugin
2025-12-24 07:27:59,873 [INFO] PluginManager:220 - loadIPPluginJar : add dfsdm
2025-12-24 07:27:59,879 [INFO] IPUIPlugin:80 - create IPUIPlugin
2025-12-24 07:27:59,879 [INFO] PluginManager:220 - loadIPPluginJar : add adc
2025-12-24 07:27:59,882 [INFO] IPUIPlugin:80 - create IPUIPlugin
2025-12-24 07:27:59,882 [INFO] PluginManager:220 - loadIPPluginJar : add usart
2025-12-24 07:27:59,889 [INFO] IPUIPlugin:80 - create IPUIPlugin
2025-12-24 07:27:59,890 [INFO] PluginManager:220 - loadIPPluginJar : add linkedlist
2025-12-24 07:27:59,891 [INFO] IPUIPlugin:80 - create IPUIPlugin
2025-12-24 07:27:59,892 [INFO] PluginManager:220 - loadIPPluginJar : add radio
2025-12-24 07:27:59,898 [INFO] IPUIPlugin:80 - create IPUIPlugin
2025-12-24 07:27:59,898 [INFO] PluginManager:220 - loadIPPluginJar : add mdma
2025-12-24 07:27:59,902 [INFO] IPUIPlugin:80 - create IPUIPlugin
2025-12-24 07:27:59,902 [INFO] PluginManager:220 - loadIPPluginJar : add resmgrutility
2025-12-24 07:28:00,015 [FATAL] Updater:351 - Updater called before beeing initialized
2025-12-24 07:28:00,060 [INFO] RulesReader:64 - Compatibility file has been processed (317 Rules)
2025-12-24 07:28:00,076 [INFO] RulesReader:64 - Compatibility file has been processed (317 Rules)
2025-12-24 07:28:00,085 [INFO] CADModel:165 - CPN selected for project level
2025-12-24 07:28:00,085 [INFO] CADModel:114 - Register for checkConnection events
2025-12-24 07:28:00,085 [FATAL] Updater:351 - Updater called before beeing initialized
2025-12-24 07:28:00,085 [ERROR] CADModel:125 - Updater not yet initialized, retry later 
2025-12-24 07:28:00,253 [FATAL] Updater:351 - Updater called before beeing initialized
2025-12-24 07:28:00,256 [INFO] CADModel:165 - CPN selected for project level
2025-12-24 07:28:00,256 [INFO] CADModel:114 - Register for checkConnection events
2025-12-24 07:28:00,256 [FATAL] Updater:351 - Updater called before beeing initialized
2025-12-24 07:28:00,256 [ERROR] CADModel:125 - Updater not yet initialized, retry later 
2025-12-24 07:28:00,260 [FATAL] Updater:351 - Updater called before beeing initialized
2025-12-24 07:28:00,414 [FATAL] Updater:351 - Updater called before beeing initialized
2025-12-24 07:28:00,422 [INFO] DbMcusAds:53 - JSON generation date=Mon Dec 15 20:11:46 BRT 2025 (1765840306209)
2025-12-24 07:28:00,423 [FATAL] Updater:351 - Updater called before beeing initialized
2025-12-24 07:28:00,471 [WARN] DetailPanel:346 - Failed to get advertising image, set to default
2025-12-24 07:28:00,595 [FATAL] Updater:351 - Updater called before beeing initialized
2025-12-24 07:28:00,596 [FATAL] Updater:351 - Updater called before beeing initialized
2025-12-24 07:28:00,597 [FATAL] Updater:351 - Updater called before beeing initialized
2025-12-24 07:28:00,597 [WARN] DetailPanel:346 - Failed to get advertising image, set to default
2025-12-24 07:28:00,598 [FATAL] Updater:351 - Updater called before beeing initialized
2025-12-24 07:28:00,679 [ERROR] Updater:1198 - MainUpdater not yet initialized. External WinMGr cannot be set.
2025-12-24 07:28:00,682 [INFO] Updater:1134 - Updater Version found : 6.15.0
2025-12-24 07:28:00,711 [INFO] ApplicationProperties:184 - Using Application install path: /opt/st/stm32cubeide_1.19.0/plugins/com.st.stm32cube.common.mx_6.15.0.202507011659
2025-12-24 07:28:02,032 [INFO] ThirdPartyUpdaterWithRetryManager:70 - Updater plugin not ready yet. [2/15]
2025-12-24 07:28:02,289 [INFO] MainUpdater:2872 - connection check result : 10
2025-12-24 07:28:02,291 [INFO] MainUpdater:289 - Updater Check For Update Now.
2025-12-24 07:28:02,291 [INFO] MicroXplorer:498 - Change Database Version : DB.6.0.150
2025-12-24 07:28:02,301 [INFO] McuFinderGlobals:63 - Set McuFinder mode to 2 (CubeIDE integrated)
2025-12-24 07:28:02,305 [INFO] UserAuth:487 - Internet connection configuration mode: 1
2025-12-24 07:28:02,345 [INFO] JxBrowserEngine:152 - Initiate JxBrowser Engine with user profile folder
2025-12-24 07:28:02,605 [INFO] CheckServerUpdateThread:120 - End of CheckServer Thread
2025-12-24 07:28:05,576 [WARN] PackLoader:240 - Cannot read IP mode file for STMicroelectronics.FP-SNS-MOTENVWB1.1.4.0
2025-12-24 07:28:05,594 [WARN] PackLoader:240 - Cannot read IP mode file for STMicroelectronics.FP-ATR-ASTRA1.2.0.2
2025-12-24 07:28:05,618 [WARN] PackLoader:240 - Cannot read IP mode file for STMicroelectronics.X-CUBE-SMBUS.2.1.0
2025-12-24 07:28:05,652 [WARN] PackLoader:240 - Cannot read IP mode file for STMicroelectronics.X-CUBE-ST60.1.0.0
2025-12-24 07:28:05,768 [WARN] PackLoader:240 - Cannot read IP mode file for STMicroelectronics.X-CUBE-AZRTOS-F7.1.1.0
2025-12-24 07:28:05,785 [WARN] PackLoader:240 - Cannot read IP mode file for Cesanta.I-CUBE-Mongoose.7.19.0
2025-12-24 07:28:05,820 [WARN] PackLoader:240 - Cannot read IP mode file for STMicroelectronics.FP-SNS-MOTENV1.5.1.0
2025-12-24 07:28:05,915 [WARN] PackLoader:240 - Cannot read IP mode file for WES.I-CUBE-Cesium.1.4.0
2025-12-24 07:28:06,008 [WARN] PackLoader:240 - Cannot read IP mode file for Infineon.AIROC-Wi-Fi-Bluetooth-STM32.1.7.1
2025-12-24 07:28:06,141 [WARN] PackLoader:240 - Cannot read IP mode file for STMicroelectronics.X-CUBE-AZRTOS-H7.3.4.0
2025-12-24 07:28:06,203 [WARN] PackLoader:240 - Cannot read IP mode file for STMicroelectronics.X-CUBE-DISPLAY.3.0.0
2025-12-24 07:28:06,224 [WARN] PackLoader:240 - Cannot read IP mode file for STMicroelectronics.X-CUBE-NFC10.1.0.0
2025-12-24 07:28:06,267 [WARN] PackLoader:240 - Cannot read IP mode file for STMicroelectronics.X-CUBE-ST60.1.1.0
2025-12-24 07:28:06,282 [WARN] PackLoader:240 - Cannot read IP mode file for emotas.I-CUBE-CANOPEN.1.3.0
2025-12-24 07:28:06,298 [WARN] PackLoader:240 - Cannot read IP mode file for STMicroelectronics.X-CUBE-GNSS1.7.1.0
2025-12-24 07:28:06,345 [WARN] PackLoader:240 - Cannot read IP mode file for STMicroelectronics.FP-SNS-STBOX1.2.1.0
2025-12-24 07:28:06,362 [WARN] PackLoader:240 - Cannot read IP mode file for STMicroelectronics.FP-SNS-SMARTAG2.1.2.0
2025-12-24 07:28:06,373 [WARN] PackLoader:240 - Cannot read IP mode file for STMicroelectronics.FP-SNS-FLIGHT1.5.1.0
2025-12-24 07:28:06,399 [INFO] LogOutputStream:77 - [STDOUT_REDIRECT] 1 : Invalid condition id : UX_CORESTACK_Condition cause : null
2025-12-24 07:28:06,408 [INFO] LogOutputStream:77 - [STDOUT_REDIRECT] 1 : Invalid condition id : UX_CORESTACK_Condition cause : null
2025-12-24 07:28:06,408 [INFO] LogOutputStream:77 - [STDOUT_REDIRECT] 1 : Invalid condition id : UX_CORESTACK_Condition cause : null
2025-12-24 07:28:06,409 [INFO] LogOutputStream:77 - [STDOUT_REDIRECT] 1 : Invalid condition id : UX_CORESTACK_Condition cause : null
2025-12-24 07:28:06,410 [INFO] LogOutputStream:77 - [STDOUT_REDIRECT] 1 : Invalid condition id : UX_CORESTACK_Condition cause : null
2025-12-24 07:28:06,415 [WARN] PackLoader:240 - Cannot read IP mode file for STMicroelectronics.X-CUBE-AZRTOS-WL.2.0.0
2025-12-24 07:28:06,425 [WARN] PackLoader:240 - Cannot read IP mode file for STMicroelectronics.FP-SNS-MOTENV1.5.0.0
2025-12-24 07:28:06,469 [WARN] PackLoader:240 - Cannot read IP mode file for STMicroelectronics.X-CUBE-AZRTOS-H7RS.1.2.0
2025-12-24 07:28:06,482 [WARN] PackLoader:240 - Cannot read IP mode file for STMicroelectronics.X-CUBE-BLE2.3.3.0
2025-12-24 07:28:06,560 [WARN] PackLoader:240 - Cannot read IP mode file for STMicroelectronics.X-CUBE-NFC9.1.0.0
2025-12-24 07:28:06,583 [WARN] PackLoader:240 - Cannot read IP mode file for wolfSSL.I-CUBE-wolfSSL.5.8.2
2025-12-24 07:28:06,594 [WARN] PackLoader:240 - Cannot read IP mode file for STMicroelectronics.X-CUBE-BLE1.7.1.0
2025-12-24 07:28:06,604 [WARN] PackLoader:240 - Cannot read IP mode file for wolfSSL.I-CUBE-wolfMQTT.1.19.2
2025-12-24 07:28:06,653 [INFO] WebApp:169 - Instantiating new browser for Auth
2025-12-24 07:28:06,664 [WARN] PackLoader:240 - Cannot read IP mode file for STMicroelectronics.X-CUBE-FREERTOS.1.4.0
2025-12-24 07:28:06,758 [WARN] PackLoader:240 - Cannot read IP mode file for STMicroelectronics.X-CUBE-EEPRMA1.5.2.0
2025-12-24 07:28:06,822 [WARN] PackLoader:240 - Cannot read IP mode file for STMicroelectronics.X-CUBE-ST67W61.1.1.0
2025-12-24 07:28:07,319 [WARN] PackLoader:240 - Cannot read IP mode file for STMicroelectronics.X-CUBE-MEMS1.12.0.0
2025-12-24 07:28:07,573 [WARN] PackLoader:240 - Cannot read IP mode file for STMicroelectronics.X-CUBE-AZRTOS-G0.1.1.0
2025-12-24 07:28:07,600 [WARN] PackLoader:240 - Cannot read IP mode file for STMicroelectronics.X-CUBE-SAFEA1.1.2.2
2025-12-24 07:28:07,613 [WARN] PackLoader:240 - Cannot read IP mode file for STMicroelectronics.X-CUBE-NFC4.3.0.0
2025-12-24 07:28:07,653 [WARN] PackLoader:240 - Cannot read IP mode file for EmbeddedOffice.I-CUBE-FS-RTOS.1.0.1
2025-12-24 07:28:07,711 [WARN] PackLoader:240 - Cannot read IP mode file for STMicroelectronics.X-CUBE-WB05N.2.0.0
2025-12-24 07:28:07,733 [WARN] PackLoader:240 - Cannot read IP mode file for wolfSSL.I-CUBE-wolfTPM.3.8.0
2025-12-24 07:28:07,759 [WARN] PackLoader:240 - Cannot read IP mode file for STMicroelectronics.X-CUBE-TCPP.4.2.0
2025-12-24 07:28:07,776 [WARN] PackLoader:240 - Cannot read IP mode file for RealThread.X-CUBE-RT-Thread_Nano.4.1.1
2025-12-24 07:28:07,792 [WARN] PackLoader:240 - Cannot read IP mode file for STMicroelectronics.FP-ATR-SIGFOX1.3.2.0
2025-12-24 07:28:07,824 [WARN] PackLoader:240 - Cannot read IP mode file for ITTIA_DB.I-CUBE-ITTIADB.8.9.0
2025-12-24 07:28:07,842 [WARN] PackLoader:240 - Cannot read IP mode file for STMicroelectronics.X-CUBE-AI.10.2.0
2025-12-24 07:28:08,018 [WARN] PackLoader:240 - Cannot read IP mode file for SEGGER.I-CUBE-embOS.1.3.1
2025-12-24 07:28:08,148 [WARN] PackLoader:240 - Cannot read IP mode file for STMicroelectronics.X-CUBE-ALGOBUILD.1.4.0
2025-12-24 07:28:08,308 [WARN] PackLoader:240 - Cannot read IP mode file for STMicroelectronics.X-CUBE-MEMS1.11.3.0
2025-12-24 07:28:08,679 [WARN] PackLoader:240 - Cannot read IP mode file for STMicroelectronics.X-CUBE-PM33A1.1.0.0
2025-12-24 07:28:08,755 [WARN] PackLoader:240 - Cannot read IP mode file for STMicroelectronics.X-CUBE-AZRTOS-F4.1.1.0
2025-12-24 07:28:08,797 [WARN] PackLoader:240 - Cannot read IP mode file for STMicroelectronics.X-CUBE-ISPU.2.1.0
2025-12-24 07:28:08,865 [WARN] PackLoader:240 - Cannot read IP mode file for STMicroelectronics.X-CUBE-IPS.3.2.0
2025-12-24 07:28:08,916 [WARN] PackLoader:240 - Cannot read IP mode file for STMicroelectronics.X-CUBE-NFC12.1.0.0
2025-12-24 07:28:08,984 [WARN] PackLoader:240 - Cannot read IP mode file for STMicroelectronics.X-CUBE-AZRTOS-L5.2.0.0
2025-12-24 07:28:09,000 [WARN] PackLoader:240 - Cannot read IP mode file for STMicroelectronics.X-CUBE-NFC6.3.1.0
2025-12-24 07:28:09,028 [WARN] PackLoader:240 - Cannot read IP mode file for STMicroelectronics.X-CUBE-FREERTOS.1.3.1
2025-12-24 07:28:09,039 [WARN] PackLoader:240 - Cannot read IP mode file for STMicroelectronics.X-CUBE-TOUCHGFX.4.26.0
2025-12-24 07:28:09,057 [WARN] PackLoader:240 - Cannot read IP mode file for STMicroelectronics.FP-SNS-STAIOTCFT.1.0.0
2025-12-24 07:28:09,069 [WARN] PackLoader:240 - Cannot read IP mode file for STMicroelectronics.X-CUBE-DPower.1.3.0
2025-12-24 07:28:09,165 [WARN] ConditionMgr:438 - getConditionDescription Invalid condition id : LAN8742 Phy interface Condition cause : null
2025-12-24 07:28:09,170 [WARN] PackLoader:240 - Cannot read IP mode file for STMicroelectronics.X-CUBE-AZRTOS-L4.2.0.0
2025-12-24 07:28:09,173 [WARN] ConditionMgr:1044 - genDependencies : Invalid condition id : LAN8742 Phy interface Condition cause : null
2025-12-24 07:28:09,174 [WARN] ConditionMgr:1044 - genDependencies : Invalid condition id : LAN8742 Phy interface Condition cause : null
2025-12-24 07:28:09,175 [WARN] ConditionMgr:1044 - genDependencies : Invalid condition id : LAN8742 Phy interface Condition cause : null
2025-12-24 07:28:09,202 [WARN] PackLoader:240 - Cannot read IP mode file for STMicroelectronics.X-CUBE-SFXS2LP1.4.0.0
2025-12-24 07:28:09,252 [WARN] PackLoader:240 - Cannot read IP mode file for STMicroelectronics.X-CUBE-BLEMGR.4.1.0
2025-12-24 07:28:09,328 [WARN] ConditionMgr:438 - getConditionDescription Invalid condition id : UX DEVICE CLASS RTOS Condition cause : null
2025-12-24 07:28:09,328 [WARN] ConditionMgr:438 - getConditionDescription Invalid condition id : UX DEVICE CLASS RTOS Condition cause : null
2025-12-24 07:28:09,336 [WARN] PackLoader:240 - Cannot read IP mode file for STMicroelectronics.X-CUBE-AZRTOS-WB.2.0.0
2025-12-24 07:28:09,337 [WARN] ConditionMgr:1044 - genDependencies : Invalid condition id : UX DEVICE CLASS RTOS Condition cause : null
2025-12-24 07:28:09,340 [WARN] ConditionMgr:1044 - genDependencies : Invalid condition id : UX DEVICE CLASS RTOS Condition cause : null
2025-12-24 07:28:09,341 [WARN] ConditionMgr:1044 - genDependencies : Invalid condition id : UX DEVICE CLASS RTOS Condition cause : null
2025-12-24 07:28:09,342 [WARN] ConditionMgr:1044 - genDependencies : Invalid condition id : UX DEVICE CLASS RTOS Condition cause : null
2025-12-24 07:28:09,344 [WARN] ConditionMgr:1044 - genDependencies : Invalid condition id : UX DEVICE CLASS RTOS Condition cause : null
2025-12-24 07:28:09,373 [WARN] PackLoader:240 - Cannot read IP mode file for STMicroelectronics.X-CUBE-GNSS1.7.0.1
2025-12-24 07:28:09,406 [WARN] ConditionMgr:438 - getConditionDescription Invalid condition id : Cortex-A Device cause : null
2025-12-24 07:28:09,440 [WARN] ConditionMgr:1044 - genDependencies : Invalid condition id : Cortex-A Device cause : null
2025-12-24 07:28:09,443 [WARN] ConditionMgr:1044 - genDependencies : Invalid condition id : Cortex-A Device cause : null
2025-12-24 07:28:09,443 [WARN] ConditionMgr:1044 - genDependencies : Invalid condition id : Cortex-A Device cause : null
2025-12-24 07:28:09,462 [WARN] PackLoader:240 - Cannot read IP mode file for STMicroelectronics.X-CUBE-SUBG2.5.0.0
2025-12-24 07:28:09,508 [WARN] PackLoader:240 - Cannot read IP mode file for STMicroelectronics.X-CUBE-AZRTOS-H7RS.1.1.0
2025-12-24 07:28:09,536 [WARN] PackLoader:240 - Cannot read IP mode file for STMicroelectronics.X-CUBE-AZRTOS-G4.2.0.0
2025-12-24 07:28:09,544 [WARN] PackLoader:240 - Cannot read IP mode file for wolfSSL.I-CUBE-wolfSSH.1.4.20
2025-12-24 07:28:09,557 [WARN] PackLoader:240 - Cannot read IP mode file for STMicroelectronics.X-CUBE-NFC7.2.0.0
2025-12-24 07:28:09,570 [WARN] PackLoader:240 - Cannot read IP mode file for STMicroelectronics.X-CUBE-ALS.1.0.2
2025-12-24 07:28:09,605 [WARN] PackLoader:240 - Cannot read IP mode file for STMicroelectronics.X-CUBE-STSE01.1.0.0
2025-12-24 07:28:09,635 [WARN] PackLoader:240 - Cannot read IP mode file for STMicroelectronics.X-CUBE-TOF1.3.4.3
2025-12-24 07:28:09,693 [INFO] ThirdParty:978 - Integrity check success = true
2025-12-24 07:28:09,695 [INFO] IntegrityCheckThread:100 - exiting critical section [integrity check]
2025-12-24 07:28:09,695 [INFO] IntegrityCheckThread:103 - End integrity checks thread
2025-12-24 07:28:10,193 [INFO] WebApp:463 - Apply proxy settings
2025-12-24 07:28:10,194 [INFO] WebApp:548 - Chromium requires no authentication
2025-12-24 07:28:10,202 [INFO] WebApp:491 - Direct internet connection detected
2025-12-24 07:28:10,228 [INFO] WebApp:900 - Register for checkConnection events
2025-12-24 07:28:10,228 [INFO] WebApp:463 - Apply proxy settings
2025-12-24 07:28:10,228 [INFO] WebApp:548 - Chromium requires no authentication
2025-12-24 07:28:10,229 [INFO] WebApp:491 - Direct internet connection detected
2025-12-24 07:28:10,395 [INFO] WebApp:225 - Starting web application
2025-12-24 07:28:10,395 [INFO] WebApp:593 - Web application path used /opt/st/stm32cubeide_1.19.0/plugins/com.st.stm32cube.common.mx_6.15.0.202507011659/db/plugins/mcufinder/reactClient1/index.html
2025-12-24 07:28:10,513 [INFO] UserAuth:487 - Internet connection configuration mode: 1
2025-12-24 07:28:10,895 [INFO] WebApp:191 - Connection restablished
2025-12-24 07:52:15,376 [INFO] McuFinderGlobals:63 - Set McuFinder mode to 2 (CubeIDE integrated)
2025-12-24 07:52:15,382 [INFO] MainUpdater:2872 - connection check result : 10
2025-12-24 07:52:16,761 [INFO] ApiDb:581 - Connected to CubeFinder SQLite database (/home/etienne.lima/.stmcufinder/plugins/mcufinder/mcu/cube-finder-db.db)
2025-12-24 07:52:16,899 [INFO] ApiDb:668 - CubeFinder database Data Model version=2.1
2025-12-24 07:52:16,900 [INFO] ApiDb:669 - CubeFinder database Configuration version=3.0.39
2025-12-24 07:52:16,905 [INFO] ApiDb:670 - CubeFinder database generation date=2025-11-05 (1762334721)
2025-12-24 07:52:16,906 [INFO] ApiDb:671 - CubeFinder database FW Pack versions=[FP-ATR-ASTRA1_V2.0.0, FP-SNS-FLIGHT1_V5.1.0, FP-SNS-MOTENV1_V5.1.0, FP-SNS-MOTENVWB1_V1.4.0, FP-SNS-SMARTAG2_V1.2.0, FP-SNS-STBOX1_V2.1.0, STM32Cube_FW_C0_V1.4.0, STM32Cube_FW_F4_V1.28.3, STM32Cube_FW_F7_V1.17.4, STM32Cube_FW_G0_V1.6.2, STM32Cube_FW_G4_V1.6.1, STM32Cube_FW_H5_V1.5.1, STM32Cube_FW_H7RS_V1.3.0, STM32Cube_FW_H7_V1.12.1, STM32Cube_FW_L0_V1.12.2, STM32Cube_FW_L4_V1.18.1, STM32Cube_FW_L5_V1.6.0, STM32Cube_FW_N6_V1.3.0, STM32Cube_FW_U0_V1.3.0, STM32Cube_FW_U3_V1.2.1, STM32Cube_FW_U5_V1.8.0, STM32Cube_FW_WB0_V1.4.0, STM32Cube_FW_WBA_V1.8.0, STM32Cube_FW_WB_V1.24.0, STM32Cube_FW_WL3_V1.3.0, STM32Cube_FW_WL_V1.4.0, X-CUBE-ALGOBUILD_V1.4.0, X-CUBE-ALS_V1.0.2, X-CUBE-AZRTOS-F4_V1.1.0, X-CUBE-AZRTOS-F7_V1.1.0, X-CUBE-AZRTOS-G0_V1.1.0, X-CUBE-AZRTOS-G4_V2.0.0, X-CUBE-AZRTOS-H7RS_V1.1.0, X-CUBE-AZRTOS-H7_V3.4.0, X-CUBE-AZRTOS-L4_V2.0.0, X-CUBE-AZRTOS-L5_V2.0.0, X-CUBE-AZRTOS-WB_V2.0.0, X-CUBE-AZRTOS-WL_V2.0.0, X-CUBE-BLE1_V7.1.0, X-CUBE-BLE2_V3.3.0, X-CUBE-BLEMGR_V4.1.0, X-CUBE-EEPRMA1_V5.2.0, X-CUBE-FREERTOS_V1.3.1, X-CUBE-GNSS1_V6.0.0, X-CUBE-MEMS1_V11.3.0, X-CUBE-NFC4_V3.0.0, X-CUBE-NFC7_V2.0.0, X-CUBE-SFXS2LP1_V4.0.0, X-CUBE-ST67W61_V1.1.0, X-CUBE-SUBG2_V5.0.0, X-CUBE-TOF1_V3.4.3]
2025-12-24 07:52:20,462 [INFO] ApiDb:240 - Found 880 in-development CPN: [B-G473E-ZEST1S, B-WB1M-WPAN1, B-WBA5M-WPAN, B-WL5M-SUBG1, NUCLEO-C031C6, NUCLEO-C051C8, NUCLEO-C071RB, NUCLEO-C092RC, NUCLEO-H503RB, NUCLEO-H533RE, NUCLEO-H563ZI, NUCLEO-H7S3L8, NUCLEO-N657X0-Q, NUCLEO-U031R8, NUCLEO-U083RC, NUCLEO-U385RG-Q, NUCLEO-U545RE-Q, NUCLEO-U5A5ZJ-Q, NUCLEO-WB05KZ, NUCLEO-WB07CC, NUCLEO-WB09KE, NUCLEO-WBA52CG, NUCLEO-WBA55CG, NUCLEO-WL33CC1, NUCLEO-WL33CC2, STEVAL-PROTEUS1, STEVAL-SMARTAG2, STEVAL-STWINBX1, STM320518-EVAL, STM32C0116-DK, STM32C011D6Y3TR, STM32C011D6Y6TR, STM32C011F4P3, STM32C011F4P6, STM32C011F4U3, STM32C011F4U6TR, STM32C011F6P3, STM32C011F6P6, STM32C011F6U3, STM32C011F6U6TR, STM32C011J4M3, STM32C011J4M6, STM32C011J6M3, STM32C011J6M6, STM32C0316-DK, STM32C031C4T3, STM32C031C4T6, STM32C031C4U3, STM32C031C4U6, STM32C031C6T3, STM32C031C6T6, STM32C031C6U3, STM32C031C6U6, STM32C031F4P3, STM32C031F4P6, STM32C031F6P3, STM32C031F6P6, STM32C031G4U3, STM32C031G4U6, STM32C031G6U3, STM32C031G6U6, STM32C031K4T3, STM32C031K4T6, STM32C031K4U3, STM32C031K4U6, STM32C031K6T3, STM32C031K6T6, STM32C031K6U3, STM32C031K6U6, STM32C051C6T6, STM32C051C6U6, STM32C051C8T6, STM32C051C8U6, STM32C051D8Y6TR, STM32C051F6P6, STM32C051F8P6, STM32C051G6U6, STM32C051G8U6, STM32C051K6T6, STM32C051K6U6, STM32C051K8T6, STM32C071C8T6, STM32C071C8T6N, STM32C071C8U6, STM32C071C8U6N, STM32C071CBT6, STM32C071CBT6N, STM32C071CBU6, STM32C071CBU6N, STM32C071F8P6, STM32C071F8P6N, STM32C071FBP6, STM32C071FBP6N, STM32C071FBY6TR, STM32C071G8U6, STM32C071G8U6N, STM32C071GBU6, STM32C071GBU6N, STM32C071K8T6, STM32C071K8T6N, STM32C071K8U6, STM32C071K8U6N, STM32C071KBT6, STM32C071KBT6N, STM32C071KBU6, STM32C071KBU6N, STM32C071R8T6, STM32C071R8T6N, STM32C071RBI6N, STM32C071RBT6, STM32C071RBT6N, STM32C091CBT6, STM32C091CBU6, STM32C091CCT6, STM32C091CCU6, STM32C091ECY6TR, STM32C091FBP6, STM32C091FCP6, STM32C091GBU6, STM32C091GCU6, STM32C091KBT6, STM32C091KBU6, STM32C091KCT6, STM32C091KCU6, STM32C091RBT6, STM32C091RCI6, STM32C091RCT6, STM32C092CBT6, STM32C092CBU6, STM32C092CCT6, STM32C092CCU6, STM32C092ECY6TR, STM32C092FBP6, STM32C092FCP6, STM32C092GBU6, STM32C092GCU6, STM32C092KBT6, STM32C092KBU6, STM32C092KCT6, STM32C092KCU6, STM32C092RBT6, STM32C092RCI6, STM32C092RCT6, STM32G071K8TXN, STM32G071K8UXN, STM32G081GBU6N, STM32G081KBT6N, STM32G081KBUXN, STM32G0B1CCT6N, STM32G0B1KCT6, STM32G0B1NEY6TR, STM32G0B1RCT6N, STM32G0C1CCT6, STM32G0C1CCT6N, STM32G0C1CCU6N, STM32G0C1CET6N, STM32G0C1CEU6N, STM32G0C1KCT6, STM32G0C1NEY6TR, STM32G0C1RCI6N, STM32G0C1RCT6N, STM32G0C1REI6N, STM32G0C1RET6N, STM32G0C1VCI6, STM32G0C1VEI6, STM32G411C6T3, STM32G411C6T6, STM32G411C6U3, STM32G411C6U6, STM32G411C8T3, STM32G411C8T6, STM32G411C8U3, STM32G411C8U6, STM32G411CBT3, STM32G411CBT6, STM32G411CBU3, STM32G411CBU6, STM32G411K6T3, STM32G411K6T6, STM32G411K6U3, STM32G411K6U6, STM32G411K8T3, STM32G411K8T6, STM32G411K8U3, STM32G411K8U6, STM32G411KBT3, STM32G411KBT6, STM32G411KBU3, STM32G411KBU6, STM32G411M6T3, STM32G411M6T6, STM32G411M8T3, STM32G411M8T6, STM32G411MBT3, STM32G411MBT6, STM32G411R6T3, STM32G411R6T6, STM32G411R8T3, STM32G411R8T6, STM32G411RBT3, STM32G411RBT6, STM32G414CBT3, STM32G414CBT6, STM32G414CBU3, STM32G414CBU6, STM32G414CCT3, STM32G414CCT6, STM32G414CCU3, STM32G414CCU6, STM32G414MBT3, STM32G414MBT6, STM32G414MCT3, STM32G414MCT6, STM32G414RBT3, STM32G414RBT6, STM32G414RCT3, STM32G414RCT6, STM32G414VBT3, STM32G414VBT6, STM32G414VCT3, STM32G414VCT6, STM32G431CBT3Z, STM32G431RBT3Z, STM32G471CCT6, STM32G471CCU6, STM32G471CET3, STM32G471CET6, STM32G471CEU3, STM32G471CEU6, STM32G471MCT6, STM32G471MET3, STM32G471MET6, STM32G471MEY6TR, STM32G471QCT6, STM32G471QET3, STM32G471RCT6, STM32G471RET3, STM32G471RET6, STM32G471VCH6, STM32G471VCI6, STM32G471VCT6, STM32G471VEH3, STM32G471VEH6, STM32G471VEI3, STM32G471VEI6, STM32G471VET3, STM32G471VET6, STM32G473QET3Z, STM32G473RET3Z, STM32G474CCT6, STM32G491RET3Z, STM32H503CBT6, STM32H503CBU6, STM32H503EBY6TR, STM32H503KBU6, STM32H503RBT6, STM32H523CCT6, STM32H523CCU6, STM32H523CET6, STM32H523CEU6, STM32H523HEY6TR, STM32H523RCT6, STM32H523RET6, STM32H523VCI6, STM32H523VCT6, STM32H523VEI6, STM32H523VET6, STM32H523ZCJ6, STM32H523ZCT6, STM32H523ZEJ6, STM32H523ZET6, STM32H533CET6, STM32H533CEU6, STM32H533HEY6TR, STM32H533RET6, STM32H533VEI6, STM32H533VET6, STM32H533ZEJ6, STM32H533ZET6, STM32H562AGI6, STM32H562AII6, STM32H562IGK6, STM32H562IGT6, STM32H562IIK6, STM32H562IIT6, STM32H562RGT6, STM32H562RGV6, STM32H562RIT6, STM32H562RIV6, STM32H562VGT6, STM32H562VIT6, STM32H562ZGT6, STM32H562ZIT6, STM32H563AGI6, STM32H563AII3Q, STM32H563AII6, STM32H563IGK6, STM32H563IGT6, STM32H563IIK3Q, STM32H563IIK6, STM32H563IIT3Q, STM32H563IIT6, STM32H563MIY3QTR, STM32H563RGT6, STM32H563RGV6, STM32H563RIT6, STM32H563RIV6, STM32H563VGT6, STM32H563VIT3Q, STM32H563VIT6, STM32H563ZGT6, STM32H563ZIT3Q, STM32H563ZIT6, STM32H573AII3Q, STM32H573AII6, STM32H573I-DK, STM32H573IIK3Q, STM32H573IIK6, STM32H573IIT3Q, STM32H573IIT6, STM32H573MIY3QTR, STM32H573RIT6, STM32H573RIV6, STM32H573VIT3Q, STM32H573VIT6, STM32H573ZIT3Q, STM32H573ZIT6, STM32H7R3A8I6, STM32H7R3I8K6, STM32H7R3I8T6, STM32H7R3L8H6, STM32H7R3L8H6H, STM32H7R3R8V6, STM32H7R3V8H6, STM32H7R3V8T6, STM32H7R3V8Y6TR, STM32H7R3Z8J6, STM32H7R3Z8T6, STM32H7R7A8I6, STM32H7R7I8K6, STM32H7R7I8T6, STM32H7R7L8H6, STM32H7R7L8H6H, STM32H7R7Z8J6, STM32H7S3A8I6, STM32H7S3I8K6, STM32H7S3I8T6, STM32H7S3L8H6, STM32H7S3L8H6H, STM32H7S3R8V6, STM32H7S3V8H6, STM32H7S3V8T6, STM32H7S3V8Y6TR, STM32H7S3Z8J6, STM32H7S3Z8T6, STM32H7S78-DK, STM32H7S7A8I6, STM32H7S7I8K6, STM32H7S7I8T6, STM32H7S7L8H6, STM32H7S7L8H6H, STM32H7S7Z8J6, STM32L4R5QGI6STR, STM32MP131AAE3, STM32MP131AAF3, STM32MP131AAG3, STM32MP131CAE3, STM32MP131CAF3, STM32MP131CAG3, STM32MP131DAE7, STM32MP131DAF7, STM32MP131DAG7, STM32MP131FAE7, STM32MP131FAF7, STM32MP131FAG7, STM32MP133AAE3, STM32MP133AAF3, STM32MP133AAG3, STM32MP133CAE3, STM32MP133CAF3, STM32MP133CAG3, STM32MP133DAE7, STM32MP133DAF7, STM32MP133DAG7, STM32MP133FAE7, STM32MP133FAF7, STM32MP133FAG7, STM32MP135AAE3, STM32MP135AAF3, STM32MP135AAG3, STM32MP135CAE3, STM32MP135CAF3, STM32MP135CAG3, STM32MP135DAE7, STM32MP135DAF7, STM32MP135DAG7, STM32MP135F-DK, STM32MP135FAE7, STM32MP135FAF7, STM32MP135FAF7T, STM32MP135FAF7U, STM32MP135FAG7, STM32MP211AAL3, STM32MP211AAM3, STM32MP211AAN3, STM32MP211AAO3, STM32MP211CAL3, STM32MP211CAM3, STM32MP211CAN3, STM32MP211CAO3, STM32MP211DAL3, STM32MP211DAM3, STM32MP211DAN3, STM32MP211DAO3, STM32MP211FAL3, STM32MP211FAM3, STM32MP211FAN3, STM32MP211FAO3, STM32MP213AAL3, STM32MP213AAM3, STM32MP213AAN3, STM32MP213AAO3, STM32MP213CAL3, STM32MP213CAM3, STM32MP213CAN3, STM32MP213CAO3, STM32MP213DAL3, STM32MP213DAM3, STM32MP213DAN3, STM32MP213DAO3, STM32MP213FAL3, STM32MP213FAM3, STM32MP213FAN3, STM32MP213FAO3, STM32MP215AAL3, STM32MP215AAM3, STM32MP215AAN3, STM32MP215AAO3, STM32MP215CAL3, STM32MP215CAM3, STM32MP215CAN3, STM32MP215CAO3, STM32MP215DAL3, STM32MP215DAM3, STM32MP215DAN3, STM32MP215DAO3, STM32MP215F-DK, STM32MP215FAL3, STM32MP215FAM3, STM32MP215FAN3, STM32MP215FAO3, STM32MP231AAJ3, STM32MP231AAK3, STM32MP231AAL3, STM32MP231CAJ3, STM32MP231CAK3, STM32MP231CAL3, STM32MP231DAJ3, STM32MP231DAK3, STM32MP231DAL3, STM32MP231FAJ3, STM32MP231FAK3, STM32MP231FAL3, STM32MP233AAJ3, STM32MP233AAK3, STM32MP233AAL3, STM32MP233CAJ3, STM32MP233CAK3, STM32MP233CAL3, STM32MP233DAJ3, STM32MP233DAK3, STM32MP233DAL3, STM32MP233FAJ3, STM32MP233FAK3, STM32MP233FAL3, STM32MP235AAJ3, STM32MP235AAK3, STM32MP235AAL3, STM32MP235CAJ3, STM32MP235CAK3, STM32MP235CAL3, STM32MP235DAJ3, STM32MP235DAK3, STM32MP235DAL3, STM32MP235FAJ3, STM32MP235FAK3, STM32MP235FAL3, STM32MP251AAI3, STM32MP251AAK3, STM32MP251AAL3, STM32MP251CAI3, STM32MP251CAK3, STM32MP251CAL3, STM32MP251DAI3, STM32MP251DAK3, STM32MP251DAL3, STM32MP251FAI3, STM32MP251FAK3, STM32MP251FAL3, STM32MP253AAI3, STM32MP253AAK3, STM32MP253AAL3, STM32MP253CAI3, STM32MP253CAK3, STM32MP253CAL3, STM32MP253DAI3, STM32MP253DAK3, STM32MP253DAL3, STM32MP253FAI3, STM32MP253FAK3, STM32MP253FAL3, STM32MP255AAI3, STM32MP255AAK3, STM32MP255AAL3, STM32MP255CAI3, STM32MP255CAK3, STM32MP255CAL3, STM32MP255DAI3, STM32MP255DAK3, STM32MP255DAL3, STM32MP255FAI3, STM32MP255FAK3, STM32MP255FAL3, STM32MP257AAI3, STM32MP257AAK3, STM32MP257AAL3, STM32MP257CAI3, STM32MP257CAK3, STM32MP257CAL3, STM32MP257DAI3, STM32MP257DAK3, STM32MP257DAL3, STM32MP257F-DK, STM32MP257F-EV1, STM32MP257FAI3, STM32MP257FAK3, STM32MP257FAL3, STM32N645A0H3Q, STM32N645B0H3Q, STM32N645I0H3Q, STM32N645L0H3Q, STM32N645X0H3Q, STM32N645Z0H3Q, STM32N647A0H3Q, STM32N647B0H3Q, STM32N647I0H3Q, STM32N647L0H3Q, STM32N647X0H3Q, STM32N647Z0H3Q, STM32N655A0H3Q, STM32N655B0H3Q, STM32N655I0H3Q, STM32N655L0H3Q, STM32N655X0H3Q, STM32N655Z0H3Q, STM32N6570-DK, STM32N657A0H3Q, STM32N657B0H3Q, STM32N657I0H3Q, STM32N657L0H3Q, STM32N657X0H3Q, STM32N657Z0H3Q, STM32U031C6T6, STM32U031C6U6, STM32U031C8T6, STM32U031C8U6, STM32U031F4P6, STM32U031F6P6, STM32U031F8P6, STM32U031G6Y6TR, STM32U031G8Y6TR, STM32U031K4U6, STM32U031K6U6, STM32U031K8U6, STM32U031R6I6, STM32U031R6T6, STM32U031R8I6, STM32U031R8T6, STM32U073C8T6, STM32U073C8U6, STM32U073CBT6, STM32U073CBU6, STM32U073CCT6, STM32U073CCU6, STM32U073H8Y6TR, STM32U073HBY6TR, STM32U073HCY6TR, STM32U073K8U6, STM32U073KBU6, STM32U073KCU6, STM32U073M8I6, STM32U073M8T6, STM32U073MBI6, STM32U073MBT6, STM32U073MCI6, STM32U073MCT6, STM32U073R8I6, STM32U073R8T6, STM32U073RBI6, STM32U073RBT6, STM32U073RCI6, STM32U073RCT6, STM32U083C-DK, STM32U083CCT6, STM32U083CCU6, STM32U083HCY6TR, STM32U083KCU6, STM32U083MCI6, STM32U083MCT6, STM32U083RCI6, STM32U083RCT6, STM32U375CET6, STM32U375CET6Q, STM32U375CEU6, STM32U375CEU6Q, STM32U375CEY6QTR, STM32U375CGT6, STM32U375CGT6Q, STM32U375CGU6, STM32U375CGU6Q, STM32U375CGY6QTR, STM32U375KEU6, STM32U375KGU6, STM32U375REI6, STM32U375REI6Q, STM32U375RET6, STM32U375RET6Q, STM32U375REY6GTR, STM32U375REY6QTR, STM32U375RGI6, STM32U375RGI6Q, STM32U375RGT6, STM32U375RGT6Q, STM32U375RGY6GTR, STM32U375RGY6QTR, STM32U375VEI6, STM32U375VEI6Q, STM32U375VET6, STM32U375VET6Q, STM32U375VGI6, STM32U375VGI6Q, STM32U375VGT6, STM32U375VGT6Q, STM32U385CGT6, STM32U385CGT6Q, STM32U385CGU6, STM32U385CGU6Q, STM32U385CGY6QTR, STM32U385KGU6, STM32U385RGI6, STM32U385RGI6Q, STM32U385RGT6, STM32U385RGT6Q, STM32U385RGY6GTR, STM32U385RGY6QTR, STM32U385VGI6, STM32U385VGI6Q, STM32U385VGT6, STM32U385VGT6Q, STM32U535CBT6, STM32U535CBT6Q, STM32U535CBU6, STM32U535CBU6Q, STM32U535CCT6, STM32U535CCT6Q, STM32U535CCU6, STM32U535CCU6Q, STM32U535CET6, STM32U535CET6Q, STM32U535CEU6, STM32U535CEU6Q, STM32U535JEY6QTR, STM32U535NCY6QTR, STM32U535NEY6QTR, STM32U535RBI6, STM32U535RBI6Q, STM32U535RBT6, STM32U535RBT6Q, STM32U535RCI6, STM32U535RCI6Q, STM32U535RCT6, STM32U535RCT6Q, STM32U535REI6, STM32U535REI6Q, STM32U535RET6, STM32U535RET6Q, STM32U535VCI6, STM32U535VCI6Q, STM32U535VCT6, STM32U535VCT6Q, STM32U535VEI6, STM32U535VEI6Q, STM32U535VET6, STM32U535VET6Q, STM32U545CET6, STM32U545CET6Q, STM32U545CEU6, STM32U545CEU6Q, STM32U545JEY6QTR, STM32U545NEY6QTR, STM32U545REI6, STM32U545REI6Q, STM32U545RET6, STM32U545RET6Q, STM32U545VEI6, STM32U545VEI6Q, STM32U545VET6, STM32U545VET6Q, STM32U595AIH6, STM32U595AIH6Q, STM32U595AJH6, STM32U595AJH6Q, STM32U595QII6, STM32U595QII6Q, STM32U595QJI6, STM32U595QJI6Q, STM32U595RIT6, STM32U595RIT6Q, STM32U595RJT6, STM32U595RJT6Q, STM32U595VIT6, STM32U595VIT6Q, STM32U595VJT6, STM32U595VJT6Q, STM32U595ZIT6, STM32U595ZIT6Q, STM32U595ZIY6QTR, STM32U595ZJT6, STM32U595ZJT6Q, STM32U595ZJY6QTR, STM32U599BJY6QTR, STM32U599NIH6Q, STM32U599NJH6Q, STM32U599VIT6Q, STM32U599VJT6, STM32U599VJT6Q, STM32U599ZIT6Q, STM32U599ZIY6QTR, STM32U599ZJT6Q, STM32U599ZJY6QTR, STM32U5A5AJH6, STM32U5A5AJH6Q, STM32U5A5QII3Q , STM32U5A5QJI6, STM32U5A5QJI6Q, STM32U5A5RJT6, STM32U5A5RJT6Q, STM32U5A5VJT6, STM32U5A5VJT6Q, STM32U5A5ZJT6, STM32U5A5ZJT6Q, STM32U5A5ZJY6QTR, STM32U5A9BJY6QTR, STM32U5A9J-DK, STM32U5A9NJH6Q, STM32U5A9VJT6Q, STM32U5A9ZJT6Q, STM32U5A9ZJY6QTR, STM32U5F7VIT6, STM32U5F7VIT6Q, STM32U5F7VJT6, STM32U5F7VJT6Q, STM32U5F9BJY6QTR, STM32U5F9NJH6Q, STM32U5F9VIT6Q, STM32U5F9VJT6Q, STM32U5F9ZIJ6QTR, STM32U5F9ZIT6Q, STM32U5F9ZJJ6QTR, STM32U5F9ZJT6Q, STM32U5G7VJT6, STM32U5G7VJT6Q, STM32U5G9BJY6QTR, STM32U5G9J-DK1, STM32U5G9J-DK2, STM32U5G9NJH6Q, STM32U5G9VJT6Q, STM32U5G9ZJJ6QTR, STM32U5G9ZJT6Q, STM32WB05KZV6TR, STM32WB05KZV7TR, STM32WB05TZF6TR, STM32WB05TZF7TR, STM32WB06CCF6TR, STM32WB06CCF7TR, STM32WB06CCV6TR, STM32WB06CCV7TR, STM32WB06KCV6TR, STM32WB06KCV7TR, STM32WB07CCF6TR, STM32WB07CCF7TR, STM32WB07CCV6TR, STM32WB07CCV7TR, STM32WB07KCV6TR, STM32WB07KCV7TR, STM32WB09KEV6TR, STM32WB09KEV7TR, STM32WB09TEF6TR, STM32WB09TEF7TR, STM32WB1MMCH6, STM32WBA50KGU6, STM32WBA50KGU6TR, STM32WBA52CEU6, STM32WBA52CEU6TR, STM32WBA52CEU7, STM32WBA52CEU7TR, STM32WBA52CGU6, STM32WBA52CGU6TR, STM32WBA52CGU6U, STM32WBA52CGU7, STM32WBA52CGU7TR, STM32WBA52KEU6, STM32WBA52KEU6TR, STM32WBA52KGU6, STM32WBA52KGU6TR, STM32WBA54CEU6, STM32WBA54CEU6TR, STM32WBA54CEU7, STM32WBA54CEU7TR, STM32WBA54CGU6, STM32WBA54CGU6TR, STM32WBA54CGU7, STM32WBA54CGU7TR, STM32WBA54KEU6, STM32WBA54KEU6TR, STM32WBA54KEU7, STM32WBA54KEU7TR, STM32WBA54KGU6, STM32WBA54KGU6TR, STM32WBA54KGU7, STM32WBA54KGU7TR, STM32WBA55CEU6, STM32WBA55CEU6TR, STM32WBA55CEU7, STM32WBA55CEU7TR, STM32WBA55CGU6, STM32WBA55CGU6TR, STM32WBA55CGU6U, STM32WBA55CGU7, STM32WBA55CGU7TR, STM32WBA55G-DK1, STM32WBA55HEF6, STM32WBA55HEF7, STM32WBA55HGF6, STM32WBA55HGF7, STM32WBA55UEI6, STM32WBA55UEI6TR, STM32WBA55UEI7, STM32WBA55UEI7TR, STM32WBA55UGI6, STM32WBA55UGI6TR, STM32WBA55UGI7, STM32WBA55UGI7TR, STM32WBA5MMGH6TR, STM32WBA62MGF6, STM32WBA62MIF6, STM32WBA65MGF7, STM32WBA65MIF6, STM32WBA65MIF7, STM32WL30K8V6, STM32WL30KBV6, STM32WL31C8V6, STM32WL31CBV6, STM32WL31K8V6, STM32WL31KBV6, STM32WL33C8V6, STM32WL33C8V6X, STM32WL33CBV6, STM32WL33CBV6X, STM32WL33CCV6, STM32WL33CCV6A, STM32WL33CCV6X, STM32WL33K8V7, STM32WL33K8V7X, STM32WL33KBV7 , STM32WL33KBV7X, STM32WL33KCV7, STM32WL33KCV7X, STM32WL5MOCH6, STM32WL5MOCH6TR]
2025-12-24 07:52:20,473 [INFO] DbMcus:218 - Found 4876 MCUs, 4876 are supported
2025-12-24 07:52:20,475 [INFO] ApiDb:423 - Load user favorites file /home/etienne.lima/.stm32cubeide/favorites.mcus.txt: 0 item(s)
2025-12-24 07:52:20,475 [INFO] ApiDb:427 - User favorites MCUs=[]
2025-12-24 07:52:20,476 [INFO] DbMcus:224 - Set 0 / 0 favorites MCUs
2025-12-24 07:52:21,569 [INFO] ApiDb:668 - CubeFinder database Data Model version=2.1
2025-12-24 07:52:21,569 [INFO] ApiDb:669 - CubeFinder database Configuration version=3.0.39
2025-12-24 07:52:21,569 [INFO] ApiDb:670 - CubeFinder database generation date=2025-11-05 (1762334721)
2025-12-24 07:52:21,569 [INFO] ApiDb:671 - CubeFinder database FW Pack versions=[FP-ATR-ASTRA1_V2.0.0, FP-SNS-FLIGHT1_V5.1.0, FP-SNS-MOTENV1_V5.1.0, FP-SNS-MOTENVWB1_V1.4.0, FP-SNS-SMARTAG2_V1.2.0, FP-SNS-STBOX1_V2.1.0, STM32Cube_FW_C0_V1.4.0, STM32Cube_FW_F4_V1.28.3, STM32Cube_FW_F7_V1.17.4, STM32Cube_FW_G0_V1.6.2, STM32Cube_FW_G4_V1.6.1, STM32Cube_FW_H5_V1.5.1, STM32Cube_FW_H7RS_V1.3.0, STM32Cube_FW_H7_V1.12.1, STM32Cube_FW_L0_V1.12.2, STM32Cube_FW_L4_V1.18.1, STM32Cube_FW_L5_V1.6.0, STM32Cube_FW_N6_V1.3.0, STM32Cube_FW_U0_V1.3.0, STM32Cube_FW_U3_V1.2.1, STM32Cube_FW_U5_V1.8.0, STM32Cube_FW_WB0_V1.4.0, STM32Cube_FW_WBA_V1.8.0, STM32Cube_FW_WB_V1.24.0, STM32Cube_FW_WL3_V1.3.0, STM32Cube_FW_WL_V1.4.0, X-CUBE-ALGOBUILD_V1.4.0, X-CUBE-ALS_V1.0.2, X-CUBE-AZRTOS-F4_V1.1.0, X-CUBE-AZRTOS-F7_V1.1.0, X-CUBE-AZRTOS-G0_V1.1.0, X-CUBE-AZRTOS-G4_V2.0.0, X-CUBE-AZRTOS-H7RS_V1.1.0, X-CUBE-AZRTOS-H7_V3.4.0, X-CUBE-AZRTOS-L4_V2.0.0, X-CUBE-AZRTOS-L5_V2.0.0, X-CUBE-AZRTOS-WB_V2.0.0, X-CUBE-AZRTOS-WL_V2.0.0, X-CUBE-BLE1_V7.1.0, X-CUBE-BLE2_V3.3.0, X-CUBE-BLEMGR_V4.1.0, X-CUBE-EEPRMA1_V5.2.0, X-CUBE-FREERTOS_V1.3.1, X-CUBE-GNSS1_V6.0.0, X-CUBE-MEMS1_V11.3.0, X-CUBE-NFC4_V3.0.0, X-CUBE-NFC7_V2.0.0, X-CUBE-SFXS2LP1_V4.0.0, X-CUBE-ST67W61_V1.1.0, X-CUBE-SUBG2_V5.0.0, X-CUBE-TOF1_V3.4.3]
2025-12-24 07:52:21,665 [INFO] DbBoardsSqlite:226 - include board P-NUCLEO-WB55-NUCLEO as a kit item of type 'Nucleo-64'
2025-12-24 07:52:21,666 [INFO] DbBoardsSqlite:226 - include board P-NUCLEO-WB55-USBDONGLE as a kit item of type 'Nucleo USB Dongle'
2025-12-24 07:52:21,667 [INFO] DbBoardsSqlite:226 - include board STEVAL-IDP005V1 as a kit item of type 'Evaluation Board'
2025-12-24 07:52:21,667 [INFO] DbBoardsSqlite:226 - include board STEVAL-IDP005V2 as a kit item of type 'Evaluation Board'
2025-12-24 07:52:21,744 [INFO] ApiDb:240 - Found 880 in-development CPN: [B-G473E-ZEST1S, B-WB1M-WPAN1, B-WBA5M-WPAN, B-WL5M-SUBG1, NUCLEO-C031C6, NUCLEO-C051C8, NUCLEO-C071RB, NUCLEO-C092RC, NUCLEO-H503RB, NUCLEO-H533RE, NUCLEO-H563ZI, NUCLEO-H7S3L8, NUCLEO-N657X0-Q, NUCLEO-U031R8, NUCLEO-U083RC, NUCLEO-U385RG-Q, NUCLEO-U545RE-Q, NUCLEO-U5A5ZJ-Q, NUCLEO-WB05KZ, NUCLEO-WB07CC, NUCLEO-WB09KE, NUCLEO-WBA52CG, NUCLEO-WBA55CG, NUCLEO-WL33CC1, NUCLEO-WL33CC2, STEVAL-PROTEUS1, STEVAL-SMARTAG2, STEVAL-STWINBX1, STM320518-EVAL, STM32C0116-DK, STM32C011D6Y3TR, STM32C011D6Y6TR, STM32C011F4P3, STM32C011F4P6, STM32C011F4U3, STM32C011F4U6TR, STM32C011F6P3, STM32C011F6P6, STM32C011F6U3, STM32C011F6U6TR, STM32C011J4M3, STM32C011J4M6, STM32C011J6M3, STM32C011J6M6, STM32C0316-DK, STM32C031C4T3, STM32C031C4T6, STM32C031C4U3, STM32C031C4U6, STM32C031C6T3, STM32C031C6T6, STM32C031C6U3, STM32C031C6U6, STM32C031F4P3, STM32C031F4P6, STM32C031F6P3, STM32C031F6P6, STM32C031G4U3, STM32C031G4U6, STM32C031G6U3, STM32C031G6U6, STM32C031K4T3, STM32C031K4T6, STM32C031K4U3, STM32C031K4U6, STM32C031K6T3, STM32C031K6T6, STM32C031K6U3, STM32C031K6U6, STM32C051C6T6, STM32C051C6U6, STM32C051C8T6, STM32C051C8U6, STM32C051D8Y6TR, STM32C051F6P6, STM32C051F8P6, STM32C051G6U6, STM32C051G8U6, STM32C051K6T6, STM32C051K6U6, STM32C051K8T6, STM32C071C8T6, STM32C071C8T6N, STM32C071C8U6, STM32C071C8U6N, STM32C071CBT6, STM32C071CBT6N, STM32C071CBU6, STM32C071CBU6N, STM32C071F8P6, STM32C071F8P6N, STM32C071FBP6, STM32C071FBP6N, STM32C071FBY6TR, STM32C071G8U6, STM32C071G8U6N, STM32C071GBU6, STM32C071GBU6N, STM32C071K8T6, STM32C071K8T6N, STM32C071K8U6, STM32C071K8U6N, STM32C071KBT6, STM32C071KBT6N, STM32C071KBU6, STM32C071KBU6N, STM32C071R8T6, STM32C071R8T6N, STM32C071RBI6N, STM32C071RBT6, STM32C071RBT6N, STM32C091CBT6, STM32C091CBU6, STM32C091CCT6, STM32C091CCU6, STM32C091ECY6TR, STM32C091FBP6, STM32C091FCP6, STM32C091GBU6, STM32C091GCU6, STM32C091KBT6, STM32C091KBU6, STM32C091KCT6, STM32C091KCU6, STM32C091RBT6, STM32C091RCI6, STM32C091RCT6, STM32C092CBT6, STM32C092CBU6, STM32C092CCT6, STM32C092CCU6, STM32C092ECY6TR, STM32C092FBP6, STM32C092FCP6, STM32C092GBU6, STM32C092GCU6, STM32C092KBT6, STM32C092KBU6, STM32C092KCT6, STM32C092KCU6, STM32C092RBT6, STM32C092RCI6, STM32C092RCT6, STM32G071K8TXN, STM32G071K8UXN, STM32G081GBU6N, STM32G081KBT6N, STM32G081KBUXN, STM32G0B1CCT6N, STM32G0B1KCT6, STM32G0B1NEY6TR, STM32G0B1RCT6N, STM32G0C1CCT6, STM32G0C1CCT6N, STM32G0C1CCU6N, STM32G0C1CET6N, STM32G0C1CEU6N, STM32G0C1KCT6, STM32G0C1NEY6TR, STM32G0C1RCI6N, STM32G0C1RCT6N, STM32G0C1REI6N, STM32G0C1RET6N, STM32G0C1VCI6, STM32G0C1VEI6, STM32G411C6T3, STM32G411C6T6, STM32G411C6U3, STM32G411C6U6, STM32G411C8T3, STM32G411C8T6, STM32G411C8U3, STM32G411C8U6, STM32G411CBT3, STM32G411CBT6, STM32G411CBU3, STM32G411CBU6, STM32G411K6T3, STM32G411K6T6, STM32G411K6U3, STM32G411K6U6, STM32G411K8T3, STM32G411K8T6, STM32G411K8U3, STM32G411K8U6, STM32G411KBT3, STM32G411KBT6, STM32G411KBU3, STM32G411KBU6, STM32G411M6T3, STM32G411M6T6, STM32G411M8T3, STM32G411M8T6, STM32G411MBT3, STM32G411MBT6, STM32G411R6T3, STM32G411R6T6, STM32G411R8T3, STM32G411R8T6, STM32G411RBT3, STM32G411RBT6, STM32G414CBT3, STM32G414CBT6, STM32G414CBU3, STM32G414CBU6, STM32G414CCT3, STM32G414CCT6, STM32G414CCU3, STM32G414CCU6, STM32G414MBT3, STM32G414MBT6, STM32G414MCT3, STM32G414MCT6, STM32G414RBT3, STM32G414RBT6, STM32G414RCT3, STM32G414RCT6, STM32G414VBT3, STM32G414VBT6, STM32G414VCT3, STM32G414VCT6, STM32G431CBT3Z, STM32G431RBT3Z, STM32G471CCT6, STM32G471CCU6, STM32G471CET3, STM32G471CET6, STM32G471CEU3, STM32G471CEU6, STM32G471MCT6, STM32G471MET3, STM32G471MET6, STM32G471MEY6TR, STM32G471QCT6, STM32G471QET3, STM32G471RCT6, STM32G471RET3, STM32G471RET6, STM32G471VCH6, STM32G471VCI6, STM32G471VCT6, STM32G471VEH3, STM32G471VEH6, STM32G471VEI3, STM32G471VEI6, STM32G471VET3, STM32G471VET6, STM32G473QET3Z, STM32G473RET3Z, STM32G474CCT6, STM32G491RET3Z, STM32H503CBT6, STM32H503CBU6, STM32H503EBY6TR, STM32H503KBU6, STM32H503RBT6, STM32H523CCT6, STM32H523CCU6, STM32H523CET6, STM32H523CEU6, STM32H523HEY6TR, STM32H523RCT6, STM32H523RET6, STM32H523VCI6, STM32H523VCT6, STM32H523VEI6, STM32H523VET6, STM32H523ZCJ6, STM32H523ZCT6, STM32H523ZEJ6, STM32H523ZET6, STM32H533CET6, STM32H533CEU6, STM32H533HEY6TR, STM32H533RET6, STM32H533VEI6, STM32H533VET6, STM32H533ZEJ6, STM32H533ZET6, STM32H562AGI6, STM32H562AII6, STM32H562IGK6, STM32H562IGT6, STM32H562IIK6, STM32H562IIT6, STM32H562RGT6, STM32H562RGV6, STM32H562RIT6, STM32H562RIV6, STM32H562VGT6, STM32H562VIT6, STM32H562ZGT6, STM32H562ZIT6, STM32H563AGI6, STM32H563AII3Q, STM32H563AII6, STM32H563IGK6, STM32H563IGT6, STM32H563IIK3Q, STM32H563IIK6, STM32H563IIT3Q, STM32H563IIT6, STM32H563MIY3QTR, STM32H563RGT6, STM32H563RGV6, STM32H563RIT6, STM32H563RIV6, STM32H563VGT6, STM32H563VIT3Q, STM32H563VIT6, STM32H563ZGT6, STM32H563ZIT3Q, STM32H563ZIT6, STM32H573AII3Q, STM32H573AII6, STM32H573I-DK, STM32H573IIK3Q, STM32H573IIK6, STM32H573IIT3Q, STM32H573IIT6, STM32H573MIY3QTR, STM32H573RIT6, STM32H573RIV6, STM32H573VIT3Q, STM32H573VIT6, STM32H573ZIT3Q, STM32H573ZIT6, STM32H7R3A8I6, STM32H7R3I8K6, STM32H7R3I8T6, STM32H7R3L8H6, STM32H7R3L8H6H, STM32H7R3R8V6, STM32H7R3V8H6, STM32H7R3V8T6, STM32H7R3V8Y6TR, STM32H7R3Z8J6, STM32H7R3Z8T6, STM32H7R7A8I6, STM32H7R7I8K6, STM32H7R7I8T6, STM32H7R7L8H6, STM32H7R7L8H6H, STM32H7R7Z8J6, STM32H7S3A8I6, STM32H7S3I8K6, STM32H7S3I8T6, STM32H7S3L8H6, STM32H7S3L8H6H, STM32H7S3R8V6, STM32H7S3V8H6, STM32H7S3V8T6, STM32H7S3V8Y6TR, STM32H7S3Z8J6, STM32H7S3Z8T6, STM32H7S78-DK, STM32H7S7A8I6, STM32H7S7I8K6, STM32H7S7I8T6, STM32H7S7L8H6, STM32H7S7L8H6H, STM32H7S7Z8J6, STM32L4R5QGI6STR, STM32MP131AAE3, STM32MP131AAF3, STM32MP131AAG3, STM32MP131CAE3, STM32MP131CAF3, STM32MP131CAG3, STM32MP131DAE7, STM32MP131DAF7, STM32MP131DAG7, STM32MP131FAE7, STM32MP131FAF7, STM32MP131FAG7, STM32MP133AAE3, STM32MP133AAF3, STM32MP133AAG3, STM32MP133CAE3, STM32MP133CAF3, STM32MP133CAG3, STM32MP133DAE7, STM32MP133DAF7, STM32MP133DAG7, STM32MP133FAE7, STM32MP133FAF7, STM32MP133FAG7, STM32MP135AAE3, STM32MP135AAF3, STM32MP135AAG3, STM32MP135CAE3, STM32MP135CAF3, STM32MP135CAG3, STM32MP135DAE7, STM32MP135DAF7, STM32MP135DAG7, STM32MP135F-DK, STM32MP135FAE7, STM32MP135FAF7, STM32MP135FAF7T, STM32MP135FAF7U, STM32MP135FAG7, STM32MP211AAL3, STM32MP211AAM3, STM32MP211AAN3, STM32MP211AAO3, STM32MP211CAL3, STM32MP211CAM3, STM32MP211CAN3, STM32MP211CAO3, STM32MP211DAL3, STM32MP211DAM3, STM32MP211DAN3, STM32MP211DAO3, STM32MP211FAL3, STM32MP211FAM3, STM32MP211FAN3, STM32MP211FAO3, STM32MP213AAL3, STM32MP213AAM3, STM32MP213AAN3, STM32MP213AAO3, STM32MP213CAL3, STM32MP213CAM3, STM32MP213CAN3, STM32MP213CAO3, STM32MP213DAL3, STM32MP213DAM3, STM32MP213DAN3, STM32MP213DAO3, STM32MP213FAL3, STM32MP213FAM3, STM32MP213FAN3, STM32MP213FAO3, STM32MP215AAL3, STM32MP215AAM3, STM32MP215AAN3, STM32MP215AAO3, STM32MP215CAL3, STM32MP215CAM3, STM32MP215CAN3, STM32MP215CAO3, STM32MP215DAL3, STM32MP215DAM3, STM32MP215DAN3, STM32MP215DAO3, STM32MP215F-DK, STM32MP215FAL3, STM32MP215FAM3, STM32MP215FAN3, STM32MP215FAO3, STM32MP231AAJ3, STM32MP231AAK3, STM32MP231AAL3, STM32MP231CAJ3, STM32MP231CAK3, STM32MP231CAL3, STM32MP231DAJ3, STM32MP231DAK3, STM32MP231DAL3, STM32MP231FAJ3, STM32MP231FAK3, STM32MP231FAL3, STM32MP233AAJ3, STM32MP233AAK3, STM32MP233AAL3, STM32MP233CAJ3, STM32MP233CAK3, STM32MP233CAL3, STM32MP233DAJ3, STM32MP233DAK3, STM32MP233DAL3, STM32MP233FAJ3, STM32MP233FAK3, STM32MP233FAL3, STM32MP235AAJ3, STM32MP235AAK3, STM32MP235AAL3, STM32MP235CAJ3, STM32MP235CAK3, STM32MP235CAL3, STM32MP235DAJ3, STM32MP235DAK3, STM32MP235DAL3, STM32MP235FAJ3, STM32MP235FAK3, STM32MP235FAL3, STM32MP251AAI3, STM32MP251AAK3, STM32MP251AAL3, STM32MP251CAI3, STM32MP251CAK3, STM32MP251CAL3, STM32MP251DAI3, STM32MP251DAK3, STM32MP251DAL3, STM32MP251FAI3, STM32MP251FAK3, STM32MP251FAL3, STM32MP253AAI3, STM32MP253AAK3, STM32MP253AAL3, STM32MP253CAI3, STM32MP253CAK3, STM32MP253CAL3, STM32MP253DAI3, STM32MP253DAK3, STM32MP253DAL3, STM32MP253FAI3, STM32MP253FAK3, STM32MP253FAL3, STM32MP255AAI3, STM32MP255AAK3, STM32MP255AAL3, STM32MP255CAI3, STM32MP255CAK3, STM32MP255CAL3, STM32MP255DAI3, STM32MP255DAK3, STM32MP255DAL3, STM32MP255FAI3, STM32MP255FAK3, STM32MP255FAL3, STM32MP257AAI3, STM32MP257AAK3, STM32MP257AAL3, STM32MP257CAI3, STM32MP257CAK3, STM32MP257CAL3, STM32MP257DAI3, STM32MP257DAK3, STM32MP257DAL3, STM32MP257F-DK, STM32MP257F-EV1, STM32MP257FAI3, STM32MP257FAK3, STM32MP257FAL3, STM32N645A0H3Q, STM32N645B0H3Q, STM32N645I0H3Q, STM32N645L0H3Q, STM32N645X0H3Q, STM32N645Z0H3Q, STM32N647A0H3Q, STM32N647B0H3Q, STM32N647I0H3Q, STM32N647L0H3Q, STM32N647X0H3Q, STM32N647Z0H3Q, STM32N655A0H3Q, STM32N655B0H3Q, STM32N655I0H3Q, STM32N655L0H3Q, STM32N655X0H3Q, STM32N655Z0H3Q, STM32N6570-DK, STM32N657A0H3Q, STM32N657B0H3Q, STM32N657I0H3Q, STM32N657L0H3Q, STM32N657X0H3Q, STM32N657Z0H3Q, STM32U031C6T6, STM32U031C6U6, STM32U031C8T6, STM32U031C8U6, STM32U031F4P6, STM32U031F6P6, STM32U031F8P6, STM32U031G6Y6TR, STM32U031G8Y6TR, STM32U031K4U6, STM32U031K6U6, STM32U031K8U6, STM32U031R6I6, STM32U031R6T6, STM32U031R8I6, STM32U031R8T6, STM32U073C8T6, STM32U073C8U6, STM32U073CBT6, STM32U073CBU6, STM32U073CCT6, STM32U073CCU6, STM32U073H8Y6TR, STM32U073HBY6TR, STM32U073HCY6TR, STM32U073K8U6, STM32U073KBU6, STM32U073KCU6, STM32U073M8I6, STM32U073M8T6, STM32U073MBI6, STM32U073MBT6, STM32U073MCI6, STM32U073MCT6, STM32U073R8I6, STM32U073R8T6, STM32U073RBI6, STM32U073RBT6, STM32U073RCI6, STM32U073RCT6, STM32U083C-DK, STM32U083CCT6, STM32U083CCU6, STM32U083HCY6TR, STM32U083KCU6, STM32U083MCI6, STM32U083MCT6, STM32U083RCI6, STM32U083RCT6, STM32U375CET6, STM32U375CET6Q, STM32U375CEU6, STM32U375CEU6Q, STM32U375CEY6QTR, STM32U375CGT6, STM32U375CGT6Q, STM32U375CGU6, STM32U375CGU6Q, STM32U375CGY6QTR, STM32U375KEU6, STM32U375KGU6, STM32U375REI6, STM32U375REI6Q, STM32U375RET6, STM32U375RET6Q, STM32U375REY6GTR, STM32U375REY6QTR, STM32U375RGI6, STM32U375RGI6Q, STM32U375RGT6, STM32U375RGT6Q, STM32U375RGY6GTR, STM32U375RGY6QTR, STM32U375VEI6, STM32U375VEI6Q, STM32U375VET6, STM32U375VET6Q, STM32U375VGI6, STM32U375VGI6Q, STM32U375VGT6, STM32U375VGT6Q, STM32U385CGT6, STM32U385CGT6Q, STM32U385CGU6, STM32U385CGU6Q, STM32U385CGY6QTR, STM32U385KGU6, STM32U385RGI6, STM32U385RGI6Q, STM32U385RGT6, STM32U385RGT6Q, STM32U385RGY6GTR, STM32U385RGY6QTR, STM32U385VGI6, STM32U385VGI6Q, STM32U385VGT6, STM32U385VGT6Q, STM32U535CBT6, STM32U535CBT6Q, STM32U535CBU6, STM32U535CBU6Q, STM32U535CCT6, STM32U535CCT6Q, STM32U535CCU6, STM32U535CCU6Q, STM32U535CET6, STM32U535CET6Q, STM32U535CEU6, STM32U535CEU6Q, STM32U535JEY6QTR, STM32U535NCY6QTR, STM32U535NEY6QTR, STM32U535RBI6, STM32U535RBI6Q, STM32U535RBT6, STM32U535RBT6Q, STM32U535RCI6, STM32U535RCI6Q, STM32U535RCT6, STM32U535RCT6Q, STM32U535REI6, STM32U535REI6Q, STM32U535RET6, STM32U535RET6Q, STM32U535VCI6, STM32U535VCI6Q, STM32U535VCT6, STM32U535VCT6Q, STM32U535VEI6, STM32U535VEI6Q, STM32U535VET6, STM32U535VET6Q, STM32U545CET6, STM32U545CET6Q, STM32U545CEU6, STM32U545CEU6Q, STM32U545JEY6QTR, STM32U545NEY6QTR, STM32U545REI6, STM32U545REI6Q, STM32U545RET6, STM32U545RET6Q, STM32U545VEI6, STM32U545VEI6Q, STM32U545VET6, STM32U545VET6Q, STM32U595AIH6, STM32U595AIH6Q, STM32U595AJH6, STM32U595AJH6Q, STM32U595QII6, STM32U595QII6Q, STM32U595QJI6, STM32U595QJI6Q, STM32U595RIT6, STM32U595RIT6Q, STM32U595RJT6, STM32U595RJT6Q, STM32U595VIT6, STM32U595VIT6Q, STM32U595VJT6, STM32U595VJT6Q, STM32U595ZIT6, STM32U595ZIT6Q, STM32U595ZIY6QTR, STM32U595ZJT6, STM32U595ZJT6Q, STM32U595ZJY6QTR, STM32U599BJY6QTR, STM32U599NIH6Q, STM32U599NJH6Q, STM32U599VIT6Q, STM32U599VJT6, STM32U599VJT6Q, STM32U599ZIT6Q, STM32U599ZIY6QTR, STM32U599ZJT6Q, STM32U599ZJY6QTR, STM32U5A5AJH6, STM32U5A5AJH6Q, STM32U5A5QII3Q , STM32U5A5QJI6, STM32U5A5QJI6Q, STM32U5A5RJT6, STM32U5A5RJT6Q, STM32U5A5VJT6, STM32U5A5VJT6Q, STM32U5A5ZJT6, STM32U5A5ZJT6Q, STM32U5A5ZJY6QTR, STM32U5A9BJY6QTR, STM32U5A9J-DK, STM32U5A9NJH6Q, STM32U5A9VJT6Q, STM32U5A9ZJT6Q, STM32U5A9ZJY6QTR, STM32U5F7VIT6, STM32U5F7VIT6Q, STM32U5F7VJT6, STM32U5F7VJT6Q, STM32U5F9BJY6QTR, STM32U5F9NJH6Q, STM32U5F9VIT6Q, STM32U5F9VJT6Q, STM32U5F9ZIJ6QTR, STM32U5F9ZIT6Q, STM32U5F9ZJJ6QTR, STM32U5F9ZJT6Q, STM32U5G7VJT6, STM32U5G7VJT6Q, STM32U5G9BJY6QTR, STM32U5G9J-DK1, STM32U5G9J-DK2, STM32U5G9NJH6Q, STM32U5G9VJT6Q, STM32U5G9ZJJ6QTR, STM32U5G9ZJT6Q, STM32WB05KZV6TR, STM32WB05KZV7TR, STM32WB05TZF6TR, STM32WB05TZF7TR, STM32WB06CCF6TR, STM32WB06CCF7TR, STM32WB06CCV6TR, STM32WB06CCV7TR, STM32WB06KCV6TR, STM32WB06KCV7TR, STM32WB07CCF6TR, STM32WB07CCF7TR, STM32WB07CCV6TR, STM32WB07CCV7TR, STM32WB07KCV6TR, STM32WB07KCV7TR, STM32WB09KEV6TR, STM32WB09KEV7TR, STM32WB09TEF6TR, STM32WB09TEF7TR, STM32WB1MMCH6, STM32WBA50KGU6, STM32WBA50KGU6TR, STM32WBA52CEU6, STM32WBA52CEU6TR, STM32WBA52CEU7, STM32WBA52CEU7TR, STM32WBA52CGU6, STM32WBA52CGU6TR, STM32WBA52CGU6U, STM32WBA52CGU7, STM32WBA52CGU7TR, STM32WBA52KEU6, STM32WBA52KEU6TR, STM32WBA52KGU6, STM32WBA52KGU6TR, STM32WBA54CEU6, STM32WBA54CEU6TR, STM32WBA54CEU7, STM32WBA54CEU7TR, STM32WBA54CGU6, STM32WBA54CGU6TR, STM32WBA54CGU7, STM32WBA54CGU7TR, STM32WBA54KEU6, STM32WBA54KEU6TR, STM32WBA54KEU7, STM32WBA54KEU7TR, STM32WBA54KGU6, STM32WBA54KGU6TR, STM32WBA54KGU7, STM32WBA54KGU7TR, STM32WBA55CEU6, STM32WBA55CEU6TR, STM32WBA55CEU7, STM32WBA55CEU7TR, STM32WBA55CGU6, STM32WBA55CGU6TR, STM32WBA55CGU6U, STM32WBA55CGU7, STM32WBA55CGU7TR, STM32WBA55G-DK1, STM32WBA55HEF6, STM32WBA55HEF7, STM32WBA55HGF6, STM32WBA55HGF7, STM32WBA55UEI6, STM32WBA55UEI6TR, STM32WBA55UEI7, STM32WBA55UEI7TR, STM32WBA55UGI6, STM32WBA55UGI6TR, STM32WBA55UGI7, STM32WBA55UGI7TR, STM32WBA5MMGH6TR, STM32WBA62MGF6, STM32WBA62MIF6, STM32WBA65MGF7, STM32WBA65MIF6, STM32WBA65MIF7, STM32WL30K8V6, STM32WL30KBV6, STM32WL31C8V6, STM32WL31CBV6, STM32WL31K8V6, STM32WL31KBV6, STM32WL33C8V6, STM32WL33C8V6X, STM32WL33CBV6, STM32WL33CBV6X, STM32WL33CCV6, STM32WL33CCV6A, STM32WL33CCV6X, STM32WL33K8V7, STM32WL33K8V7X, STM32WL33KBV7 , STM32WL33KBV7X, STM32WL33KCV7, STM32WL33KCV7X, STM32WL5MOCH6, STM32WL5MOCH6TR]
2025-12-24 07:52:21,987 [INFO] BoardInfo:889 - No configuration file found for board P-NUCLEO-WB55
2025-12-24 07:52:21,987 [INFO] DbBoards:161 - Kit is not supported: P-NUCLEO-WB55
2025-12-24 07:52:21,992 [INFO] BoardInfo:889 - No configuration file found for board STEVAL-BFA001V1B
2025-12-24 07:52:21,993 [INFO] DbBoards:161 - Kit is not supported: STEVAL-BFA001V1B
2025-12-24 07:52:21,995 [INFO] BoardInfo:889 - No configuration file found for board STEVAL-BFA001V2B
2025-12-24 07:52:21,996 [INFO] DbBoards:161 - Kit is not supported: STEVAL-BFA001V2B
2025-12-24 07:52:22,122 [INFO] DbBoards:168 - Found 212 boards, 209 are supported
2025-12-24 07:52:22,122 [INFO] DbBoards:169 - Found 212 boards, 43 of them is supported for  Bsp
2025-12-24 07:52:22,125 [INFO] ApiDb:423 - Load user favorites file /home/etienne.lima/.stm32cubeide/favorites.boards.txt: 1 item(s)
2025-12-24 07:52:22,126 [INFO] ApiDb:427 - User favorites Boards=[NUCLEO-F411RE]
2025-12-24 07:52:22,127 [INFO] DbBoards:198 - Set 1 / 1 favorites Boards
2025-12-24 07:52:22,127 [INFO] McuFinderGlobals:76 - Set McuFinderConnectedMode to true
2025-12-24 07:52:22,135 [INFO] MultiScanPanel:200 - Auto-refresh data requested => check proxy status ongoing
2025-12-24 07:52:22,138 [INFO] FinderPluginLoader:96 - Searching for filters in installed packs
2025-12-24 07:52:24,713 [INFO] LoadUrlFilesThread:185 - End of LoadServerUrlFiles without Thread
2025-12-24 07:52:24,749 [INFO] DetailPanel:341 - Set advertising image to /home/etienne.lima/STM32Cube/Repository//en.prom-st67w-expansion-board.png
2025-12-24 07:53:06,555 [INFO] McuFinderGlobals:76 - Set McuFinderConnectedMode to true
2025-12-24 07:53:06,559 [INFO] ApiDb:448 - Save user favorites file /home/etienne.lima/.stm32cubeide/favorites.mcus.txt: 0 item(s)
2025-12-24 07:53:06,559 [INFO] ApiDb:452 - User favorites MCUs=[]
2025-12-24 10:55:48,396 [INFO] MainUpdater:2872 - connection check result : 10
2025-12-24 10:55:48,696 [INFO] McuFinderGlobals:76 - Set McuFinderConnectedMode to true
2025-12-24 10:55:48,697 [INFO] MultiScanPanel:200 - Auto-refresh data requested => check proxy status ongoing
2025-12-24 10:55:48,698 [INFO] FinderPluginLoader:96 - Searching for filters in installed packs
2025-12-24 10:55:51,738 [INFO] LoadUrlFilesThread:185 - End of LoadServerUrlFiles without Thread
2025-12-24 10:55:51,739 [INFO] DetailPanel:341 - Set advertising image to /home/etienne.lima/STM32Cube/Repository//en.prom-st67w-expansion-board.png
2025-12-24 10:56:27,794 [INFO] McuFinderGlobals:76 - Set McuFinderConnectedMode to true
2025-12-24 10:56:27,802 [INFO] ApiDb:448 - Save user favorites file /home/etienne.lima/.stm32cubeide/favorites.mcus.txt: 0 item(s)
2025-12-24 10:56:27,803 [INFO] ApiDb:452 - User favorites MCUs=[]
2025-12-24 11:04:47,445 [ERROR] LogOutputStream:75 - [STDERR_REDIRECT] 
2025-12-24 11:25:36,656 [INFO] Activator:176 - 


2025-12-24 11:25:36,658 [INFO] Activator:177 - !SESSION log4j initialized
2025-12-24 11:25:44,749 [INFO] LogOutputStream:77 - [STDOUT_REDIRECT] 
2025-12-24 11:25:46,386 [INFO] ApplicationProperties:184 - Using Application install path: /opt/st/stm32cubeide_1.19.0/plugins/com.st.stm32cube.common.mx_6.15.0.202507011659
2025-12-24 11:25:46,405 [INFO] DbMcusXml:78 - Set database path to: /opt/st/stm32cubeide_1.19.0/plugins/com.st.stm32cube.common.mx_6.15.0.202507011659//db//mcu/
2025-12-24 11:25:46,405 [INFO] ApiDb:274 - Set plugin database path to: /opt/st/stm32cubeide_1.19.0/plugins/com.st.stm32cube.common.mx_6.15.0.202507011659//db//plugins/boardmanager/
2025-12-24 11:25:46,406 [WARN] ApiDb:259 - Overriding images path with different value:  => /opt/st/stm32cubeide_1.19.0/plugins/com.st.stm32cube.common.mx_6.15.0.202507011659//db//plugins/mcufinder/images/
2025-12-24 11:25:46,412 [INFO] ApiDb:250 - Set database path to: /home/etienne.lima/.stmcufinder/plugins/mcufinder//mcu/
2025-12-24 11:25:46,413 [INFO] DbMcusAds:125 - Set database path to: /home/etienne.lima/.stmcufinder/plugins/mcufinder//mcu/
2025-12-24 11:25:46,415 [INFO] CrossReferenceDbSqlite:203 - Set database path to: /home/etienne.lima/.stmcufinder/plugins/mcufinder//mcu/cs/
2025-12-24 11:25:46,636 [INFO] RulesReader:64 - Compatibility file has been processed (317 Rules)
2025-12-24 11:25:46,804 [INFO] DbMcusXml:78 - Set database path to: /opt/st/stm32cubeide_1.19.0/plugins/com.st.stm32cube.common.mx_6.15.0.202507011659//db//mcu/
2025-12-24 11:25:46,804 [INFO] ApiDb:274 - Set plugin database path to: /opt/st/stm32cubeide_1.19.0/plugins/com.st.stm32cube.common.mx_6.15.0.202507011659//db//plugins/boardmanager/
2025-12-24 11:25:46,805 [INFO] ApiDb:261 - Set plugin images path to: /opt/st/stm32cubeide_1.19.0/plugins/com.st.stm32cube.common.mx_6.15.0.202507011659//db//plugins/mcufinder/images/
2025-12-24 11:25:46,805 [WARN] DbFile:41 - Overriding database path with different value: /home/etienne.lima/.stmcufinder/plugins/mcufinder/ => /home/etienne.lima/.stmcufinder/plugins/mcufinder
2025-12-24 11:25:46,806 [INFO] ApiDb:250 - Set database path to: /home/etienne.lima/.stmcufinder/plugins/mcufinder//mcu/
2025-12-24 11:25:46,807 [WARN] DbFile:41 - Overriding database path with different value: /home/etienne.lima/.stmcufinder/plugins/mcufinder/ => /home/etienne.lima/.stmcufinder/plugins/mcufinder
2025-12-24 11:25:46,807 [INFO] DbMcusAds:125 - Set database path to: /home/etienne.lima/.stmcufinder/plugins/mcufinder//mcu/
2025-12-24 11:25:46,807 [WARN] DbFile:41 - Overriding database path with different value: /home/etienne.lima/.stmcufinder/plugins/mcufinder/ => /home/etienne.lima/.stmcufinder/plugins/mcufinder
2025-12-24 11:25:46,807 [WARN] DbFile:41 - Overriding database path with different value: /home/etienne.lima/.stmcufinder/plugins/mcufinder/ => /home/etienne.lima/.stmcufinder/plugins/mcufinder
2025-12-24 11:25:46,808 [INFO] CrossReferenceDbSqlite:203 - Set database path to: /home/etienne.lima/.stmcufinder/plugins/mcufinder//mcu/cs/
2025-12-24 11:25:46,973 [INFO] MainPanel:274 - HeapMemory: 268435456
2025-12-24 11:25:47,133 [INFO] DbMcusXml:78 - Set database path to: /opt/st/stm32cubeide_1.19.0/plugins/com.st.stm32cube.common.mx_6.15.0.202507011659//db//mcu/
2025-12-24 11:25:47,134 [INFO] ApiDb:274 - Set plugin database path to: /opt/st/stm32cubeide_1.19.0/plugins/com.st.stm32cube.common.mx_6.15.0.202507011659//db//plugins/boardmanager/
2025-12-24 11:25:47,134 [INFO] ApiDb:261 - Set plugin images path to: /opt/st/stm32cubeide_1.19.0/plugins/com.st.stm32cube.common.mx_6.15.0.202507011659//db//plugins/mcufinder/images/
2025-12-24 11:25:47,134 [WARN] DbFile:41 - Overriding database path with different value: /home/etienne.lima/.stmcufinder/plugins/mcufinder/ => /home/etienne.lima/.stmcufinder/plugins/mcufinder
2025-12-24 11:25:47,135 [INFO] ApiDb:250 - Set database path to: /home/etienne.lima/.stmcufinder/plugins/mcufinder//mcu/
2025-12-24 11:25:47,135 [WARN] DbFile:41 - Overriding database path with different value: /home/etienne.lima/.stmcufinder/plugins/mcufinder/ => /home/etienne.lima/.stmcufinder/plugins/mcufinder
2025-12-24 11:25:47,135 [INFO] DbMcusAds:125 - Set database path to: /home/etienne.lima/.stmcufinder/plugins/mcufinder//mcu/
2025-12-24 11:25:47,135 [WARN] DbFile:41 - Overriding database path with different value: /home/etienne.lima/.stmcufinder/plugins/mcufinder/ => /home/etienne.lima/.stmcufinder/plugins/mcufinder
2025-12-24 11:25:47,135 [WARN] DbFile:41 - Overriding database path with different value: /home/etienne.lima/.stmcufinder/plugins/mcufinder/ => /home/etienne.lima/.stmcufinder/plugins/mcufinder
2025-12-24 11:25:47,136 [INFO] CrossReferenceDbSqlite:203 - Set database path to: /home/etienne.lima/.stmcufinder/plugins/mcufinder//mcu/cs/
2025-12-24 11:25:47,164 [INFO] ApplicationProperties:184 - Using Application install path: /opt/st/stm32cubeide_1.19.0/plugins/com.st.stm32cube.common.mx_6.15.0.202507011659
2025-12-24 11:25:47,166 [INFO] PluginManage:196 - Search for loadable plugins [exclusion list=, ]
2025-12-24 11:25:47,170 [INFO] PluginManage:310 - Check plugin analytics
2025-12-24 11:25:47,618 [INFO] AnalyticsPlugin:253 - Accepted Software Licenses: 
2025-12-24 11:25:47,619 [INFO] AnalyticsPlugin:255 - Accepted CMSIS Pack Licenses: 
2025-12-24 11:25:47,627 [INFO] AnalyticsPlugin:257 - Accepted Firmware Licenses: FW.F4.1.28.0,FW.F4.1.27.0,FW.C0.1.4.0,FW.WB.1.23.0,FW.WL.1.3.0,FW.L4.1.18.0
2025-12-24 11:25:47,645 [INFO] PluginManage:359 - Loaded plugin analytics (category:tool,tabindex:-1)
2025-12-24 11:25:47,646 [INFO] PluginManage:310 - Check plugin cadmodel
2025-12-24 11:25:47,676 [INFO] CADModel:105 - Init CAD model plugin
2025-12-24 11:25:47,676 [INFO] PluginManage:359 - Loaded plugin cadmodel (category:power,tabindex:5)
2025-12-24 11:25:47,677 [INFO] PluginManage:310 - Check plugin clock
2025-12-24 11:25:47,731 [INFO] PluginManage:359 - Loaded plugin clock (category:base,tabindex:2)
2025-12-24 11:25:47,732 [INFO] PluginManage:310 - Check plugin ddr
2025-12-24 11:25:47,735 [INFO] PluginManage:359 - Loaded plugin ddr (category:tool,tabindex:6)
2025-12-24 11:25:47,735 [INFO] PluginManage:310 - Check plugin filemanager
2025-12-24 11:25:48,049 [INFO] PluginManage:359 - Loaded plugin filemanager (category:base,tabindex:10)
2025-12-24 11:25:48,050 [INFO] PluginManage:310 - Check plugin ipmanager
2025-12-24 11:25:48,058 [INFO] PluginManage:359 - Loaded plugin ipmanager (category:base,tabindex:5)
2025-12-24 11:25:48,059 [INFO] PluginManage:310 - Check plugin lpbam
2025-12-24 11:25:48,074 [INFO] PluginManage:359 - Loaded plugin lpbam (category:base,tabindex:0)
2025-12-24 11:25:48,075 [INFO] PluginManage:310 - Check plugin memorymap
2025-12-24 11:25:48,090 [INFO] PluginManage:359 - Loaded plugin memorymap (category:base,tabindex:4)
2025-12-24 11:25:48,091 [INFO] PluginManage:310 - Check plugin pinoutandconfiguration
2025-12-24 11:25:48,109 [INFO] PluginManage:359 - Loaded plugin pinoutandconfiguration (category:base,tabindex:1)
2025-12-24 11:25:48,109 [INFO] PluginManage:310 - Check plugin pinoutconfig
2025-12-24 11:25:48,251 [WARN] SupportedApi:132 - Cannot load RTOS API schema: s4s-elt-must-match.1: The content of 'definitions' must match (annotation?, (simpleType | complexType)?, (unique | key | keyref)*)). A problem was found starting at: attribute.
2025-12-24 11:25:48,476 [INFO] PluginManage:359 - Loaded plugin pinoutconfig (category:base,tabindex:0)
2025-12-24 11:25:48,477 [INFO] PluginManage:310 - Check plugin power
2025-12-24 11:25:48,498 [INFO] PluginManage:359 - Loaded plugin power (category:power,tabindex:4)
2025-12-24 11:25:48,498 [INFO] PluginManage:310 - Check plugin projectmanager
2025-12-24 11:25:48,530 [INFO] PluginManage:359 - Loaded plugin projectmanager (category:projectmanager,tabindex:4)
2025-12-24 11:25:48,531 [INFO] PluginManage:310 - Check plugin rif
2025-12-24 11:25:48,554 [INFO] PluginManage:359 - Loaded plugin rif (category:base,tabindex:3)
2025-12-24 11:25:48,554 [INFO] PluginManage:310 - Check plugin thirdparty
2025-12-24 11:25:48,859 [INFO] PluginManage:359 - Loaded plugin thirdparty (category:base,tabindex:-1)
2025-12-24 11:25:48,860 [INFO] PluginManage:310 - Check plugin tools
2025-12-24 11:25:48,859 [WARN] IntegrityCheckThread:84 - waiting for thirdparty lock release [integrity check]
2025-12-24 11:25:48,862 [INFO] IntegrityCheckThread:86 - entering critical section [integrity check]
2025-12-24 11:25:48,863 [INFO] ThirdPartyUpdaterWithRetryManager:70 - Updater plugin not ready yet. [1/15]
2025-12-24 11:25:48,873 [INFO] PluginManage:359 - Loaded plugin tools (category:base,tabindex:7)
2025-12-24 11:25:48,874 [INFO] PluginManage:310 - Check plugin tutovideos
2025-12-24 11:25:49,193 [INFO] PluginManage:359 - Loaded plugin tutovideos (category:base,tabindex:-1)
2025-12-24 11:25:49,193 [INFO] PluginManage:310 - Check plugin updater
2025-12-24 11:25:49,231 [INFO] PluginManage:359 - Loaded plugin updater (category:base,tabindex:12)
2025-12-24 11:25:49,232 [INFO] PluginManage:310 - Check plugin userauth
2025-12-24 11:25:49,238 [INFO] UserAuth:118 - Init User Auth plugin
2025-12-24 11:25:49,240 [INFO] PluginManage:359 - Loaded plugin userauth (category:base,tabindex:14)
2025-12-24 11:25:49,240 [INFO] PluginManage:283 - PluginManage : Loaded plugins [18]
2025-12-24 11:25:49,582 [INFO] PinOutPanel:1589 - setPackage(No Configuration,No Configuration)
2025-12-24 11:25:49,762 [INFO] CADModel:165 - CPN selected for project level
2025-12-24 11:25:49,763 [INFO] CADModel:114 - Register for checkConnection events
2025-12-24 11:25:49,804 [INFO] IPUIPlugin:80 - create IPUIPlugin
2025-12-24 11:25:49,806 [INFO] PluginManager:220 - loadIPPluginJar : add ddr_ctrl_phy
2025-12-24 11:25:49,825 [INFO] IPUIPlugin:80 - create IPUIPlugin
2025-12-24 11:25:49,826 [INFO] PluginManager:220 - loadIPPluginJar : add sai
2025-12-24 11:25:49,829 [INFO] IPUIPlugin:80 - create IPUIPlugin
2025-12-24 11:25:49,830 [INFO] PluginManager:220 - loadIPPluginJar : add fatfs
2025-12-24 11:25:49,837 [INFO] IPUIPlugin:80 - create IPUIPlugin
2025-12-24 11:25:49,837 [INFO] PluginManager:220 - loadIPPluginJar : add gfxmmu
2025-12-24 11:25:49,840 [INFO] IPUIPlugin:80 - create IPUIPlugin
2025-12-24 11:25:49,840 [INFO] PluginManager:220 - loadIPPluginJar : add quadspi
2025-12-24 11:25:49,845 [INFO] IPUIPlugin:80 - create IPUIPlugin
2025-12-24 11:25:49,845 [INFO] PluginManager:220 - loadIPPluginJar : add spi
2025-12-24 11:25:49,853 [INFO] IPUIPlugin:80 - create IPUIPlugin
2025-12-24 11:25:49,854 [INFO] PluginManager:220 - loadIPPluginJar : add opamp
2025-12-24 11:25:49,858 [INFO] IPUIPlugin:80 - create IPUIPlugin
2025-12-24 11:25:49,859 [INFO] PluginManager:220 - loadIPPluginJar : add usbx
2025-12-24 11:25:49,874 [INFO] IPUIPlugin:80 - create IPUIPlugin
2025-12-24 11:25:49,875 [INFO] PluginManager:220 - loadIPPluginJar : add dma
2025-12-24 11:25:49,880 [INFO] IPUIPlugin:80 - create IPUIPlugin
2025-12-24 11:25:49,881 [INFO] PluginManager:220 - loadIPPluginJar : add cryp
2025-12-24 11:25:49,889 [INFO] IPUIPlugin:80 - create IPUIPlugin
2025-12-24 11:25:49,890 [INFO] PluginManager:220 - loadIPPluginJar : add touchsensing
2025-12-24 11:25:49,907 [INFO] IPUIPlugin:80 - create IPUIPlugin
2025-12-24 11:25:49,908 [INFO] PluginManager:220 - loadIPPluginJar : add freertos
2025-12-24 11:25:49,927 [INFO] IPUIPlugin:80 - create IPUIPlugin
2025-12-24 11:25:49,927 [INFO] PluginManager:220 - loadIPPluginJar : add genericplugin
2025-12-24 11:25:49,929 [INFO] IPUIPlugin:80 - create IPUIPlugin
2025-12-24 11:25:49,930 [INFO] PluginManager:220 - loadIPPluginJar : add tsc
2025-12-24 11:25:49,946 [INFO] IPUIPlugin:80 - create IPUIPlugin
2025-12-24 11:25:49,946 [INFO] PluginManager:220 - loadIPPluginJar : add gic
2025-12-24 11:25:49,963 [INFO] IPUIPlugin:80 - create IPUIPlugin
2025-12-24 11:25:49,964 [INFO] PluginManager:220 - loadIPPluginJar : add stm32_wpan
2025-12-24 11:25:49,967 [INFO] IPUIPlugin:80 - create IPUIPlugin
2025-12-24 11:25:49,969 [INFO] PluginManager:220 - loadIPPluginJar : add i2s
2025-12-24 11:25:49,974 [INFO] IPUIPlugin:80 - create IPUIPlugin
2025-12-24 11:25:49,975 [INFO] PluginManager:220 - loadIPPluginJar : add extmemmanager
2025-12-24 11:25:49,977 [INFO] IPUIPlugin:80 - create IPUIPlugin
2025-12-24 11:25:49,978 [INFO] PluginManager:220 - loadIPPluginJar : add ts
2025-12-24 11:25:49,980 [INFO] IPUIPlugin:80 - create IPUIPlugin
2025-12-24 11:25:49,981 [INFO] PluginManager:220 - loadIPPluginJar : add ltdc
2025-12-24 11:25:49,983 [INFO] IPUIPlugin:80 - create IPUIPlugin
2025-12-24 11:25:49,984 [INFO] PluginManager:220 - loadIPPluginJar : add tracer_emb
2025-12-24 11:25:49,987 [INFO] IPUIPlugin:80 - create IPUIPlugin
2025-12-24 11:25:49,988 [INFO] PluginManager:220 - loadIPPluginJar : add can
2025-12-24 11:25:49,991 [INFO] IPUIPlugin:80 - create IPUIPlugin
2025-12-24 11:25:49,992 [INFO] PluginManager:220 - loadIPPluginJar : add aes
2025-12-24 11:25:49,994 [INFO] IPUIPlugin:80 - create IPUIPlugin
2025-12-24 11:25:49,996 [INFO] PluginManager:220 - loadIPPluginJar : add comp
2025-12-24 11:25:50,009 [INFO] IPUIPlugin:80 - create IPUIPlugin
2025-12-24 11:25:50,010 [INFO] PluginManager:220 - loadIPPluginJar : add i2c
2025-12-24 11:25:50,013 [INFO] IPUIPlugin:80 - create IPUIPlugin
2025-12-24 11:25:50,013 [INFO] PluginManager:220 - loadIPPluginJar : add lorawan
2025-12-24 11:25:50,015 [INFO] IPUIPlugin:80 - create IPUIPlugin
2025-12-24 11:25:50,016 [INFO] PluginManager:220 - loadIPPluginJar : add ucpd
2025-12-24 11:25:50,020 [INFO] IPUIPlugin:80 - create IPUIPlugin
2025-12-24 11:25:50,021 [INFO] PluginManager:220 - loadIPPluginJar : add hash
2025-12-24 11:25:50,027 [INFO] IPUIPlugin:80 - create IPUIPlugin
2025-12-24 11:25:50,027 [INFO] PluginManager:220 - loadIPPluginJar : add gpio
2025-12-24 11:25:50,032 [INFO] IPUIPlugin:80 - create IPUIPlugin
2025-12-24 11:25:50,033 [INFO] PluginManager:220 - loadIPPluginJar : add pdm2pcm
2025-12-24 11:25:50,041 [INFO] IPUIPlugin:80 - create IPUIPlugin
2025-12-24 11:25:50,042 [INFO] PluginManager:220 - loadIPPluginJar : add nvic
2025-12-24 11:25:50,046 [INFO] IPUIPlugin:80 - create IPUIPlugin
2025-12-24 11:25:50,046 [INFO] PluginManager:220 - loadIPPluginJar : add dma3
2025-12-24 11:25:50,051 [INFO] IPUIPlugin:80 - create IPUIPlugin
2025-12-24 11:25:50,052 [INFO] PluginManager:220 - loadIPPluginJar : add openamp
2025-12-24 11:25:50,056 [INFO] IPUIPlugin:80 - create IPUIPlugin
2025-12-24 11:25:50,057 [INFO] PluginManager:220 - loadIPPluginJar : add ipddr
2025-12-24 11:25:50,060 [INFO] IPUIPlugin:80 - create IPUIPlugin
2025-12-24 11:25:50,061 [INFO] PluginManager:220 - loadIPPluginJar : add gtzc
2025-12-24 11:25:50,062 [INFO] IPUIPlugin:80 - create IPUIPlugin
2025-12-24 11:25:50,063 [INFO] PluginManager:220 - loadIPPluginJar : add tim
2025-12-24 11:25:50,070 [INFO] IPUIPlugin:80 - create IPUIPlugin
2025-12-24 11:25:50,071 [INFO] PluginManager:220 - loadIPPluginJar : add fmc
2025-12-24 11:25:50,079 [INFO] IPUIPlugin:80 - create IPUIPlugin
2025-12-24 11:25:50,080 [INFO] PluginManager:220 - loadIPPluginJar : add i3c
2025-12-24 11:25:50,091 [INFO] IPUIPlugin:80 - create IPUIPlugin
2025-12-24 11:25:50,094 [INFO] PluginManager:220 - loadIPPluginJar : add plateformsettings
2025-12-24 11:25:50,098 [INFO] IPUIPlugin:80 - create IPUIPlugin
2025-12-24 11:25:50,098 [INFO] PluginManager:220 - loadIPPluginJar : add dfsdm
2025-12-24 11:25:50,112 [INFO] IPUIPlugin:80 - create IPUIPlugin
2025-12-24 11:25:50,113 [INFO] PluginManager:220 - loadIPPluginJar : add adc
2025-12-24 11:25:50,117 [INFO] IPUIPlugin:80 - create IPUIPlugin
2025-12-24 11:25:50,118 [INFO] PluginManager:220 - loadIPPluginJar : add usart
2025-12-24 11:25:50,129 [INFO] IPUIPlugin:80 - create IPUIPlugin
2025-12-24 11:25:50,129 [INFO] PluginManager:220 - loadIPPluginJar : add linkedlist
2025-12-24 11:25:50,132 [INFO] IPUIPlugin:80 - create IPUIPlugin
2025-12-24 11:25:50,133 [INFO] PluginManager:220 - loadIPPluginJar : add radio
2025-12-24 11:25:50,152 [INFO] IPUIPlugin:80 - create IPUIPlugin
2025-12-24 11:25:50,153 [INFO] PluginManager:220 - loadIPPluginJar : add mdma
2025-12-24 11:25:50,158 [INFO] IPUIPlugin:80 - create IPUIPlugin
2025-12-24 11:25:50,159 [INFO] PluginManager:220 - loadIPPluginJar : add resmgrutility
2025-12-24 11:25:50,315 [FATAL] Updater:351 - Updater called before beeing initialized
2025-12-24 11:25:50,372 [INFO] RulesReader:64 - Compatibility file has been processed (317 Rules)
2025-12-24 11:25:50,394 [INFO] RulesReader:64 - Compatibility file has been processed (317 Rules)
2025-12-24 11:25:50,406 [INFO] CADModel:165 - CPN selected for project level
2025-12-24 11:25:50,406 [INFO] CADModel:114 - Register for checkConnection events
2025-12-24 11:25:50,407 [FATAL] Updater:351 - Updater called before beeing initialized
2025-12-24 11:25:50,408 [ERROR] CADModel:125 - Updater not yet initialized, retry later 
2025-12-24 11:25:50,777 [FATAL] Updater:351 - Updater called before beeing initialized
2025-12-24 11:25:50,779 [INFO] CADModel:165 - CPN selected for project level
2025-12-24 11:25:50,780 [INFO] CADModel:114 - Register for checkConnection events
2025-12-24 11:25:50,780 [FATAL] Updater:351 - Updater called before beeing initialized
2025-12-24 11:25:50,781 [ERROR] CADModel:125 - Updater not yet initialized, retry later 
2025-12-24 11:25:50,787 [FATAL] Updater:351 - Updater called before beeing initialized
2025-12-24 11:25:51,099 [FATAL] Updater:351 - Updater called before beeing initialized
2025-12-24 11:25:51,116 [INFO] DbMcusAds:53 - JSON generation date=Mon Dec 15 20:11:46 BRT 2025 (1765840306209)
2025-12-24 11:25:51,117 [FATAL] Updater:351 - Updater called before beeing initialized
2025-12-24 11:25:51,225 [WARN] DetailPanel:346 - Failed to get advertising image, set to default
2025-12-24 11:25:51,427 [FATAL] Updater:351 - Updater called before beeing initialized
2025-12-24 11:25:51,430 [FATAL] Updater:351 - Updater called before beeing initialized
2025-12-24 11:25:51,431 [FATAL] Updater:351 - Updater called before beeing initialized
2025-12-24 11:25:51,431 [WARN] DetailPanel:346 - Failed to get advertising image, set to default
2025-12-24 11:25:51,433 [FATAL] Updater:351 - Updater called before beeing initialized
2025-12-24 11:25:51,547 [ERROR] Updater:1198 - MainUpdater not yet initialized. External WinMGr cannot be set.
2025-12-24 11:25:51,556 [INFO] Updater:1134 - Updater Version found : 6.15.0
2025-12-24 11:25:51,594 [INFO] ApplicationProperties:184 - Using Application install path: /opt/st/stm32cubeide_1.19.0/plugins/com.st.stm32cube.common.mx_6.15.0.202507011659
2025-12-24 11:25:51,864 [INFO] ThirdPartyUpdaterWithRetryManager:70 - Updater plugin not ready yet. [2/15]
2025-12-24 11:25:52,246 [INFO] MainUpdater:2872 - connection check result : 10
2025-12-24 11:25:52,246 [INFO] MainUpdater:289 - Updater Check For Update Now.
2025-12-24 11:25:52,247 [INFO] MicroXplorer:498 - Change Database Version : DB.6.0.150
2025-12-24 11:25:52,260 [INFO] McuFinderGlobals:63 - Set McuFinder mode to 2 (CubeIDE integrated)
2025-12-24 11:25:52,264 [INFO] UserAuth:487 - Internet connection configuration mode: 1
2025-12-24 11:25:52,299 [INFO] JxBrowserEngine:152 - Initiate JxBrowser Engine with user profile folder
2025-12-24 11:25:52,790 [INFO] CheckServerUpdateThread:120 - End of CheckServer Thread
2025-12-24 11:25:55,169 [WARN] PackLoader:240 - Cannot read IP mode file for STMicroelectronics.FP-SNS-MOTENVWB1.1.4.0
2025-12-24 11:25:55,184 [WARN] PackLoader:240 - Cannot read IP mode file for STMicroelectronics.FP-ATR-ASTRA1.2.0.2
2025-12-24 11:25:55,198 [WARN] PackLoader:240 - Cannot read IP mode file for STMicroelectronics.X-CUBE-SMBUS.2.1.0
2025-12-24 11:25:55,208 [WARN] PackLoader:240 - Cannot read IP mode file for STMicroelectronics.X-CUBE-ST60.1.0.0
2025-12-24 11:25:55,262 [WARN] PackLoader:240 - Cannot read IP mode file for STMicroelectronics.X-CUBE-AZRTOS-F7.1.1.0
2025-12-24 11:25:55,277 [WARN] PackLoader:240 - Cannot read IP mode file for Cesanta.I-CUBE-Mongoose.7.19.0
2025-12-24 11:25:55,286 [WARN] PackLoader:240 - Cannot read IP mode file for STMicroelectronics.FP-SNS-MOTENV1.5.1.0
2025-12-24 11:25:55,304 [WARN] PackLoader:240 - Cannot read IP mode file for WES.I-CUBE-Cesium.1.4.0
2025-12-24 11:25:55,353 [WARN] PackLoader:240 - Cannot read IP mode file for Infineon.AIROC-Wi-Fi-Bluetooth-STM32.1.7.1
2025-12-24 11:25:55,411 [WARN] PackLoader:240 - Cannot read IP mode file for STMicroelectronics.X-CUBE-AZRTOS-H7.3.4.0
2025-12-24 11:25:55,440 [WARN] PackLoader:240 - Cannot read IP mode file for STMicroelectronics.X-CUBE-DISPLAY.3.0.0
2025-12-24 11:25:55,464 [WARN] PackLoader:240 - Cannot read IP mode file for STMicroelectronics.X-CUBE-NFC10.1.0.0
2025-12-24 11:25:55,476 [WARN] PackLoader:240 - Cannot read IP mode file for STMicroelectronics.X-CUBE-ST60.1.1.0
2025-12-24 11:25:55,488 [WARN] PackLoader:240 - Cannot read IP mode file for emotas.I-CUBE-CANOPEN.1.3.0
2025-12-24 11:25:55,508 [WARN] PackLoader:240 - Cannot read IP mode file for STMicroelectronics.X-CUBE-GNSS1.7.1.0
2025-12-24 11:25:55,551 [WARN] PackLoader:240 - Cannot read IP mode file for STMicroelectronics.FP-SNS-STBOX1.2.1.0
2025-12-24 11:25:55,580 [WARN] PackLoader:240 - Cannot read IP mode file for STMicroelectronics.FP-SNS-SMARTAG2.1.2.0
2025-12-24 11:25:55,596 [WARN] PackLoader:240 - Cannot read IP mode file for STMicroelectronics.FP-SNS-FLIGHT1.5.1.0
2025-12-24 11:25:55,625 [INFO] LogOutputStream:77 - [STDOUT_REDIRECT] 1 : Invalid condition id : UX_CORESTACK_Condition cause : null
2025-12-24 11:25:55,628 [INFO] LogOutputStream:77 - [STDOUT_REDIRECT] 1 : Invalid condition id : UX_CORESTACK_Condition cause : null
2025-12-24 11:25:55,629 [INFO] LogOutputStream:77 - [STDOUT_REDIRECT] 1 : Invalid condition id : UX_CORESTACK_Condition cause : null
2025-12-24 11:25:55,630 [INFO] LogOutputStream:77 - [STDOUT_REDIRECT] 1 : Invalid condition id : UX_CORESTACK_Condition cause : null
2025-12-24 11:25:55,631 [INFO] LogOutputStream:77 - [STDOUT_REDIRECT] 1 : Invalid condition id : UX_CORESTACK_Condition cause : null
2025-12-24 11:25:55,639 [WARN] PackLoader:240 - Cannot read IP mode file for STMicroelectronics.X-CUBE-AZRTOS-WL.2.0.0
2025-12-24 11:25:55,658 [WARN] PackLoader:240 - Cannot read IP mode file for STMicroelectronics.FP-SNS-MOTENV1.5.0.0
2025-12-24 11:25:55,761 [WARN] PackLoader:240 - Cannot read IP mode file for STMicroelectronics.X-CUBE-AZRTOS-H7RS.1.2.0
2025-12-24 11:25:55,784 [WARN] PackLoader:240 - Cannot read IP mode file for STMicroelectronics.X-CUBE-BLE2.3.3.0
2025-12-24 11:25:56,025 [WARN] PackLoader:240 - Cannot read IP mode file for STMicroelectronics.X-CUBE-NFC9.1.0.0
2025-12-24 11:25:56,045 [WARN] PackLoader:240 - Cannot read IP mode file for wolfSSL.I-CUBE-wolfSSL.5.8.2
2025-12-24 11:25:56,057 [WARN] PackLoader:240 - Cannot read IP mode file for STMicroelectronics.X-CUBE-BLE1.7.1.0
2025-12-24 11:25:56,065 [WARN] PackLoader:240 - Cannot read IP mode file for wolfSSL.I-CUBE-wolfMQTT.1.19.2
2025-12-24 11:25:56,079 [WARN] PackLoader:240 - Cannot read IP mode file for STMicroelectronics.X-CUBE-FREERTOS.1.4.0
2025-12-24 11:25:56,101 [WARN] PackLoader:240 - Cannot read IP mode file for STMicroelectronics.X-CUBE-EEPRMA1.5.2.0
2025-12-24 11:25:56,118 [WARN] PackLoader:240 - Cannot read IP mode file for STMicroelectronics.X-CUBE-ST67W61.1.1.0
2025-12-24 11:25:56,238 [WARN] PackLoader:240 - Cannot read IP mode file for STMicroelectronics.X-CUBE-MEMS1.12.0.0
2025-12-24 11:25:56,466 [WARN] PackLoader:240 - Cannot read IP mode file for STMicroelectronics.X-CUBE-AZRTOS-G0.1.1.0
2025-12-24 11:25:56,620 [WARN] PackLoader:240 - Cannot read IP mode file for STMicroelectronics.X-CUBE-SAFEA1.1.2.2
2025-12-24 11:25:56,644 [WARN] PackLoader:240 - Cannot read IP mode file for STMicroelectronics.X-CUBE-NFC4.3.0.0
2025-12-24 11:25:56,680 [WARN] PackLoader:240 - Cannot read IP mode file for EmbeddedOffice.I-CUBE-FS-RTOS.1.0.1
2025-12-24 11:25:56,712 [WARN] PackLoader:240 - Cannot read IP mode file for STMicroelectronics.X-CUBE-WB05N.2.0.0
2025-12-24 11:25:56,728 [WARN] PackLoader:240 - Cannot read IP mode file for wolfSSL.I-CUBE-wolfTPM.3.8.0
2025-12-24 11:25:56,804 [WARN] PackLoader:240 - Cannot read IP mode file for STMicroelectronics.X-CUBE-TCPP.4.2.0
2025-12-24 11:25:56,825 [WARN] PackLoader:240 - Cannot read IP mode file for RealThread.X-CUBE-RT-Thread_Nano.4.1.1
2025-12-24 11:25:56,840 [WARN] PackLoader:240 - Cannot read IP mode file for STMicroelectronics.FP-ATR-SIGFOX1.3.2.0
2025-12-24 11:25:56,857 [WARN] PackLoader:240 - Cannot read IP mode file for ITTIA_DB.I-CUBE-ITTIADB.8.9.0
2025-12-24 11:25:56,885 [WARN] PackLoader:240 - Cannot read IP mode file for STMicroelectronics.X-CUBE-AI.10.2.0
2025-12-24 11:25:56,985 [WARN] PackLoader:240 - Cannot read IP mode file for SEGGER.I-CUBE-embOS.1.3.1
2025-12-24 11:25:57,085 [WARN] PackLoader:240 - Cannot read IP mode file for STMicroelectronics.X-CUBE-ALGOBUILD.1.4.0
2025-12-24 11:25:57,184 [WARN] PackLoader:240 - Cannot read IP mode file for STMicroelectronics.X-CUBE-MEMS1.11.3.0
2025-12-24 11:25:57,361 [WARN] PackLoader:240 - Cannot read IP mode file for STMicroelectronics.X-CUBE-PM33A1.1.0.0
2025-12-24 11:25:57,394 [WARN] PackLoader:240 - Cannot read IP mode file for STMicroelectronics.X-CUBE-AZRTOS-F4.1.1.0
2025-12-24 11:25:57,407 [WARN] PackLoader:240 - Cannot read IP mode file for STMicroelectronics.X-CUBE-ISPU.2.1.0
2025-12-24 11:25:57,579 [WARN] PackLoader:240 - Cannot read IP mode file for STMicroelectronics.X-CUBE-IPS.3.2.0
2025-12-24 11:25:57,606 [WARN] PackLoader:240 - Cannot read IP mode file for STMicroelectronics.X-CUBE-NFC12.1.0.0
2025-12-24 11:25:57,657 [WARN] PackLoader:240 - Cannot read IP mode file for STMicroelectronics.X-CUBE-AZRTOS-L5.2.0.0
2025-12-24 11:25:57,673 [WARN] PackLoader:240 - Cannot read IP mode file for STMicroelectronics.X-CUBE-NFC6.3.1.0
2025-12-24 11:25:57,685 [WARN] PackLoader:240 - Cannot read IP mode file for STMicroelectronics.X-CUBE-FREERTOS.1.3.1
2025-12-24 11:25:57,694 [WARN] PackLoader:240 - Cannot read IP mode file for STMicroelectronics.X-CUBE-TOUCHGFX.4.26.0
2025-12-24 11:25:57,703 [WARN] PackLoader:240 - Cannot read IP mode file for STMicroelectronics.FP-SNS-STAIOTCFT.1.0.0
2025-12-24 11:25:57,713 [WARN] PackLoader:240 - Cannot read IP mode file for STMicroelectronics.X-CUBE-DPower.1.3.0
2025-12-24 11:25:57,758 [WARN] ConditionMgr:438 - getConditionDescription Invalid condition id : LAN8742 Phy interface Condition cause : null
2025-12-24 11:25:57,759 [WARN] PackLoader:240 - Cannot read IP mode file for STMicroelectronics.X-CUBE-AZRTOS-L4.2.0.0
2025-12-24 11:25:57,762 [WARN] ConditionMgr:1044 - genDependencies : Invalid condition id : LAN8742 Phy interface Condition cause : null
2025-12-24 11:25:57,762 [WARN] ConditionMgr:1044 - genDependencies : Invalid condition id : LAN8742 Phy interface Condition cause : null
2025-12-24 11:25:57,764 [WARN] ConditionMgr:1044 - genDependencies : Invalid condition id : LAN8742 Phy interface Condition cause : null
2025-12-24 11:25:57,781 [WARN] PackLoader:240 - Cannot read IP mode file for STMicroelectronics.X-CUBE-SFXS2LP1.4.0.0
2025-12-24 11:25:57,801 [WARN] PackLoader:240 - Cannot read IP mode file for STMicroelectronics.X-CUBE-BLEMGR.4.1.0
2025-12-24 11:25:57,900 [WARN] ConditionMgr:438 - getConditionDescription Invalid condition id : UX DEVICE CLASS RTOS Condition cause : null
2025-12-24 11:25:57,901 [WARN] ConditionMgr:438 - getConditionDescription Invalid condition id : UX DEVICE CLASS RTOS Condition cause : null
2025-12-24 11:25:57,905 [WARN] PackLoader:240 - Cannot read IP mode file for STMicroelectronics.X-CUBE-AZRTOS-WB.2.0.0
2025-12-24 11:25:57,906 [WARN] ConditionMgr:1044 - genDependencies : Invalid condition id : UX DEVICE CLASS RTOS Condition cause : null
2025-12-24 11:25:57,907 [WARN] ConditionMgr:1044 - genDependencies : Invalid condition id : UX DEVICE CLASS RTOS Condition cause : null
2025-12-24 11:25:57,908 [WARN] ConditionMgr:1044 - genDependencies : Invalid condition id : UX DEVICE CLASS RTOS Condition cause : null
2025-12-24 11:25:57,909 [WARN] ConditionMgr:1044 - genDependencies : Invalid condition id : UX DEVICE CLASS RTOS Condition cause : null
2025-12-24 11:25:57,909 [WARN] ConditionMgr:1044 - genDependencies : Invalid condition id : UX DEVICE CLASS RTOS Condition cause : null
2025-12-24 11:25:57,951 [WARN] PackLoader:240 - Cannot read IP mode file for STMicroelectronics.X-CUBE-GNSS1.7.0.1
2025-12-24 11:25:57,982 [WARN] ConditionMgr:438 - getConditionDescription Invalid condition id : Cortex-A Device cause : null
2025-12-24 11:25:58,035 [WARN] ConditionMgr:1044 - genDependencies : Invalid condition id : Cortex-A Device cause : null
2025-12-24 11:25:58,035 [WARN] ConditionMgr:1044 - genDependencies : Invalid condition id : Cortex-A Device cause : null
2025-12-24 11:25:58,036 [WARN] ConditionMgr:1044 - genDependencies : Invalid condition id : Cortex-A Device cause : null
2025-12-24 11:25:58,062 [WARN] PackLoader:240 - Cannot read IP mode file for STMicroelectronics.X-CUBE-SUBG2.5.0.0
2025-12-24 11:25:58,110 [WARN] PackLoader:240 - Cannot read IP mode file for STMicroelectronics.X-CUBE-AZRTOS-H7RS.1.1.0
2025-12-24 11:25:58,155 [WARN] PackLoader:240 - Cannot read IP mode file for STMicroelectronics.X-CUBE-AZRTOS-G4.2.0.0
2025-12-24 11:25:58,167 [WARN] PackLoader:240 - Cannot read IP mode file for wolfSSL.I-CUBE-wolfSSH.1.4.20
2025-12-24 11:25:58,179 [WARN] PackLoader:240 - Cannot read IP mode file for STMicroelectronics.X-CUBE-NFC7.2.0.0
2025-12-24 11:25:58,193 [WARN] PackLoader:240 - Cannot read IP mode file for STMicroelectronics.X-CUBE-ALS.1.0.2
2025-12-24 11:25:58,210 [WARN] PackLoader:240 - Cannot read IP mode file for STMicroelectronics.X-CUBE-STSE01.1.0.0
2025-12-24 11:25:58,234 [WARN] PackLoader:240 - Cannot read IP mode file for STMicroelectronics.X-CUBE-TOF1.3.4.3
2025-12-24 11:25:58,251 [INFO] ThirdParty:978 - Integrity check success = true
2025-12-24 11:25:58,252 [INFO] IntegrityCheckThread:100 - exiting critical section [integrity check]
2025-12-24 11:25:58,253 [INFO] IntegrityCheckThread:103 - End integrity checks thread
2025-12-24 11:26:00,521 [INFO] WebApp:169 - Instantiating new browser for Auth
2025-12-24 11:26:03,080 [INFO] WebApp:463 - Apply proxy settings
2025-12-24 11:26:03,080 [INFO] WebApp:548 - Chromium requires no authentication
2025-12-24 11:26:03,098 [INFO] WebApp:491 - Direct internet connection detected
2025-12-24 11:26:03,195 [INFO] WebApp:900 - Register for checkConnection events
2025-12-24 11:26:03,196 [INFO] WebApp:463 - Apply proxy settings
2025-12-24 11:26:03,196 [INFO] WebApp:548 - Chromium requires no authentication
2025-12-24 11:26:03,248 [INFO] WebApp:491 - Direct internet connection detected
2025-12-24 11:26:03,601 [INFO] WebApp:225 - Starting web application
2025-12-24 11:26:03,602 [INFO] WebApp:593 - Web application path used /opt/st/stm32cubeide_1.19.0/plugins/com.st.stm32cube.common.mx_6.15.0.202507011659/db/plugins/mcufinder/reactClient1/index.html
2025-12-24 11:26:03,956 [INFO] WebApp:191 - Connection restablished
2025-12-24 11:26:04,310 [INFO] UserAuth:487 - Internet connection configuration mode: 1
2025-12-24 13:34:02,975 [ERROR] LogOutputStream:75 - [STDERR_REDIRECT] 
